<?xml version="1.0" encoding="UTF-8"?>
<testsuites name="OfflineClass" time="198.76" tests="5" failures="1" errors="0">
   <testsuite name="OfflineClass" tests="5" failures="1" errors="0" time="198.76" skipped="0" timestamp="2022-12-21 03:44:23" hostname="Asus - DESKTOP-SRK5D1D" id="Test Suites/OfflineClass">
      <properties>
         <property name="deviceName" value="Xiaomi Redmi Note 9 Pro (Android 11)"/>
         <property name="devicePlatform" value=""/>
         <property name="logFolder" value="E:\\SEMESTER 7\\MBKM\\Capstone Project\\CICD\\Mobile\\CapstoneWorkfitMobile\\Reports\\20221221_034405\\OfflineClass\\20221221_034405"/>
         <property name="logFiles" value="E:\\SEMESTER 7\\MBKM\\Capstone Project\\CICD\\Mobile\\CapstoneWorkfitMobile\\Reports\\20221221_034405\\OfflineClass\\20221221_034405\\appium.log, E:\\SEMESTER 7\\MBKM\\Capstone Project\\CICD\\Mobile\\CapstoneWorkfitMobile\\Reports\\20221221_034405\\OfflineClass\\20221221_034405\\execution0.log"/>
         <property name="attachments" value="E:\\SEMESTER 7\\MBKM\\Capstone Project\\CICD\\Mobile\\CapstoneWorkfitMobile\\Reports\\20221221_034405\\OfflineClass\\20221221_034405\\1671569120646.png"/>
         <property name="hostName" value="Asus - DESKTOP-SRK5D1D"/>
         <property name="os" value="Windows 10 64bit"/>
         <property name="appiumServerStatus" value="{&quot;value&quot;:{&quot;build&quot;:{&quot;version&quot;:&quot;1.22.3&quot;}},&quot;sessionId&quot;:null,&quot;status&quot;:0}"/>
         <property name="katalonVersion" value="8.3.0.208"/>
         <property name="deviceOS" value="Android"/>
         <property name="appiumVersion" value="1.22.3"/>
         <property name="deviceModel" value="Redmi Note 9 Pro"/>
         <property name="hostAddress" value="192.168.56.1"/>
         <property name="deviceManufacturer" value="Xiaomi"/>
         <property name="deviceId" value="9821f742"/>
         <property name="deviceName" value="Xiaomi Redmi Note 9 Pro (Android 11)"/>
         <property name="deviceOSVersion" value="11"/>
      </properties>
      <testcase name="Test Cases/Booking/Offline/TC_BookingClassOffline" time="58.43" classname="Test Cases/Booking/Offline/TC_BookingClassOffline" status="FAILED">
         <failure type="FAILED" message="Test Cases/Booking/Offline/TC_BookingClassOffline FAILED.
Reason:
com.kms.katalon.core.exception.StepFailedException: Object Object Repository/Search/S1/android.widget.EditText not found
	at com.kms.katalon.core.keyword.internal.KeywordMain.stepFailed(KeywordMain.groovy:50)
	at com.kms.katalon.core.mobile.keyword.internal.MobileKeywordMain.stepFailed(MobileKeywordMain.groovy:40)
	at com.kms.katalon.core.mobile.keyword.builtin.SetTextKeyword$_setText_closure1.doCall(SetTextKeyword.groovy:76)
	at com.kms.katalon.core.mobile.keyword.builtin.SetTextKeyword$_setText_closure1.call(SetTextKeyword.groovy)
	at com.kms.katalon.core.mobile.keyword.internal.MobileKeywordMain.runKeyword(MobileKeywordMain.groovy:21)
	at com.kms.katalon.core.mobile.keyword.builtin.SetTextKeyword.setText(SetTextKeyword.groovy:83)
	at com.kms.katalon.core.mobile.keyword.builtin.SetTextKeyword.execute(SetTextKeyword.groovy:66)
	at com.kms.katalon.core.keyword.internal.KeywordExecutor.executeKeywordForPlatform(KeywordExecutor.groovy:74)
	at com.kms.katalon.core.mobile.keyword.MobileBuiltInKeywords.setText(MobileBuiltInKeywords.groovy:1307)
	at com.kms.katalon.core.mobile.keyword.MobileBuiltInKeywords$setText$1.call(Unknown Source)
	at TC_BookingClassOffline.run(TC_BookingClassOffline:26)
	at com.kms.katalon.core.main.ScriptEngine.run(ScriptEngine.java:194)
	at com.kms.katalon.core.main.ScriptEngine.runScriptAsRawText(ScriptEngine.java:119)
	at com.kms.katalon.core.main.TestCaseExecutor.runScript(TestCaseExecutor.java:445)
	at com.kms.katalon.core.main.TestCaseExecutor.doExecute(TestCaseExecutor.java:436)
	at com.kms.katalon.core.main.TestCaseExecutor.processExecutionPhase(TestCaseExecutor.java:415)
	at com.kms.katalon.core.main.TestCaseExecutor.accessMainPhase(TestCaseExecutor.java:407)
	at com.kms.katalon.core.main.TestCaseExecutor.execute(TestCaseExecutor.java:284)
	at com.kms.katalon.core.common.CommonExecutor.accessTestCaseMainPhase(CommonExecutor.java:65)
	at com.kms.katalon.core.main.TestSuiteExecutor.accessTestSuiteMainPhase(TestSuiteExecutor.java:144)
	at com.kms.katalon.core.main.TestSuiteExecutor.execute(TestSuiteExecutor.java:106)
	at com.kms.katalon.core.main.TestCaseMain.startTestSuite(TestCaseMain.java:185)
	at com.kms.katalon.core.main.TestCaseMain$startTestSuite$0.call(Unknown Source)
	at TempTestSuite1671569045943.run(TempTestSuite1671569045943.groovy:36)
"/>
         <system-out><![CDATA[2022-12-21 03:44:23 - [TEST_CASE][FAILED] - Test Cases/Booking/Offline/TC_BookingClassOffline: Test Cases/Booking/Offline/TC_BookingClassOffline FAILED.
Reason:
com.kms.katalon.core.exception.StepFailedException: Object Object Repository/Search/S1/android.widget.EditText not found
	at com.kms.katalon.core.keyword.internal.KeywordMain.stepFailed(KeywordMain.groovy:50)
	at com.kms.katalon.core.mobile.keyword.internal.MobileKeywordMain.stepFailed(MobileKeywordMain.groovy:40)
	at com.kms.katalon.core.mobile.keyword.builtin.SetTextKeyword$_setText_closure1.doCall(SetTextKeyword.groovy:76)
	at com.kms.katalon.core.mobile.keyword.builtin.SetTextKeyword$_setText_closure1.call(SetTextKeyword.groovy)
	at com.kms.katalon.core.mobile.keyword.internal.MobileKeywordMain.runKeyword(MobileKeywordMain.groovy:21)
	at com.kms.katalon.core.mobile.keyword.builtin.SetTextKeyword.setText(SetTextKeyword.groovy:83)
	at com.kms.katalon.core.mobile.keyword.builtin.SetTextKeyword.execute(SetTextKeyword.groovy:66)
	at com.kms.katalon.core.keyword.internal.KeywordExecutor.executeKeywordForPlatform(KeywordExecutor.groovy:74)
	at com.kms.katalon.core.mobile.keyword.MobileBuiltInKeywords.setText(MobileBuiltInKeywords.groovy:1307)
	at com.kms.katalon.core.mobile.keyword.MobileBuiltInKeywords$setText$1.call(Unknown Source)
	at TC_BookingClassOffline.run(TC_BookingClassOffline:26)
	at com.kms.katalon.core.main.ScriptEngine.run(ScriptEngine.java:194)
	at com.kms.katalon.core.main.ScriptEngine.runScriptAsRawText(ScriptEngine.java:119)
	at com.kms.katalon.core.main.TestCaseExecutor.runScript(TestCaseExecutor.java:445)
	at com.kms.katalon.core.main.TestCaseExecutor.doExecute(TestCaseExecutor.java:436)
	at com.kms.katalon.core.main.TestCaseExecutor.processExecutionPhase(TestCaseExecutor.java:415)
	at com.kms.katalon.core.main.TestCaseExecutor.accessMainPhase(TestCaseExecutor.java:407)
	at com.kms.katalon.core.main.TestCaseExecutor.execute(TestCaseExecutor.java:284)
	at com.kms.katalon.core.common.CommonExecutor.accessTestCaseMainPhase(CommonExecutor.java:65)
	at com.kms.katalon.core.main.TestSuiteExecutor.accessTestSuiteMainPhase(TestSuiteExecutor.java:144)
	at com.kms.katalon.core.main.TestSuiteExecutor.execute(TestSuiteExecutor.java:106)
	at com.kms.katalon.core.main.TestCaseMain.startTestSuite(TestCaseMain.java:185)
	at com.kms.katalon.core.main.TestCaseMain$startTestSuite$0.call(Unknown Source)
	at TempTestSuite1671569045943.run(TempTestSuite1671569045943.groovy:36)


2022-12-21 03:44:24 - [TEST_STEP][PASSED] - startApplication("E:\SEMESTER 7\MBKM\Capstone Project\CICD\Aplikasi\Terbaru\app-release.apk", true): Started app at: 'E:\SEMESTER 7\MBKM\Capstone Project\CICD\Aplikasi\Terbaru\app-release.apk'

2022-12-21 03:44:24 - [MESSAGE][INFO] - Detected NodeJS location: "C:\Program Files\nodejs\node.exe"

2022-12-21 03:44:25 - [MESSAGE][INFO] - Appium server started on port 62,072

2022-12-21 03:44:47 - [MESSAGE][PASSED] - Started app at: 'E:\SEMESTER 7\MBKM\Capstone Project\CICD\Aplikasi\Terbaru\app-release.apk'

2022-12-21 03:44:47 - [TEST_STEP][PASSED] - tap(findTestObject("Object Repository/Search/S1/android.view.View"), 0): Tapped on element 'Object Repository/Search/S1/android.view.View'

2022-12-21 03:44:47 - [MESSAGE][WARNING] - Timeout '0' is invalid. Using default page load timeout: '30'

2022-12-21 03:44:49 - [MESSAGE][PASSED] - Tapped on element 'Object Repository/Search/S1/android.view.View'

2022-12-21 03:44:49 - [TEST_STEP][PASSED] - tap(findTestObject("Object Repository/Search/S1/android.widget.EditText - email address"), 0): Tapped on element 'Object Repository/Search/S1/android.widget.EditText - email address'

2022-12-21 03:44:49 - [MESSAGE][WARNING] - Timeout '0' is invalid. Using default page load timeout: '30'

2022-12-21 03:44:50 - [MESSAGE][PASSED] - Tapped on element 'Object Repository/Search/S1/android.widget.EditText - email address'

2022-12-21 03:44:50 - [TEST_STEP][FAILED] - setText(findTestObject("Object Repository/Search/S1/android.widget.EditText"), "qe1@gmail.com", 0): Failed to set text into element (Root cause: com.kms.katalon.core.exception.StepFailedException: Object Object Repository/Search/S1/android.widget.EditText not found
	at com.kms.katalon.core.keyword.internal.KeywordMain.stepFailed(KeywordMain.groovy:50)
	at com.kms.katalon.core.mobile.keyword.internal.MobileKeywordMain.stepFailed(MobileKeywordMain.groovy:40)
	at com.kms.katalon.core.mobile.keyword.builtin.SetTextKeyword$_setText_closure1.doCall(SetTextKeyword.groovy:76)
	at com.kms.katalon.core.mobile.keyword.builtin.SetTextKeyword$_setText_closure1.call(SetTextKeyword.groovy)
	at com.kms.katalon.core.mobile.keyword.internal.MobileKeywordMain.runKeyword(MobileKeywordMain.groovy:21)
	at com.kms.katalon.core.mobile.keyword.builtin.SetTextKeyword.setText(SetTextKeyword.groovy:83)
	at com.kms.katalon.core.mobile.keyword.builtin.SetTextKeyword.execute(SetTextKeyword.groovy:66)
	at com.kms.katalon.core.keyword.internal.KeywordExecutor.executeKeywordForPlatform(KeywordExecutor.groovy:74)
	at com.kms.katalon.core.mobile.keyword.MobileBuiltInKeywords.setText(MobileBuiltInKeywords.groovy:1307)
	at com.kms.katalon.core.mobile.keyword.MobileBuiltInKeywords$setText$1.call(Unknown Source)
	at TC_BookingClassOffline.run(TC_BookingClassOffline:26)
	at com.kms.katalon.core.main.ScriptEngine.run(ScriptEngine.java:194)
	at com.kms.katalon.core.main.ScriptEngine.runScriptAsRawText(ScriptEngine.java:119)
	at com.kms.katalon.core.main.TestCaseExecutor.runScript(TestCaseExecutor.java:445)
	at com.kms.katalon.core.main.TestCaseExecutor.doExecute(TestCaseExecutor.java:436)
	at com.kms.katalon.core.main.TestCaseExecutor.processExecutionPhase(TestCaseExecutor.java:415)
	at com.kms.katalon.core.main.TestCaseExecutor.accessMainPhase(TestCaseExecutor.java:407)
	at com.kms.katalon.core.main.TestCaseExecutor.execute(TestCaseExecutor.java:284)
	at com.kms.katalon.core.common.CommonExecutor.accessTestCaseMainPhase(CommonExecutor.java:65)
	at com.kms.katalon.core.main.TestSuiteExecutor.accessTestSuiteMainPhase(TestSuiteExecutor.java:144)
	at com.kms.katalon.core.main.TestSuiteExecutor.execute(TestSuiteExecutor.java:106)
	at com.kms.katalon.core.main.TestCaseMain.startTestSuite(TestCaseMain.java:185)
	at com.kms.katalon.core.main.TestCaseMain$startTestSuite$0.call(Unknown Source)
	at TempTestSuite1671569045943.run(TempTestSuite1671569045943.groovy:36)
)

2022-12-21 03:44:50 - [MESSAGE][WARNING] - Timeout '0' is invalid. Using default page load timeout: '30'

2022-12-21 03:45:20 - [MESSAGE][FAILED] - Object Object Repository/Search/S1/android.widget.EditText not found

2022-12-21 03:45:22 - [MESSAGE][FAILED] - Failed to set text into element (Root cause: com.kms.katalon.core.exception.StepFailedException: Object Object Repository/Search/S1/android.widget.EditText not found
	at com.kms.katalon.core.keyword.internal.KeywordMain.stepFailed(KeywordMain.groovy:50)
	at com.kms.katalon.core.mobile.keyword.internal.MobileKeywordMain.stepFailed(MobileKeywordMain.groovy:40)
	at com.kms.katalon.core.mobile.keyword.builtin.SetTextKeyword$_setText_closure1.doCall(SetTextKeyword.groovy:76)
	at com.kms.katalon.core.mobile.keyword.builtin.SetTextKeyword$_setText_closure1.call(SetTextKeyword.groovy)
	at com.kms.katalon.core.mobile.keyword.internal.MobileKeywordMain.runKeyword(MobileKeywordMain.groovy:21)
	at com.kms.katalon.core.mobile.keyword.builtin.SetTextKeyword.setText(SetTextKeyword.groovy:83)
	at com.kms.katalon.core.mobile.keyword.builtin.SetTextKeyword.execute(SetTextKeyword.groovy:66)
	at com.kms.katalon.core.keyword.internal.KeywordExecutor.executeKeywordForPlatform(KeywordExecutor.groovy:74)
	at com.kms.katalon.core.mobile.keyword.MobileBuiltInKeywords.setText(MobileBuiltInKeywords.groovy:1307)
	at com.kms.katalon.core.mobile.keyword.MobileBuiltInKeywords$setText$1.call(Unknown Source)
	at TC_BookingClassOffline.run(TC_BookingClassOffline:26)
	at com.kms.katalon.core.main.ScriptEngine.run(ScriptEngine.java:194)
	at com.kms.katalon.core.main.ScriptEngine.runScriptAsRawText(ScriptEngine.java:119)
	at com.kms.katalon.core.main.TestCaseExecutor.runScript(TestCaseExecutor.java:445)
	at com.kms.katalon.core.main.TestCaseExecutor.doExecute(TestCaseExecutor.java:436)
	at com.kms.katalon.core.main.TestCaseExecutor.processExecutionPhase(TestCaseExecutor.java:415)
	at com.kms.katalon.core.main.TestCaseExecutor.accessMainPhase(TestCaseExecutor.java:407)
	at com.kms.katalon.core.main.TestCaseExecutor.execute(TestCaseExecutor.java:284)
	at com.kms.katalon.core.common.CommonExecutor.accessTestCaseMainPhase(CommonExecutor.java:65)
	at com.kms.katalon.core.main.TestSuiteExecutor.accessTestSuiteMainPhase(TestSuiteExecutor.java:144)
	at com.kms.katalon.core.main.TestSuiteExecutor.execute(TestSuiteExecutor.java:106)
	at com.kms.katalon.core.main.TestCaseMain.startTestSuite(TestCaseMain.java:185)
	at com.kms.katalon.core.main.TestCaseMain$startTestSuite$0.call(Unknown Source)
	at TempTestSuite1671569045943.run(TempTestSuite1671569045943.groovy:36)
)
[[ATTACHMENT|E:\\SEMESTER 7\\MBKM\\Capstone Project\\CICD\\Mobile\\CapstoneWorkfitMobile\\Reports\\20221221_034405\\OfflineClass\\20221221_034405\\1671569120646.png]]]]></system-out>
         <system-err><![CDATA[2022-12-21 03:44:23 - [TEST_CASE][FAILED] - Test Cases/Booking/Offline/TC_BookingClassOffline: Test Cases/Booking/Offline/TC_BookingClassOffline FAILED.
Reason:
com.kms.katalon.core.exception.StepFailedException: Object Object Repository/Search/S1/android.widget.EditText not found
	at com.kms.katalon.core.keyword.internal.KeywordMain.stepFailed(KeywordMain.groovy:50)
	at com.kms.katalon.core.mobile.keyword.internal.MobileKeywordMain.stepFailed(MobileKeywordMain.groovy:40)
	at com.kms.katalon.core.mobile.keyword.builtin.SetTextKeyword$_setText_closure1.doCall(SetTextKeyword.groovy:76)
	at com.kms.katalon.core.mobile.keyword.builtin.SetTextKeyword$_setText_closure1.call(SetTextKeyword.groovy)
	at com.kms.katalon.core.mobile.keyword.internal.MobileKeywordMain.runKeyword(MobileKeywordMain.groovy:21)
	at com.kms.katalon.core.mobile.keyword.builtin.SetTextKeyword.setText(SetTextKeyword.groovy:83)
	at com.kms.katalon.core.mobile.keyword.builtin.SetTextKeyword.execute(SetTextKeyword.groovy:66)
	at com.kms.katalon.core.keyword.internal.KeywordExecutor.executeKeywordForPlatform(KeywordExecutor.groovy:74)
	at com.kms.katalon.core.mobile.keyword.MobileBuiltInKeywords.setText(MobileBuiltInKeywords.groovy:1307)
	at com.kms.katalon.core.mobile.keyword.MobileBuiltInKeywords$setText$1.call(Unknown Source)
	at TC_BookingClassOffline.run(TC_BookingClassOffline:26)
	at com.kms.katalon.core.main.ScriptEngine.run(ScriptEngine.java:194)
	at com.kms.katalon.core.main.ScriptEngine.runScriptAsRawText(ScriptEngine.java:119)
	at com.kms.katalon.core.main.TestCaseExecutor.runScript(TestCaseExecutor.java:445)
	at com.kms.katalon.core.main.TestCaseExecutor.doExecute(TestCaseExecutor.java:436)
	at com.kms.katalon.core.main.TestCaseExecutor.processExecutionPhase(TestCaseExecutor.java:415)
	at com.kms.katalon.core.main.TestCaseExecutor.accessMainPhase(TestCaseExecutor.java:407)
	at com.kms.katalon.core.main.TestCaseExecutor.execute(TestCaseExecutor.java:284)
	at com.kms.katalon.core.common.CommonExecutor.accessTestCaseMainPhase(CommonExecutor.java:65)
	at com.kms.katalon.core.main.TestSuiteExecutor.accessTestSuiteMainPhase(TestSuiteExecutor.java:144)
	at com.kms.katalon.core.main.TestSuiteExecutor.execute(TestSuiteExecutor.java:106)
	at com.kms.katalon.core.main.TestCaseMain.startTestSuite(TestCaseMain.java:185)
	at com.kms.katalon.core.main.TestCaseMain$startTestSuite$0.call(Unknown Source)
	at TempTestSuite1671569045943.run(TempTestSuite1671569045943.groovy:36)]]></system-err>
      </testcase>
      <testcase name="Test Cases/Booking/Offline/TC_BookingClassOffline_02" time="0.197" classname="Test Cases/Booking/Offline/TC_BookingClassOffline_02" status="PASSED">
         <system-out><![CDATA[2022-12-21 03:45:22 - [TEST_CASE][PASSED] - Test Cases/Booking/Offline/TC_BookingClassOffline_02: Test Cases/Booking/Offline/TC_BookingClassOffline_02

2022-12-21 03:45:22 - [TEST_STEP][PASSED] - return null: null]]></system-out>
         <system-err><![CDATA[]]></system-err>
      </testcase>
      <testcase name="Test Cases/Booking/Offline/TC_BookingClassOffline_03" time="43.318" classname="Test Cases/Booking/Offline/TC_BookingClassOffline_03" status="PASSED">
         <system-out><![CDATA[2022-12-21 03:45:22 - [TEST_CASE][PASSED] - Test Cases/Booking/Offline/TC_BookingClassOffline_03: Test Cases/Booking/Offline/TC_BookingClassOffline_03

2022-12-21 03:45:22 - [TEST_STEP][PASSED] - startApplication("E:\SEMESTER 7\MBKM\Capstone Project\CICD\Aplikasi\Terbaru\app-release.apk", true): Started app at: 'E:\SEMESTER 7\MBKM\Capstone Project\CICD\Aplikasi\Terbaru\app-release.apk'

2022-12-21 03:45:41 - [MESSAGE][PASSED] - Started app at: 'E:\SEMESTER 7\MBKM\Capstone Project\CICD\Aplikasi\Terbaru\app-release.apk'

2022-12-21 03:45:41 - [TEST_STEP][PASSED] - tap(findTestObject("Object Repository/BookingOffline/Book6/android.view.View"), 0): Tapped on element 'Object Repository/BookingOffline/Book6/android.view.View'

2022-12-21 03:45:41 - [MESSAGE][WARNING] - Timeout '0' is invalid. Using default page load timeout: '30'

2022-12-21 03:45:43 - [MESSAGE][PASSED] - Tapped on element 'Object Repository/BookingOffline/Book6/android.view.View'

2022-12-21 03:45:43 - [TEST_STEP][PASSED] - tap(findTestObject("Object Repository/BookingOffline/Book6/android.widget.EditText - email address"), 0): Tapped on element 'Object Repository/BookingOffline/Book6/android.widget.EditText - email address'

2022-12-21 03:45:43 - [MESSAGE][WARNING] - Timeout '0' is invalid. Using default page load timeout: '30'

2022-12-21 03:45:45 - [MESSAGE][PASSED] - Tapped on element 'Object Repository/BookingOffline/Book6/android.widget.EditText - email address'

2022-12-21 03:45:45 - [TEST_STEP][PASSED] - setText(findTestObject("Object Repository/BookingOffline/Book6/android.widget.EditText"), "qe1@gmail.com", 0): Text 'qe1@gmail.com' has been set to element 'Object Repository/BookingOffline/Book6/android.widget.EditText'

2022-12-21 03:45:45 - [MESSAGE][WARNING] - Timeout '0' is invalid. Using default page load timeout: '30'

2022-12-21 03:45:46 - [MESSAGE][PASSED] - Text 'qe1@gmail.com' has been set to element 'Object Repository/BookingOffline/Book6/android.widget.EditText'

2022-12-21 03:45:46 - [TEST_STEP][PASSED] - tap(findTestObject("Object Repository/BookingOffline/Book6/android.widget.EditText - password"), 0): Tapped on element 'Object Repository/BookingOffline/Book6/android.widget.EditText - password'

2022-12-21 03:45:46 - [MESSAGE][WARNING] - Timeout '0' is invalid. Using default page load timeout: '30'

2022-12-21 03:45:47 - [MESSAGE][PASSED] - Tapped on element 'Object Repository/BookingOffline/Book6/android.widget.EditText - password'

2022-12-21 03:45:47 - [TEST_STEP][PASSED] - setText(findTestObject("Object Repository/BookingOffline/Book6/android.widget.EditText (1)"), "12344321", 0): Text '12344321' has been set to element 'Object Repository/BookingOffline/Book6/android.widget.EditText (1)'

2022-12-21 03:45:48 - [MESSAGE][WARNING] - Timeout '0' is invalid. Using default page load timeout: '30'

2022-12-21 03:45:48 - [MESSAGE][PASSED] - Text '12344321' has been set to element 'Object Repository/BookingOffline/Book6/android.widget.EditText (1)'

2022-12-21 03:45:48 - [TEST_STEP][PASSED] - hideKeyboard(): Keyboard is hidden

2022-12-21 03:45:51 - [MESSAGE][PASSED] - Keyboard is hidden

2022-12-21 03:45:51 - [TEST_STEP][PASSED] - tap(findTestObject("Object Repository/BookingOffline/Book6/android.widget.Button"), 0): Tapped on element 'Object Repository/BookingOffline/Book6/android.widget.Button'

2022-12-21 03:45:51 - [MESSAGE][WARNING] - Timeout '0' is invalid. Using default page load timeout: '30'

2022-12-21 03:45:53 - [MESSAGE][PASSED] - Tapped on element 'Object Repository/BookingOffline/Book6/android.widget.Button'

2022-12-21 03:45:53 - [TEST_STEP][PASSED] - tap(findTestObject("Object Repository/BookingOffline/Book6/android.widget.ImageView"), 0): Tapped on element 'Object Repository/BookingOffline/Book6/android.widget.ImageView'

2022-12-21 03:45:53 - [MESSAGE][WARNING] - Timeout '0' is invalid. Using default page load timeout: '30'

2022-12-21 03:45:54 - [MESSAGE][PASSED] - Tapped on element 'Object Repository/BookingOffline/Book6/android.widget.ImageView'

2022-12-21 03:45:54 - [TEST_STEP][PASSED] - tap(findTestObject("Object Repository/BookingOffline/Book6/android.widget.Button (1)"), 0): Tapped on element 'Object Repository/BookingOffline/Book6/android.widget.Button (1)'

2022-12-21 03:45:54 - [MESSAGE][WARNING] - Timeout '0' is invalid. Using default page load timeout: '30'

2022-12-21 03:45:56 - [MESSAGE][PASSED] - Tapped on element 'Object Repository/BookingOffline/Book6/android.widget.Button (1)'

2022-12-21 03:45:56 - [TEST_STEP][PASSED] - tap(findTestObject("Object Repository/BookingOffline/Book6/android.widget.ImageView (1)"), 0): Tapped on element 'Object Repository/BookingOffline/Book6/android.widget.ImageView (1)'

2022-12-21 03:45:56 - [MESSAGE][WARNING] - Timeout '0' is invalid. Using default page load timeout: '30'

2022-12-21 03:45:56 - [MESSAGE][PASSED] - Tapped on element 'Object Repository/BookingOffline/Book6/android.widget.ImageView (1)'

2022-12-21 03:45:56 - [TEST_STEP][PASSED] - tap(findTestObject("Object Repository/BookingOffline/Book6/android.widget.Button (2)"), 0): Tapped on element 'Object Repository/BookingOffline/Book6/android.widget.Button (2)'

2022-12-21 03:45:56 - [MESSAGE][WARNING] - Timeout '0' is invalid. Using default page load timeout: '30'

2022-12-21 03:45:58 - [MESSAGE][PASSED] - Tapped on element 'Object Repository/BookingOffline/Book6/android.widget.Button (2)'

2022-12-21 03:45:58 - [TEST_STEP][PASSED] - tap(findTestObject("Object Repository/BookingOffline/Book6/android.widget.Button (3)"), 0): Tapped on element 'Object Repository/BookingOffline/Book6/android.widget.Button (3)'

2022-12-21 03:45:58 - [MESSAGE][WARNING] - Timeout '0' is invalid. Using default page load timeout: '30'

2022-12-21 03:45:59 - [MESSAGE][PASSED] - Tapped on element 'Object Repository/BookingOffline/Book6/android.widget.Button (3)'

2022-12-21 03:45:59 - [TEST_STEP][PASSED] - tap(findTestObject("Object Repository/BookingOffline/Book6/android.widget.Button (4)"), 0): Tapped on element 'Object Repository/BookingOffline/Book6/android.widget.Button (4)'

2022-12-21 03:45:59 - [MESSAGE][WARNING] - Timeout '0' is invalid. Using default page load timeout: '30'

2022-12-21 03:46:00 - [MESSAGE][PASSED] - Tapped on element 'Object Repository/BookingOffline/Book6/android.widget.Button (4)'

2022-12-21 03:46:00 - [TEST_STEP][PASSED] - tap(findTestObject("Object Repository/BookingOffline/Book6/android.widget.Button (5)"), 0): Tapped on element 'Object Repository/BookingOffline/Book6/android.widget.Button (5)'

2022-12-21 03:46:00 - [MESSAGE][WARNING] - Timeout '0' is invalid. Using default page load timeout: '30'

2022-12-21 03:46:01 - [MESSAGE][PASSED] - Tapped on element 'Object Repository/BookingOffline/Book6/android.widget.Button (5)'

2022-12-21 03:46:01 - [TEST_STEP][PASSED] - tap(findTestObject("Object Repository/BookingOffline/Book6/android.widget.Button (6)"), 0): Tapped on element 'Object Repository/BookingOffline/Book6/android.widget.Button (6)'

2022-12-21 03:46:02 - [MESSAGE][WARNING] - Timeout '0' is invalid. Using default page load timeout: '30'

2022-12-21 03:46:03 - [MESSAGE][PASSED] - Tapped on element 'Object Repository/BookingOffline/Book6/android.widget.Button (6)'

2022-12-21 03:46:03 - [TEST_STEP][PASSED] - tap(findTestObject("Object Repository/BookingOffline/Book6/android.widget.Button (7)"), 0): Tapped on element 'Object Repository/BookingOffline/Book6/android.widget.Button (7)'

2022-12-21 03:46:03 - [MESSAGE][WARNING] - Timeout '0' is invalid. Using default page load timeout: '30'

2022-12-21 03:46:04 - [MESSAGE][PASSED] - Tapped on element 'Object Repository/BookingOffline/Book6/android.widget.Button (7)'

2022-12-21 03:46:04 - [TEST_STEP][PASSED] - verifyElementText(findTestObject("Object Repository/BookingOffline/Book6/android.view.View (1)"), ""): Actual text and expected text of test object 'Object Repository/BookingOffline/Book6/android.view.View (1)' are matched.

2022-12-21 03:46:04 - [MESSAGE][PASSED] - Actual text and expected text of test object 'Object Repository/BookingOffline/Book6/android.view.View (1)' are matched.

2022-12-21 03:46:04 - [TEST_STEP][PASSED] - closeApplication(): Close app successfully

2022-12-21 03:46:05 - [MESSAGE][PASSED] - Close app successfully]]></system-out>
         <system-err><![CDATA[]]></system-err>
      </testcase>
      <testcase name="Test Cases/Booking/Offline/TC_BookingClassOffline_04" time="44.278" classname="Test Cases/Booking/Offline/TC_BookingClassOffline_04" status="PASSED">
         <system-out><![CDATA[2022-12-21 03:46:05 - [TEST_CASE][PASSED] - Test Cases/Booking/Offline/TC_BookingClassOffline_04: Test Cases/Booking/Offline/TC_BookingClassOffline_04

2022-12-21 03:46:06 - [TEST_STEP][PASSED] - startApplication("E:\SEMESTER 7\MBKM\Capstone Project\CICD\Aplikasi\Terbaru\app-release.apk", true): Started app at: 'E:\SEMESTER 7\MBKM\Capstone Project\CICD\Aplikasi\Terbaru\app-release.apk'

2022-12-21 03:46:06 - [MESSAGE][INFO] - Detected NodeJS location: "C:\Program Files\nodejs\node.exe"

2022-12-21 03:46:07 - [MESSAGE][INFO] - Appium server started on port 62,347

2022-12-21 03:46:29 - [MESSAGE][PASSED] - Started app at: 'E:\SEMESTER 7\MBKM\Capstone Project\CICD\Aplikasi\Terbaru\app-release.apk'

2022-12-21 03:46:29 - [TEST_STEP][PASSED] - tap(findTestObject("Object Repository/Booking1/Book4/android.view.View"), 0): Tapped on element 'Object Repository/Booking1/Book4/android.view.View'

2022-12-21 03:46:29 - [MESSAGE][WARNING] - Timeout '0' is invalid. Using default page load timeout: '30'

2022-12-21 03:46:31 - [MESSAGE][PASSED] - Tapped on element 'Object Repository/Booking1/Book4/android.view.View'

2022-12-21 03:46:31 - [TEST_STEP][PASSED] - tap(findTestObject("Object Repository/Booking1/Book4/android.widget.EditText - email address"), 0): Tapped on element 'Object Repository/Booking1/Book4/android.widget.EditText - email address'

2022-12-21 03:46:31 - [MESSAGE][WARNING] - Timeout '0' is invalid. Using default page load timeout: '30'

2022-12-21 03:46:32 - [MESSAGE][PASSED] - Tapped on element 'Object Repository/Booking1/Book4/android.widget.EditText - email address'

2022-12-21 03:46:32 - [TEST_STEP][PASSED] - setText(findTestObject("Object Repository/Booking1/Book4/android.widget.EditText"), "qe1@gmail.com", 0): Text 'qe1@gmail.com' has been set to element 'Object Repository/Booking1/Book4/android.widget.EditText'

2022-12-21 03:46:32 - [MESSAGE][WARNING] - Timeout '0' is invalid. Using default page load timeout: '30'

2022-12-21 03:46:34 - [MESSAGE][PASSED] - Text 'qe1@gmail.com' has been set to element 'Object Repository/Booking1/Book4/android.widget.EditText'

2022-12-21 03:46:34 - [TEST_STEP][PASSED] - tap(findTestObject("Object Repository/Booking1/Book4/android.widget.EditText - password"), 0): Tapped on element 'Object Repository/Booking1/Book4/android.widget.EditText - password'

2022-12-21 03:46:34 - [MESSAGE][WARNING] - Timeout '0' is invalid. Using default page load timeout: '30'

2022-12-21 03:46:35 - [MESSAGE][PASSED] - Tapped on element 'Object Repository/Booking1/Book4/android.widget.EditText - password'

2022-12-21 03:46:35 - [TEST_STEP][PASSED] - setText(findTestObject("Object Repository/Booking1/Book4/android.widget.EditText (1)"), "12344321", 0): Text '12344321' has been set to element 'Object Repository/Booking1/Book4/android.widget.EditText (1)'

2022-12-21 03:46:35 - [MESSAGE][WARNING] - Timeout '0' is invalid. Using default page load timeout: '30'

2022-12-21 03:46:36 - [MESSAGE][PASSED] - Text '12344321' has been set to element 'Object Repository/Booking1/Book4/android.widget.EditText (1)'

2022-12-21 03:46:36 - [TEST_STEP][PASSED] - hideKeyboard(): Keyboard is hidden

2022-12-21 03:46:39 - [MESSAGE][PASSED] - Keyboard is hidden

2022-12-21 03:46:39 - [TEST_STEP][PASSED] - tap(findTestObject("Object Repository/Booking1/Book4/android.widget.Button"), 0): Tapped on element 'Object Repository/Booking1/Book4/android.widget.Button'

2022-12-21 03:46:39 - [MESSAGE][WARNING] - Timeout '0' is invalid. Using default page load timeout: '30'

2022-12-21 03:46:39 - [MESSAGE][PASSED] - Tapped on element 'Object Repository/Booking1/Book4/android.widget.Button'

2022-12-21 03:46:39 - [TEST_STEP][PASSED] - tap(findTestObject("Object Repository/Booking1/Book4/android.widget.ImageView"), 0): Tapped on element 'Object Repository/Booking1/Book4/android.widget.ImageView'

2022-12-21 03:46:39 - [MESSAGE][WARNING] - Timeout '0' is invalid. Using default page load timeout: '30'

2022-12-21 03:46:41 - [MESSAGE][PASSED] - Tapped on element 'Object Repository/Booking1/Book4/android.widget.ImageView'

2022-12-21 03:46:41 - [TEST_STEP][PASSED] - tap(findTestObject("Object Repository/Booking1/Book4/android.widget.Button (1)"), 0): Tapped on element 'Object Repository/Booking1/Book4/android.widget.Button (1)'

2022-12-21 03:46:41 - [MESSAGE][WARNING] - Timeout '0' is invalid. Using default page load timeout: '30'

2022-12-21 03:46:43 - [MESSAGE][PASSED] - Tapped on element 'Object Repository/Booking1/Book4/android.widget.Button (1)'

2022-12-21 03:46:43 - [TEST_STEP][PASSED] - tap(findTestObject("Object Repository/Booking1/Book4/android.widget.EditText - Search"), 0): Tapped on element 'Object Repository/Booking1/Book4/android.widget.EditText - Search'

2022-12-21 03:46:43 - [MESSAGE][WARNING] - Timeout '0' is invalid. Using default page load timeout: '30'

2022-12-21 03:46:43 - [MESSAGE][PASSED] - Tapped on element 'Object Repository/Booking1/Book4/android.widget.EditText - Search'

2022-12-21 03:46:43 - [TEST_STEP][PASSED] - setText(findTestObject("Object Repository/Booking1/Book4/android.widget.EditText (2)"), "Zumba", 0): Text 'Zumba' has been set to element 'Object Repository/Booking1/Book4/android.widget.EditText (2)'

2022-12-21 03:46:43 - [MESSAGE][WARNING] - Timeout '0' is invalid. Using default page load timeout: '30'

2022-12-21 03:46:45 - [MESSAGE][PASSED] - Text 'Zumba' has been set to element 'Object Repository/Booking1/Book4/android.widget.EditText (2)'

2022-12-21 03:46:45 - [TEST_STEP][PASSED] - tap(findTestObject("Object Repository/Booking1/Book4/android.widget.ImageView (1)"), 0): Tapped on element 'Object Repository/Booking1/Book4/android.widget.ImageView (1)'

2022-12-21 03:46:45 - [MESSAGE][WARNING] - Timeout '0' is invalid. Using default page load timeout: '30'

2022-12-21 03:46:46 - [MESSAGE][PASSED] - Tapped on element 'Object Repository/Booking1/Book4/android.widget.ImageView (1)'

2022-12-21 03:46:46 - [TEST_STEP][PASSED] - tap(findTestObject("Object Repository/Booking1/Book4/android.widget.Button (2)"), 0): Tapped on element 'Object Repository/Booking1/Book4/android.widget.Button (2)'

2022-12-21 03:46:46 - [MESSAGE][WARNING] - Timeout '0' is invalid. Using default page load timeout: '30'

2022-12-21 03:46:47 - [MESSAGE][PASSED] - Tapped on element 'Object Repository/Booking1/Book4/android.widget.Button (2)'

2022-12-21 03:46:47 - [TEST_STEP][PASSED] - tap(findTestObject("Object Repository/Booking1/Book4/android.widget.Button (3)"), 0): Tapped on element 'Object Repository/Booking1/Book4/android.widget.Button (3)'

2022-12-21 03:46:47 - [MESSAGE][WARNING] - Timeout '0' is invalid. Using default page load timeout: '30'

2022-12-21 03:46:48 - [MESSAGE][PASSED] - Tapped on element 'Object Repository/Booking1/Book4/android.widget.Button (3)'

2022-12-21 03:46:48 - [TEST_STEP][PASSED] - verifyElementText(findTestObject("Object Repository/Booking1/Book4/android.view.View (1)"), ""): Actual text and expected text of test object 'Object Repository/Booking1/Book4/android.view.View (1)' are matched.

2022-12-21 03:46:48 - [MESSAGE][PASSED] - Actual text and expected text of test object 'Object Repository/Booking1/Book4/android.view.View (1)' are matched.

2022-12-21 03:46:48 - [TEST_STEP][PASSED] - closeApplication(): Close app successfully

2022-12-21 03:46:50 - [MESSAGE][PASSED] - Close app successfully]]></system-out>
         <system-err><![CDATA[]]></system-err>
      </testcase>
      <testcase name="Test Cases/Booking/Offline/TC_BookingClassOffline_11" time="52.304" classname="Test Cases/Booking/Offline/TC_BookingClassOffline_11" status="PASSED">
         <system-out><![CDATA[2022-12-21 03:46:50 - [TEST_CASE][PASSED] - Test Cases/Booking/Offline/TC_BookingClassOffline_11: Test Cases/Booking/Offline/TC_BookingClassOffline_11

2022-12-21 03:46:50 - [TEST_STEP][PASSED] - startApplication("E:\SEMESTER 7\MBKM\Capstone Project\CICD\Aplikasi\Terbaru\app-release.apk", true): Started app at: 'E:\SEMESTER 7\MBKM\Capstone Project\CICD\Aplikasi\Terbaru\app-release.apk'

2022-12-21 03:46:50 - [MESSAGE][INFO] - Detected NodeJS location: "C:\Program Files\nodejs\node.exe"

2022-12-21 03:46:52 - [MESSAGE][INFO] - Appium server started on port 62,493

2022-12-21 03:47:18 - [MESSAGE][PASSED] - Started app at: 'E:\SEMESTER 7\MBKM\Capstone Project\CICD\Aplikasi\Terbaru\app-release.apk'

2022-12-21 03:47:18 - [TEST_STEP][PASSED] - tap(findTestObject("Object Repository/BookingOffline/Book5/android.view.View"), 0): Tapped on element 'Object Repository/BookingOffline/Book5/android.view.View'

2022-12-21 03:47:18 - [MESSAGE][WARNING] - Timeout '0' is invalid. Using default page load timeout: '30'

2022-12-21 03:47:20 - [MESSAGE][PASSED] - Tapped on element 'Object Repository/BookingOffline/Book5/android.view.View'

2022-12-21 03:47:20 - [TEST_STEP][PASSED] - tap(findTestObject("Object Repository/BookingOffline/Book5/android.widget.EditText - email address"), 0): Tapped on element 'Object Repository/BookingOffline/Book5/android.widget.EditText - email address'

2022-12-21 03:47:20 - [MESSAGE][WARNING] - Timeout '0' is invalid. Using default page load timeout: '30'

2022-12-21 03:47:21 - [MESSAGE][PASSED] - Tapped on element 'Object Repository/BookingOffline/Book5/android.widget.EditText - email address'

2022-12-21 03:47:21 - [TEST_STEP][PASSED] - setText(findTestObject("Object Repository/BookingOffline/Book5/android.widget.EditText"), "qe1@gmail.com", 0): Text 'qe1@gmail.com' has been set to element 'Object Repository/BookingOffline/Book5/android.widget.EditText'

2022-12-21 03:47:21 - [MESSAGE][WARNING] - Timeout '0' is invalid. Using default page load timeout: '30'

2022-12-21 03:47:23 - [MESSAGE][PASSED] - Text 'qe1@gmail.com' has been set to element 'Object Repository/BookingOffline/Book5/android.widget.EditText'

2022-12-21 03:47:23 - [TEST_STEP][PASSED] - tap(findTestObject("Object Repository/BookingOffline/Book5/android.widget.EditText - password"), 0): Tapped on element 'Object Repository/BookingOffline/Book5/android.widget.EditText - password'

2022-12-21 03:47:23 - [MESSAGE][WARNING] - Timeout '0' is invalid. Using default page load timeout: '30'

2022-12-21 03:47:23 - [MESSAGE][PASSED] - Tapped on element 'Object Repository/BookingOffline/Book5/android.widget.EditText - password'

2022-12-21 03:47:23 - [TEST_STEP][PASSED] - setText(findTestObject("Object Repository/BookingOffline/Book5/android.widget.EditText (1)"), "12344321", 0): Text '12344321' has been set to element 'Object Repository/BookingOffline/Book5/android.widget.EditText (1)'

2022-12-21 03:47:23 - [MESSAGE][WARNING] - Timeout '0' is invalid. Using default page load timeout: '30'

2022-12-21 03:47:24 - [MESSAGE][PASSED] - Text '12344321' has been set to element 'Object Repository/BookingOffline/Book5/android.widget.EditText (1)'

2022-12-21 03:47:24 - [TEST_STEP][PASSED] - hideKeyboard(): Keyboard is hidden

2022-12-21 03:47:27 - [MESSAGE][PASSED] - Keyboard is hidden

2022-12-21 03:47:27 - [TEST_STEP][PASSED] - tap(findTestObject("Object Repository/BookingOffline/Book5/android.widget.Button"), 0): Tapped on element 'Object Repository/BookingOffline/Book5/android.widget.Button'

2022-12-21 03:47:28 - [MESSAGE][WARNING] - Timeout '0' is invalid. Using default page load timeout: '30'

2022-12-21 03:47:28 - [MESSAGE][PASSED] - Tapped on element 'Object Repository/BookingOffline/Book5/android.widget.Button'

2022-12-21 03:47:28 - [TEST_STEP][PASSED] - tap(findTestObject("Object Repository/BookingOffline/Book5/android.widget.ImageView"), 0): Tapped on element 'Object Repository/BookingOffline/Book5/android.widget.ImageView'

2022-12-21 03:47:28 - [MESSAGE][WARNING] - Timeout '0' is invalid. Using default page load timeout: '30'

2022-12-21 03:47:30 - [MESSAGE][PASSED] - Tapped on element 'Object Repository/BookingOffline/Book5/android.widget.ImageView'

2022-12-21 03:47:30 - [TEST_STEP][PASSED] - tap(findTestObject("Object Repository/BookingOffline/Book5/android.widget.Button (1)"), 0): Tapped on element 'Object Repository/BookingOffline/Book5/android.widget.Button (1)'

2022-12-21 03:47:30 - [MESSAGE][WARNING] - Timeout '0' is invalid. Using default page load timeout: '30'

2022-12-21 03:47:32 - [MESSAGE][PASSED] - Tapped on element 'Object Repository/BookingOffline/Book5/android.widget.Button (1)'

2022-12-21 03:47:32 - [TEST_STEP][PASSED] - tap(findTestObject("Object Repository/BookingOffline/Book5/android.widget.EditText - Search"), 0): Tapped on element 'Object Repository/BookingOffline/Book5/android.widget.EditText - Search'

2022-12-21 03:47:32 - [MESSAGE][WARNING] - Timeout '0' is invalid. Using default page load timeout: '30'

2022-12-21 03:47:32 - [MESSAGE][PASSED] - Tapped on element 'Object Repository/BookingOffline/Book5/android.widget.EditText - Search'

2022-12-21 03:47:32 - [TEST_STEP][PASSED] - setText(findTestObject("Object Repository/BookingOffline/Book5/android.widget.EditText (2)"), "Zumba", 0): Text 'Zumba' has been set to element 'Object Repository/BookingOffline/Book5/android.widget.EditText (2)'

2022-12-21 03:47:32 - [MESSAGE][WARNING] - Timeout '0' is invalid. Using default page load timeout: '30'

2022-12-21 03:47:33 - [MESSAGE][PASSED] - Text 'Zumba' has been set to element 'Object Repository/BookingOffline/Book5/android.widget.EditText (2)'

2022-12-21 03:47:33 - [TEST_STEP][PASSED] - tap(findTestObject("Object Repository/BookingOffline/Book5/android.widget.ImageView (1)"), 0): Tapped on element 'Object Repository/BookingOffline/Book5/android.widget.ImageView (1)'

2022-12-21 03:47:33 - [MESSAGE][WARNING] - Timeout '0' is invalid. Using default page load timeout: '30'

2022-12-21 03:47:34 - [MESSAGE][PASSED] - Tapped on element 'Object Repository/BookingOffline/Book5/android.widget.ImageView (1)'

2022-12-21 03:47:34 - [TEST_STEP][PASSED] - tap(findTestObject("Object Repository/BookingOffline/Book5/android.widget.Button (2)"), 0): Tapped on element 'Object Repository/BookingOffline/Book5/android.widget.Button (2)'

2022-12-21 03:47:34 - [MESSAGE][WARNING] - Timeout '0' is invalid. Using default page load timeout: '30'

2022-12-21 03:47:36 - [MESSAGE][PASSED] - Tapped on element 'Object Repository/BookingOffline/Book5/android.widget.Button (2)'

2022-12-21 03:47:36 - [TEST_STEP][PASSED] - tap(findTestObject("Object Repository/BookingOffline/Book5/android.widget.Button (3)"), 0): Tapped on element 'Object Repository/BookingOffline/Book5/android.widget.Button (3)'

2022-12-21 03:47:36 - [MESSAGE][WARNING] - Timeout '0' is invalid. Using default page load timeout: '30'

2022-12-21 03:47:37 - [MESSAGE][PASSED] - Tapped on element 'Object Repository/BookingOffline/Book5/android.widget.Button (3)'

2022-12-21 03:47:37 - [TEST_STEP][PASSED] - tap(findTestObject("Object Repository/BookingOffline/Book5/android.widget.Button (4)"), 0): Tapped on element 'Object Repository/BookingOffline/Book5/android.widget.Button (4)'

2022-12-21 03:47:37 - [MESSAGE][WARNING] - Timeout '0' is invalid. Using default page load timeout: '30'

2022-12-21 03:47:39 - [MESSAGE][PASSED] - Tapped on element 'Object Repository/BookingOffline/Book5/android.widget.Button (4)'

2022-12-21 03:47:39 - [TEST_STEP][PASSED] - tap(findTestObject("Object Repository/BookingOffline/Book5/android.widget.Button (5)"), 0): Tapped on element 'Object Repository/BookingOffline/Book5/android.widget.Button (5)'

2022-12-21 03:47:39 - [MESSAGE][WARNING] - Timeout '0' is invalid. Using default page load timeout: '30'

2022-12-21 03:47:39 - [MESSAGE][PASSED] - Tapped on element 'Object Repository/BookingOffline/Book5/android.widget.Button (5)'

2022-12-21 03:47:39 - [TEST_STEP][PASSED] - tap(findTestObject("Object Repository/BookingOffline/Book5/android.widget.Button (6)"), 0): Tapped on element 'Object Repository/BookingOffline/Book5/android.widget.Button (6)'

2022-12-21 03:47:39 - [MESSAGE][WARNING] - Timeout '0' is invalid. Using default page load timeout: '30'

2022-12-21 03:47:40 - [MESSAGE][PASSED] - Tapped on element 'Object Repository/BookingOffline/Book5/android.widget.Button (6)'

2022-12-21 03:47:40 - [TEST_STEP][PASSED] - verifyElementText(findTestObject("Object Repository/BookingOffline/Book5/android.view.View (1)"), ""): Actual text and expected text of test object 'Object Repository/BookingOffline/Book5/android.view.View (1)' are matched.

2022-12-21 03:47:41 - [MESSAGE][PASSED] - Actual text and expected text of test object 'Object Repository/BookingOffline/Book5/android.view.View (1)' are matched.

2022-12-21 03:47:41 - [TEST_STEP][PASSED] - closeApplication(): Close app successfully

2022-12-21 03:47:42 - [MESSAGE][PASSED] - Close app successfully]]></system-out>
         <system-err><![CDATA[]]></system-err>
      </testcase>
      <system-out><![CDATA[2022-12-21 03:44:23 - [TEST_SUITE][FAILED] - OfflineClass: Test Cases/Booking/Offline/TC_BookingClassOffline FAILED.
Reason:
com.kms.katalon.core.exception.StepFailedException: Object Object Repository/Search/S1/android.widget.EditText not found
	at com.kms.katalon.core.keyword.internal.KeywordMain.stepFailed(KeywordMain.groovy:50)
	at com.kms.katalon.core.mobile.keyword.internal.MobileKeywordMain.stepFailed(MobileKeywordMain.groovy:40)
	at com.kms.katalon.core.mobile.keyword.builtin.SetTextKeyword$_setText_closure1.doCall(SetTextKeyword.groovy:76)
	at com.kms.katalon.core.mobile.keyword.builtin.SetTextKeyword$_setText_closure1.call(SetTextKeyword.groovy)
	at com.kms.katalon.core.mobile.keyword.internal.MobileKeywordMain.runKeyword(MobileKeywordMain.groovy:21)
	at com.kms.katalon.core.mobile.keyword.builtin.SetTextKeyword.setText(SetTextKeyword.groovy:83)
	at com.kms.katalon.core.mobile.keyword.builtin.SetTextKeyword.execute(SetTextKeyword.groovy:66)
	at com.kms.katalon.core.keyword.internal.KeywordExecutor.executeKeywordForPlatform(KeywordExecutor.groovy:74)
	at com.kms.katalon.core.mobile.keyword.MobileBuiltInKeywords.setText(MobileBuiltInKeywords.groovy:1307)
	at com.kms.katalon.core.mobile.keyword.MobileBuiltInKeywords$setText$1.call(Unknown Source)
	at TC_BookingClassOffline.run(TC_BookingClassOffline:26)
	at com.kms.katalon.core.main.ScriptEngine.run(ScriptEngine.java:194)
	at com.kms.katalon.core.main.ScriptEngine.runScriptAsRawText(ScriptEngine.java:119)
	at com.kms.katalon.core.main.TestCaseExecutor.runScript(TestCaseExecutor.java:445)
	at com.kms.katalon.core.main.TestCaseExecutor.doExecute(TestCaseExecutor.java:436)
	at com.kms.katalon.core.main.TestCaseExecutor.processExecutionPhase(TestCaseExecutor.java:415)
	at com.kms.katalon.core.main.TestCaseExecutor.accessMainPhase(TestCaseExecutor.java:407)
	at com.kms.katalon.core.main.TestCaseExecutor.execute(TestCaseExecutor.java:284)
	at com.kms.katalon.core.common.CommonExecutor.accessTestCaseMainPhase(CommonExecutor.java:65)
	at com.kms.katalon.core.main.TestSuiteExecutor.accessTestSuiteMainPhase(TestSuiteExecutor.java:144)
	at com.kms.katalon.core.main.TestSuiteExecutor.execute(TestSuiteExecutor.java:106)
	at com.kms.katalon.core.main.TestCaseMain.startTestSuite(TestCaseMain.java:185)
	at com.kms.katalon.core.main.TestCaseMain$startTestSuite$0.call(Unknown Source)
	at TempTestSuite1671569045943.run(TempTestSuite1671569045943.groovy:36)]]></system-out>
      <system-err><![CDATA[2022-12-21 03:44:23 - [TEST_SUITE][FAILED] - OfflineClass: Test Cases/Booking/Offline/TC_BookingClassOffline FAILED.
Reason:
com.kms.katalon.core.exception.StepFailedException: Object Object Repository/Search/S1/android.widget.EditText not found
	at com.kms.katalon.core.keyword.internal.KeywordMain.stepFailed(KeywordMain.groovy:50)
	at com.kms.katalon.core.mobile.keyword.internal.MobileKeywordMain.stepFailed(MobileKeywordMain.groovy:40)
	at com.kms.katalon.core.mobile.keyword.builtin.SetTextKeyword$_setText_closure1.doCall(SetTextKeyword.groovy:76)
	at com.kms.katalon.core.mobile.keyword.builtin.SetTextKeyword$_setText_closure1.call(SetTextKeyword.groovy)
	at com.kms.katalon.core.mobile.keyword.internal.MobileKeywordMain.runKeyword(MobileKeywordMain.groovy:21)
	at com.kms.katalon.core.mobile.keyword.builtin.SetTextKeyword.setText(SetTextKeyword.groovy:83)
	at com.kms.katalon.core.mobile.keyword.builtin.SetTextKeyword.execute(SetTextKeyword.groovy:66)
	at com.kms.katalon.core.keyword.internal.KeywordExecutor.executeKeywordForPlatform(KeywordExecutor.groovy:74)
	at com.kms.katalon.core.mobile.keyword.MobileBuiltInKeywords.setText(MobileBuiltInKeywords.groovy:1307)
	at com.kms.katalon.core.mobile.keyword.MobileBuiltInKeywords$setText$1.call(Unknown Source)
	at TC_BookingClassOffline.run(TC_BookingClassOffline:26)
	at com.kms.katalon.core.main.ScriptEngine.run(ScriptEngine.java:194)
	at com.kms.katalon.core.main.ScriptEngine.runScriptAsRawText(ScriptEngine.java:119)
	at com.kms.katalon.core.main.TestCaseExecutor.runScript(TestCaseExecutor.java:445)
	at com.kms.katalon.core.main.TestCaseExecutor.doExecute(TestCaseExecutor.java:436)
	at com.kms.katalon.core.main.TestCaseExecutor.processExecutionPhase(TestCaseExecutor.java:415)
	at com.kms.katalon.core.main.TestCaseExecutor.accessMainPhase(TestCaseExecutor.java:407)
	at com.kms.katalon.core.main.TestCaseExecutor.execute(TestCaseExecutor.java:284)
	at com.kms.katalon.core.common.CommonExecutor.accessTestCaseMainPhase(CommonExecutor.java:65)
	at com.kms.katalon.core.main.TestSuiteExecutor.accessTestSuiteMainPhase(TestSuiteExecutor.java:144)
	at com.kms.katalon.core.main.TestSuiteExecutor.execute(TestSuiteExecutor.java:106)
	at com.kms.katalon.core.main.TestCaseMain.startTestSuite(TestCaseMain.java:185)
	at com.kms.katalon.core.main.TestCaseMain$startTestSuite$0.call(Unknown Source)
	at TempTestSuite1671569045943.run(TempTestSuite1671569045943.groovy:36)]]></system-err>
   </testsuite>
</testsuites>
