<?xml version="1.0" encoding="UTF-8"?>
<testsuites name="Regression" time="527.045" tests="14" failures="4" errors="0">
   <testsuite name="Regression" tests="14" failures="4" errors="0" time="527.045" skipped="0" timestamp="2022-12-21 12:22:13" hostname="Asus - DESKTOP-SRK5D1D" id="Test Suites/Regression">
      <properties>
         <property name="deviceName" value="Xiaomi Redmi Note 9 Pro (Android 11)"/>
         <property name="devicePlatform" value=""/>
         <property name="logFolder" value="E:\\SEMESTER 7\\MBKM\\Capstone Project\\CICD\\Mobile\\CapstoneWorkfitMobile\\Reports\\20221221_122156\\Regression\\20221221_122156"/>
         <property name="logFiles" value="E:\\SEMESTER 7\\MBKM\\Capstone Project\\CICD\\Mobile\\CapstoneWorkfitMobile\\Reports\\20221221_122156\\Regression\\20221221_122156\\appium.log, E:\\SEMESTER 7\\MBKM\\Capstone Project\\CICD\\Mobile\\CapstoneWorkfitMobile\\Reports\\20221221_122156\\Regression\\20221221_122156\\execution0.log"/>
         <property name="attachments" value="E:\\SEMESTER 7\\MBKM\\Capstone Project\\CICD\\Mobile\\CapstoneWorkfitMobile\\Reports\\20221221_122156\\Regression\\20221221_122156\\1671600557172.png, E:\\SEMESTER 7\\MBKM\\Capstone Project\\CICD\\Mobile\\CapstoneWorkfitMobile\\Reports\\20221221_122156\\Regression\\20221221_122156\\1671600659555.png"/>
         <property name="hostName" value="Asus - DESKTOP-SRK5D1D"/>
         <property name="os" value="Windows 10 64bit"/>
         <property name="appiumServerStatus" value="{&quot;value&quot;:{&quot;build&quot;:{&quot;version&quot;:&quot;1.22.3&quot;}},&quot;sessionId&quot;:null,&quot;status&quot;:0}"/>
         <property name="katalonVersion" value="8.3.0.208"/>
         <property name="deviceOS" value="Android"/>
         <property name="appiumVersion" value="1.22.3"/>
         <property name="deviceModel" value="Redmi Note 9 Pro"/>
         <property name="hostAddress" value="192.168.56.1"/>
         <property name="deviceManufacturer" value="Xiaomi"/>
         <property name="deviceId" value="9821f742"/>
         <property name="deviceName" value="Xiaomi Redmi Note 9 Pro (Android 11)"/>
         <property name="deviceOSVersion" value="11"/>
      </properties>
      <testcase name="Test Cases/Summary/TC_Summary_01" time="49.257" classname="Test Cases/Summary/TC_Summary_01" status="PASSED">
         <system-out><![CDATA[2022-12-21 12:22:14 - [TEST_CASE][PASSED] - Test Cases/Summary/TC_Summary_01: Test Cases/Summary/TC_Summary_01

2022-12-21 12:22:14 - [TEST_STEP][PASSED] - startApplication("E:\SEMESTER 7\MBKM\Capstone Project\CICD\Aplikasi\Terbaru\app-release.apk", true): Started app at: 'E:\SEMESTER 7\MBKM\Capstone Project\CICD\Aplikasi\Terbaru\app-release.apk'

2022-12-21 12:22:14 - [MESSAGE][INFO] - Detected NodeJS location: "C:\Program Files\nodejs\node.exe"

2022-12-21 12:22:15 - [MESSAGE][INFO] - Appium server started on port 56,051

2022-12-21 12:22:42 - [MESSAGE][PASSED] - Started app at: 'E:\SEMESTER 7\MBKM\Capstone Project\CICD\Aplikasi\Terbaru\app-release.apk'

2022-12-21 12:22:42 - [TEST_STEP][PASSED] - tap(findTestObject("Object Repository/Summary/Online/android.view.View (2)"), 0): Tapped on element 'Object Repository/Summary/Online/android.view.View (2)'

2022-12-21 12:22:43 - [MESSAGE][WARNING] - Timeout '0' is invalid. Using default page load timeout: '30'

2022-12-21 12:22:45 - [MESSAGE][PASSED] - Tapped on element 'Object Repository/Summary/Online/android.view.View (2)'

2022-12-21 12:22:45 - [TEST_STEP][PASSED] - tap(findTestObject("Object Repository/Summary/Online/android.widget.EditText - email address"), 0): Tapped on element 'Object Repository/Summary/Online/android.widget.EditText - email address'

2022-12-21 12:22:45 - [MESSAGE][WARNING] - Timeout '0' is invalid. Using default page load timeout: '30'

2022-12-21 12:22:47 - [MESSAGE][PASSED] - Tapped on element 'Object Repository/Summary/Online/android.widget.EditText - email address'

2022-12-21 12:22:47 - [TEST_STEP][PASSED] - setText(findTestObject("Object Repository/Summary/Online/android.widget.EditText"), "qe1@gmail.com", 0): Text 'qe1@gmail.com' has been set to element 'Object Repository/Summary/Online/android.widget.EditText'

2022-12-21 12:22:47 - [MESSAGE][WARNING] - Timeout '0' is invalid. Using default page load timeout: '30'

2022-12-21 12:22:47 - [MESSAGE][PASSED] - Text 'qe1@gmail.com' has been set to element 'Object Repository/Summary/Online/android.widget.EditText'

2022-12-21 12:22:47 - [TEST_STEP][PASSED] - tap(findTestObject("Object Repository/Summary/Online/android.widget.EditText - password"), 0): Tapped on element 'Object Repository/Summary/Online/android.widget.EditText - password'

2022-12-21 12:22:47 - [MESSAGE][WARNING] - Timeout '0' is invalid. Using default page load timeout: '30'

2022-12-21 12:22:48 - [MESSAGE][PASSED] - Tapped on element 'Object Repository/Summary/Online/android.widget.EditText - password'

2022-12-21 12:22:48 - [TEST_STEP][PASSED] - setText(findTestObject("Object Repository/Summary/Online/android.widget.EditText (1)"), "12344321", 0): Text '12344321' has been set to element 'Object Repository/Summary/Online/android.widget.EditText (1)'

2022-12-21 12:22:48 - [MESSAGE][WARNING] - Timeout '0' is invalid. Using default page load timeout: '30'

2022-12-21 12:22:49 - [MESSAGE][PASSED] - Text '12344321' has been set to element 'Object Repository/Summary/Online/android.widget.EditText (1)'

2022-12-21 12:22:49 - [TEST_STEP][PASSED] - hideKeyboard(): Keyboard is hidden

2022-12-21 12:22:52 - [MESSAGE][PASSED] - Keyboard is hidden

2022-12-21 12:22:52 - [TEST_STEP][PASSED] - tap(findTestObject("Object Repository/Summary/Online/android.widget.Button (1)"), 0): Tapped on element 'Object Repository/Summary/Online/android.widget.Button (1)'

2022-12-21 12:22:52 - [MESSAGE][WARNING] - Timeout '0' is invalid. Using default page load timeout: '30'

2022-12-21 12:22:53 - [MESSAGE][PASSED] - Tapped on element 'Object Repository/Summary/Online/android.widget.Button (1)'

2022-12-21 12:22:53 - [TEST_STEP][PASSED] - tap(findTestObject("Object Repository/Summary/1/android.widget.ImageView"), 0): Tapped on element 'Object Repository/Summary/1/android.widget.ImageView'

2022-12-21 12:22:53 - [MESSAGE][WARNING] - Timeout '0' is invalid. Using default page load timeout: '30'

2022-12-21 12:22:56 - [MESSAGE][PASSED] - Tapped on element 'Object Repository/Summary/1/android.widget.ImageView'

2022-12-21 12:22:56 - [TEST_STEP][PASSED] - tap(findTestObject("Object Repository/Summary/1/android.widget.EditText - Search"), 0): Tapped on element 'Object Repository/Summary/1/android.widget.EditText - Search'

2022-12-21 12:22:56 - [MESSAGE][WARNING] - Timeout '0' is invalid. Using default page load timeout: '30'

2022-12-21 12:22:57 - [MESSAGE][PASSED] - Tapped on element 'Object Repository/Summary/1/android.widget.EditText - Search'

2022-12-21 12:22:57 - [TEST_STEP][PASSED] - setText(findTestObject("Object Repository/Summary/1/android.widget.EditText"), "Zumba", 0): Text 'Zumba' has been set to element 'Object Repository/Summary/1/android.widget.EditText'

2022-12-21 12:22:57 - [MESSAGE][WARNING] - Timeout '0' is invalid. Using default page load timeout: '30'

2022-12-21 12:22:59 - [MESSAGE][PASSED] - Text 'Zumba' has been set to element 'Object Repository/Summary/1/android.widget.EditText'

2022-12-21 12:22:59 - [TEST_STEP][PASSED] - tap(findTestObject("Object Repository/Summary/1/android.view.View"), 0): Tapped on element 'Object Repository/Summary/1/android.view.View'

2022-12-21 12:22:59 - [MESSAGE][WARNING] - Timeout '0' is invalid. Using default page load timeout: '30'

2022-12-21 12:23:00 - [MESSAGE][PASSED] - Tapped on element 'Object Repository/Summary/1/android.view.View'

2022-12-21 12:23:00 - [TEST_STEP][PASSED] - verifyElementText(findTestObject("Object Repository/Summary/1/android.view.View (1)"), ""): Actual text and expected text of test object 'Object Repository/Summary/1/android.view.View (1)' are matched.

2022-12-21 12:23:01 - [MESSAGE][PASSED] - Actual text and expected text of test object 'Object Repository/Summary/1/android.view.View (1)' are matched.

2022-12-21 12:23:01 - [TEST_STEP][PASSED] - closeApplication(): Close app successfully

2022-12-21 12:23:03 - [MESSAGE][PASSED] - Close app successfully]]></system-out>
         <system-err><![CDATA[]]></system-err>
      </testcase>
      <testcase name="Test Cases/Summary/TC_Summary_03" time="43.561" classname="Test Cases/Summary/TC_Summary_03" status="PASSED">
         <system-out><![CDATA[2022-12-21 12:23:03 - [TEST_CASE][PASSED] - Test Cases/Summary/TC_Summary_03: Test Cases/Summary/TC_Summary_03

2022-12-21 12:23:03 - [TEST_STEP][PASSED] - startApplication("E:\SEMESTER 7\MBKM\Capstone Project\CICD\Aplikasi\Terbaru\app-release.apk", true): Started app at: 'E:\SEMESTER 7\MBKM\Capstone Project\CICD\Aplikasi\Terbaru\app-release.apk'

2022-12-21 12:23:03 - [MESSAGE][INFO] - Detected NodeJS location: "C:\Program Files\nodejs\node.exe"

2022-12-21 12:23:04 - [MESSAGE][INFO] - Appium server started on port 56,200

2022-12-21 12:23:27 - [MESSAGE][PASSED] - Started app at: 'E:\SEMESTER 7\MBKM\Capstone Project\CICD\Aplikasi\Terbaru\app-release.apk'

2022-12-21 12:23:27 - [TEST_STEP][PASSED] - tap(findTestObject("Object Repository/Summary/Online/android.view.View (2)"), 0): Tapped on element 'Object Repository/Summary/Online/android.view.View (2)'

2022-12-21 12:23:27 - [MESSAGE][WARNING] - Timeout '0' is invalid. Using default page load timeout: '30'

2022-12-21 12:23:29 - [MESSAGE][PASSED] - Tapped on element 'Object Repository/Summary/Online/android.view.View (2)'

2022-12-21 12:23:29 - [TEST_STEP][PASSED] - tap(findTestObject("Object Repository/Summary/Online/android.widget.EditText - email address"), 0): Tapped on element 'Object Repository/Summary/Online/android.widget.EditText - email address'

2022-12-21 12:23:29 - [MESSAGE][WARNING] - Timeout '0' is invalid. Using default page load timeout: '30'

2022-12-21 12:23:30 - [MESSAGE][PASSED] - Tapped on element 'Object Repository/Summary/Online/android.widget.EditText - email address'

2022-12-21 12:23:30 - [TEST_STEP][PASSED] - setText(findTestObject("Object Repository/Summary/Online/android.widget.EditText"), "qe1@gmail.com", 0): Text 'qe1@gmail.com' has been set to element 'Object Repository/Summary/Online/android.widget.EditText'

2022-12-21 12:23:30 - [MESSAGE][WARNING] - Timeout '0' is invalid. Using default page load timeout: '30'

2022-12-21 12:23:32 - [MESSAGE][PASSED] - Text 'qe1@gmail.com' has been set to element 'Object Repository/Summary/Online/android.widget.EditText'

2022-12-21 12:23:32 - [TEST_STEP][PASSED] - tap(findTestObject("Object Repository/Summary/Online/android.widget.EditText - password"), 0): Tapped on element 'Object Repository/Summary/Online/android.widget.EditText - password'

2022-12-21 12:23:32 - [MESSAGE][WARNING] - Timeout '0' is invalid. Using default page load timeout: '30'

2022-12-21 12:23:33 - [MESSAGE][PASSED] - Tapped on element 'Object Repository/Summary/Online/android.widget.EditText - password'

2022-12-21 12:23:33 - [TEST_STEP][PASSED] - setText(findTestObject("Object Repository/Summary/Online/android.widget.EditText (1)"), "12344321", 0): Text '12344321' has been set to element 'Object Repository/Summary/Online/android.widget.EditText (1)'

2022-12-21 12:23:33 - [MESSAGE][WARNING] - Timeout '0' is invalid. Using default page load timeout: '30'

2022-12-21 12:23:34 - [MESSAGE][PASSED] - Text '12344321' has been set to element 'Object Repository/Summary/Online/android.widget.EditText (1)'

2022-12-21 12:23:34 - [TEST_STEP][PASSED] - hideKeyboard(): Keyboard is hidden

2022-12-21 12:23:37 - [MESSAGE][PASSED] - Keyboard is hidden

2022-12-21 12:23:37 - [TEST_STEP][PASSED] - tap(findTestObject("Object Repository/Summary/Online/android.widget.Button (1)"), 0): Tapped on element 'Object Repository/Summary/Online/android.widget.Button (1)'

2022-12-21 12:23:37 - [MESSAGE][WARNING] - Timeout '0' is invalid. Using default page load timeout: '30'

2022-12-21 12:23:39 - [MESSAGE][PASSED] - Tapped on element 'Object Repository/Summary/Online/android.widget.Button (1)'

2022-12-21 12:23:39 - [TEST_STEP][PASSED] - tap(findTestObject("Object Repository/Summary/1/android.widget.ImageView"), 0): Tapped on element 'Object Repository/Summary/1/android.widget.ImageView'

2022-12-21 12:23:39 - [MESSAGE][WARNING] - Timeout '0' is invalid. Using default page load timeout: '30'

2022-12-21 12:23:41 - [MESSAGE][PASSED] - Tapped on element 'Object Repository/Summary/1/android.widget.ImageView'

2022-12-21 12:23:41 - [TEST_STEP][PASSED] - tap(findTestObject("Object Repository/Summary/1/android.widget.EditText - Search"), 0): Tapped on element 'Object Repository/Summary/1/android.widget.EditText - Search'

2022-12-21 12:23:41 - [MESSAGE][WARNING] - Timeout '0' is invalid. Using default page load timeout: '30'

2022-12-21 12:23:41 - [MESSAGE][PASSED] - Tapped on element 'Object Repository/Summary/1/android.widget.EditText - Search'

2022-12-21 12:23:41 - [TEST_STEP][PASSED] - setText(findTestObject("Object Repository/Summary/1/android.widget.EditText"), "Zumba", 0): Text 'Zumba' has been set to element 'Object Repository/Summary/1/android.widget.EditText'

2022-12-21 12:23:41 - [MESSAGE][WARNING] - Timeout '0' is invalid. Using default page load timeout: '30'

2022-12-21 12:23:43 - [MESSAGE][PASSED] - Text 'Zumba' has been set to element 'Object Repository/Summary/1/android.widget.EditText'

2022-12-21 12:23:43 - [TEST_STEP][PASSED] - tap(findTestObject("Object Repository/Summary/1/android.view.View"), 0): Tapped on element 'Object Repository/Summary/1/android.view.View'

2022-12-21 12:23:43 - [MESSAGE][WARNING] - Timeout '0' is invalid. Using default page load timeout: '30'

2022-12-21 12:23:44 - [MESSAGE][PASSED] - Tapped on element 'Object Repository/Summary/1/android.view.View'

2022-12-21 12:23:44 - [TEST_STEP][PASSED] - verifyElementText(findTestObject("Object Repository/Summary/1/android.view.View (1)"), ""): Actual text and expected text of test object 'Object Repository/Summary/1/android.view.View (1)' are matched.

2022-12-21 12:23:45 - [MESSAGE][PASSED] - Actual text and expected text of test object 'Object Repository/Summary/1/android.view.View (1)' are matched.

2022-12-21 12:23:45 - [TEST_STEP][PASSED] - closeApplication(): Close app successfully

2022-12-21 12:23:46 - [MESSAGE][PASSED] - Close app successfully]]></system-out>
         <system-err><![CDATA[]]></system-err>
      </testcase>
      <testcase name="Test Cases/Summary/TC_Summary_04" time="39.099" classname="Test Cases/Summary/TC_Summary_04" status="PASSED">
         <system-out><![CDATA[2022-12-21 12:23:46 - [TEST_CASE][PASSED] - Test Cases/Summary/TC_Summary_04: Test Cases/Summary/TC_Summary_04

2022-12-21 12:23:47 - [TEST_STEP][PASSED] - startApplication("E:\SEMESTER 7\MBKM\Capstone Project\CICD\Aplikasi\Terbaru\app-release.apk", true): Started app at: 'E:\SEMESTER 7\MBKM\Capstone Project\CICD\Aplikasi\Terbaru\app-release.apk'

2022-12-21 12:23:47 - [MESSAGE][INFO] - Detected NodeJS location: "C:\Program Files\nodejs\node.exe"

2022-12-21 12:23:48 - [MESSAGE][INFO] - Appium server started on port 56,342

2022-12-21 12:24:07 - [MESSAGE][PASSED] - Started app at: 'E:\SEMESTER 7\MBKM\Capstone Project\CICD\Aplikasi\Terbaru\app-release.apk'

2022-12-21 12:24:07 - [TEST_STEP][PASSED] - tap(findTestObject("Object Repository/Summary/Online/android.view.View (2)"), 0): Tapped on element 'Object Repository/Summary/Online/android.view.View (2)'

2022-12-21 12:24:07 - [MESSAGE][WARNING] - Timeout '0' is invalid. Using default page load timeout: '30'

2022-12-21 12:24:09 - [MESSAGE][PASSED] - Tapped on element 'Object Repository/Summary/Online/android.view.View (2)'

2022-12-21 12:24:09 - [TEST_STEP][PASSED] - tap(findTestObject("Object Repository/Summary/Online/android.widget.EditText - email address"), 0): Tapped on element 'Object Repository/Summary/Online/android.widget.EditText - email address'

2022-12-21 12:24:09 - [MESSAGE][WARNING] - Timeout '0' is invalid. Using default page load timeout: '30'

2022-12-21 12:24:11 - [MESSAGE][PASSED] - Tapped on element 'Object Repository/Summary/Online/android.widget.EditText - email address'

2022-12-21 12:24:11 - [TEST_STEP][PASSED] - setText(findTestObject("Object Repository/Summary/Online/android.widget.EditText"), "qe1@gmail.com", 0): Text 'qe1@gmail.com' has been set to element 'Object Repository/Summary/Online/android.widget.EditText'

2022-12-21 12:24:11 - [MESSAGE][WARNING] - Timeout '0' is invalid. Using default page load timeout: '30'

2022-12-21 12:24:12 - [MESSAGE][PASSED] - Text 'qe1@gmail.com' has been set to element 'Object Repository/Summary/Online/android.widget.EditText'

2022-12-21 12:24:12 - [TEST_STEP][PASSED] - tap(findTestObject("Object Repository/Summary/Online/android.widget.EditText - password"), 0): Tapped on element 'Object Repository/Summary/Online/android.widget.EditText - password'

2022-12-21 12:24:12 - [MESSAGE][WARNING] - Timeout '0' is invalid. Using default page load timeout: '30'

2022-12-21 12:24:13 - [MESSAGE][PASSED] - Tapped on element 'Object Repository/Summary/Online/android.widget.EditText - password'

2022-12-21 12:24:13 - [TEST_STEP][PASSED] - setText(findTestObject("Object Repository/Summary/Online/android.widget.EditText (1)"), "12344321", 0): Text '12344321' has been set to element 'Object Repository/Summary/Online/android.widget.EditText (1)'

2022-12-21 12:24:13 - [MESSAGE][WARNING] - Timeout '0' is invalid. Using default page load timeout: '30'

2022-12-21 12:24:14 - [MESSAGE][PASSED] - Text '12344321' has been set to element 'Object Repository/Summary/Online/android.widget.EditText (1)'

2022-12-21 12:24:14 - [TEST_STEP][PASSED] - hideKeyboard(): Keyboard is hidden

2022-12-21 12:24:17 - [MESSAGE][PASSED] - Keyboard is hidden

2022-12-21 12:24:17 - [TEST_STEP][PASSED] - tap(findTestObject("Object Repository/Summary/Online/android.widget.Button (1)"), 0): Tapped on element 'Object Repository/Summary/Online/android.widget.Button (1)'

2022-12-21 12:24:17 - [MESSAGE][WARNING] - Timeout '0' is invalid. Using default page load timeout: '30'

2022-12-21 12:24:20 - [MESSAGE][PASSED] - Tapped on element 'Object Repository/Summary/Online/android.widget.Button (1)'

2022-12-21 12:24:20 - [TEST_STEP][PASSED] - tap(findTestObject("Object Repository/Summary/2/android.widget.ImageView"), 0): Tapped on element 'Object Repository/Summary/2/android.widget.ImageView'

2022-12-21 12:24:20 - [MESSAGE][WARNING] - Timeout '0' is invalid. Using default page load timeout: '30'

2022-12-21 12:24:21 - [MESSAGE][PASSED] - Tapped on element 'Object Repository/Summary/2/android.widget.ImageView'

2022-12-21 12:24:21 - [TEST_STEP][PASSED] - tap(findTestObject("Object Repository/Summary/2/android.view.View"), 0): Tapped on element 'Object Repository/Summary/2/android.view.View'

2022-12-21 12:24:21 - [MESSAGE][WARNING] - Timeout '0' is invalid. Using default page load timeout: '30'

2022-12-21 12:24:22 - [MESSAGE][PASSED] - Tapped on element 'Object Repository/Summary/2/android.view.View'

2022-12-21 12:24:22 - [TEST_STEP][PASSED] - tap(findTestObject("Object Repository/Summary/2/android.widget.EditText - Search"), 0): Tapped on element 'Object Repository/Summary/2/android.widget.EditText - Search'

2022-12-21 12:24:22 - [MESSAGE][WARNING] - Timeout '0' is invalid. Using default page load timeout: '30'

2022-12-21 12:24:24 - [MESSAGE][PASSED] - Tapped on element 'Object Repository/Summary/2/android.widget.EditText - Search'

2022-12-21 12:24:24 - [TEST_STEP][PASSED] - verifyElementText(findTestObject("Object Repository/Summary/2/android.view.View (1)"), ""): Actual text and expected text of test object 'Object Repository/Summary/2/android.view.View (1)' are matched.

2022-12-21 12:24:24 - [MESSAGE][PASSED] - Actual text and expected text of test object 'Object Repository/Summary/2/android.view.View (1)' are matched.

2022-12-21 12:24:24 - [TEST_STEP][PASSED] - closeApplication(): Close app successfully

2022-12-21 12:24:26 - [MESSAGE][PASSED] - Close app successfully]]></system-out>
         <system-err><![CDATA[]]></system-err>
      </testcase>
      <testcase name="Test Cases/Summary/TC_Summary_07" time="40.024" classname="Test Cases/Summary/TC_Summary_07" status="PASSED">
         <system-out><![CDATA[2022-12-21 12:24:26 - [TEST_CASE][PASSED] - Test Cases/Summary/TC_Summary_07: Test Cases/Summary/TC_Summary_07

2022-12-21 12:24:26 - [TEST_STEP][PASSED] - startApplication("E:\SEMESTER 7\MBKM\Capstone Project\CICD\Aplikasi\Terbaru\app-release.apk", true): Started app at: 'E:\SEMESTER 7\MBKM\Capstone Project\CICD\Aplikasi\Terbaru\app-release.apk'

2022-12-21 12:24:26 - [MESSAGE][INFO] - Detected NodeJS location: "C:\Program Files\nodejs\node.exe"

2022-12-21 12:24:27 - [MESSAGE][INFO] - Appium server started on port 56,490

2022-12-21 12:24:47 - [MESSAGE][PASSED] - Started app at: 'E:\SEMESTER 7\MBKM\Capstone Project\CICD\Aplikasi\Terbaru\app-release.apk'

2022-12-21 12:24:47 - [TEST_STEP][PASSED] - tap(findTestObject("Object Repository/Summary/Online/android.view.View (2)"), 0): Tapped on element 'Object Repository/Summary/Online/android.view.View (2)'

2022-12-21 12:24:47 - [MESSAGE][WARNING] - Timeout '0' is invalid. Using default page load timeout: '30'

2022-12-21 12:24:49 - [MESSAGE][PASSED] - Tapped on element 'Object Repository/Summary/Online/android.view.View (2)'

2022-12-21 12:24:49 - [TEST_STEP][PASSED] - tap(findTestObject("Object Repository/Summary/Online/android.widget.EditText - email address"), 0): Tapped on element 'Object Repository/Summary/Online/android.widget.EditText - email address'

2022-12-21 12:24:49 - [MESSAGE][WARNING] - Timeout '0' is invalid. Using default page load timeout: '30'

2022-12-21 12:24:50 - [MESSAGE][PASSED] - Tapped on element 'Object Repository/Summary/Online/android.widget.EditText - email address'

2022-12-21 12:24:50 - [TEST_STEP][PASSED] - setText(findTestObject("Object Repository/Summary/Online/android.widget.EditText"), "qe1@gmail.com", 0): Text 'qe1@gmail.com' has been set to element 'Object Repository/Summary/Online/android.widget.EditText'

2022-12-21 12:24:50 - [MESSAGE][WARNING] - Timeout '0' is invalid. Using default page load timeout: '30'

2022-12-21 12:24:52 - [MESSAGE][PASSED] - Text 'qe1@gmail.com' has been set to element 'Object Repository/Summary/Online/android.widget.EditText'

2022-12-21 12:24:52 - [TEST_STEP][PASSED] - tap(findTestObject("Object Repository/Summary/Online/android.widget.EditText - password"), 0): Tapped on element 'Object Repository/Summary/Online/android.widget.EditText - password'

2022-12-21 12:24:52 - [MESSAGE][WARNING] - Timeout '0' is invalid. Using default page load timeout: '30'

2022-12-21 12:24:54 - [MESSAGE][PASSED] - Tapped on element 'Object Repository/Summary/Online/android.widget.EditText - password'

2022-12-21 12:24:54 - [TEST_STEP][PASSED] - setText(findTestObject("Object Repository/Summary/Online/android.widget.EditText (1)"), "12344321", 0): Text '12344321' has been set to element 'Object Repository/Summary/Online/android.widget.EditText (1)'

2022-12-21 12:24:54 - [MESSAGE][WARNING] - Timeout '0' is invalid. Using default page load timeout: '30'

2022-12-21 12:24:54 - [MESSAGE][PASSED] - Text '12344321' has been set to element 'Object Repository/Summary/Online/android.widget.EditText (1)'

2022-12-21 12:24:54 - [TEST_STEP][PASSED] - hideKeyboard(): Keyboard is hidden

2022-12-21 12:24:57 - [MESSAGE][PASSED] - Keyboard is hidden

2022-12-21 12:24:57 - [TEST_STEP][PASSED] - tap(findTestObject("Object Repository/Summary/Online/android.widget.Button (1)"), 0): Tapped on element 'Object Repository/Summary/Online/android.widget.Button (1)'

2022-12-21 12:24:57 - [MESSAGE][WARNING] - Timeout '0' is invalid. Using default page load timeout: '30'

2022-12-21 12:24:58 - [MESSAGE][PASSED] - Tapped on element 'Object Repository/Summary/Online/android.widget.Button (1)'

2022-12-21 12:24:58 - [TEST_STEP][PASSED] - tap(findTestObject("Object Repository/Summary/2/android.widget.ImageView"), 0): Tapped on element 'Object Repository/Summary/2/android.widget.ImageView'

2022-12-21 12:24:58 - [MESSAGE][WARNING] - Timeout '0' is invalid. Using default page load timeout: '30'

2022-12-21 12:25:01 - [MESSAGE][PASSED] - Tapped on element 'Object Repository/Summary/2/android.widget.ImageView'

2022-12-21 12:25:01 - [TEST_STEP][PASSED] - tap(findTestObject("Object Repository/Summary/2/android.view.View"), 0): Tapped on element 'Object Repository/Summary/2/android.view.View'

2022-12-21 12:25:01 - [MESSAGE][WARNING] - Timeout '0' is invalid. Using default page load timeout: '30'

2022-12-21 12:25:02 - [MESSAGE][PASSED] - Tapped on element 'Object Repository/Summary/2/android.view.View'

2022-12-21 12:25:02 - [TEST_STEP][PASSED] - tap(findTestObject("Object Repository/Summary/2/android.widget.EditText - Search"), 0): Tapped on element 'Object Repository/Summary/2/android.widget.EditText - Search'

2022-12-21 12:25:02 - [MESSAGE][WARNING] - Timeout '0' is invalid. Using default page load timeout: '30'

2022-12-21 12:25:02 - [MESSAGE][PASSED] - Tapped on element 'Object Repository/Summary/2/android.widget.EditText - Search'

2022-12-21 12:25:02 - [TEST_STEP][PASSED] - verifyElementText(findTestObject("Object Repository/Summary/2/android.view.View (1)"), ""): Actual text and expected text of test object 'Object Repository/Summary/2/android.view.View (1)' are matched.

2022-12-21 12:25:04 - [MESSAGE][PASSED] - Actual text and expected text of test object 'Object Repository/Summary/2/android.view.View (1)' are matched.

2022-12-21 12:25:04 - [TEST_STEP][PASSED] - closeApplication(): Close app successfully

2022-12-21 12:25:06 - [MESSAGE][PASSED] - Close app successfully]]></system-out>
         <system-err><![CDATA[]]></system-err>
      </testcase>
      <testcase name="Test Cases/Register/TC_Register_01" time="45.218" classname="Test Cases/Register/TC_Register_01" status="PASSED">
         <system-out><![CDATA[2022-12-21 12:25:06 - [TEST_CASE][PASSED] - Test Cases/Register/TC_Register_01: Test Cases/Register/TC_Register_01

2022-12-21 12:25:06 - [TEST_STEP][PASSED] - startApplication("E:\SEMESTER 7\MBKM\Capstone Project\CICD\Aplikasi\Terbaru\app-release.apk", true): Started app at: 'E:\SEMESTER 7\MBKM\Capstone Project\CICD\Aplikasi\Terbaru\app-release.apk'

2022-12-21 12:25:06 - [MESSAGE][INFO] - Detected NodeJS location: "C:\Program Files\nodejs\node.exe"

2022-12-21 12:25:07 - [MESSAGE][INFO] - Appium server started on port 56,637

2022-12-21 12:25:27 - [MESSAGE][PASSED] - Started app at: 'E:\SEMESTER 7\MBKM\Capstone Project\CICD\Aplikasi\Terbaru\app-release.apk'

2022-12-21 12:25:27 - [TEST_STEP][PASSED] - tap(findTestObject("Object Repository/Register/RegisterValid/android.widget.Button"), 0): Tapped on element 'Object Repository/Register/RegisterValid/android.widget.Button'

2022-12-21 12:25:27 - [MESSAGE][WARNING] - Timeout '0' is invalid. Using default page load timeout: '30'

2022-12-21 12:25:30 - [MESSAGE][PASSED] - Tapped on element 'Object Repository/Register/RegisterValid/android.widget.Button'

2022-12-21 12:25:30 - [TEST_STEP][PASSED] - tap(findTestObject("Object Repository/Register/RegisterValid/android.widget.EditText - first name"), 0): Tapped on element 'Object Repository/Register/RegisterValid/android.widget.EditText - first name'

2022-12-21 12:25:30 - [MESSAGE][WARNING] - Timeout '0' is invalid. Using default page load timeout: '30'

2022-12-21 12:25:30 - [MESSAGE][PASSED] - Tapped on element 'Object Repository/Register/RegisterValid/android.widget.EditText - first name'

2022-12-21 12:25:30 - [TEST_STEP][PASSED] - setText(findTestObject("Object Repository/Register/RegisterValid/android.widget.EditText"), "Manise", 0): Text 'Manise' has been set to element 'Object Repository/Register/RegisterValid/android.widget.EditText'

2022-12-21 12:25:30 - [MESSAGE][WARNING] - Timeout '0' is invalid. Using default page load timeout: '30'

2022-12-21 12:25:32 - [MESSAGE][PASSED] - Text 'Manise' has been set to element 'Object Repository/Register/RegisterValid/android.widget.EditText'

2022-12-21 12:25:32 - [TEST_STEP][PASSED] - tap(findTestObject("Object Repository/Register/RegisterValid/android.widget.EditText - last name"), 0): Tapped on element 'Object Repository/Register/RegisterValid/android.widget.EditText - last name'

2022-12-21 12:25:32 - [MESSAGE][WARNING] - Timeout '0' is invalid. Using default page load timeout: '30'

2022-12-21 12:25:33 - [MESSAGE][PASSED] - Tapped on element 'Object Repository/Register/RegisterValid/android.widget.EditText - last name'

2022-12-21 12:25:33 - [TEST_STEP][PASSED] - setText(findTestObject("Object Repository/Register/RegisterValid/android.widget.EditText (1)"), "Donar", 0): Text 'Donar' has been set to element 'Object Repository/Register/RegisterValid/android.widget.EditText (1)'

2022-12-21 12:25:33 - [MESSAGE][WARNING] - Timeout '0' is invalid. Using default page load timeout: '30'

2022-12-21 12:25:34 - [MESSAGE][PASSED] - Text 'Donar' has been set to element 'Object Repository/Register/RegisterValid/android.widget.EditText (1)'

2022-12-21 12:25:34 - [TEST_STEP][PASSED] - tap(findTestObject("Object Repository/Register/RegisterValid/android.widget.EditText - phone number"), 0): Tapped on element 'Object Repository/Register/RegisterValid/android.widget.EditText - phone number'

2022-12-21 12:25:34 - [MESSAGE][WARNING] - Timeout '0' is invalid. Using default page load timeout: '30'

2022-12-21 12:25:35 - [MESSAGE][PASSED] - Tapped on element 'Object Repository/Register/RegisterValid/android.widget.EditText - phone number'

2022-12-21 12:25:35 - [TEST_STEP][PASSED] - setText(findTestObject("Object Repository/Register/RegisterValid/android.widget.EditText (2)"), "081234569876", 0): Text '081234569876' has been set to element 'Object Repository/Register/RegisterValid/android.widget.EditText (2)'

2022-12-21 12:25:35 - [MESSAGE][WARNING] - Timeout '0' is invalid. Using default page load timeout: '30'

2022-12-21 12:25:36 - [MESSAGE][PASSED] - Text '081234569876' has been set to element 'Object Repository/Register/RegisterValid/android.widget.EditText (2)'

2022-12-21 12:25:36 - [TEST_STEP][PASSED] - tap(findTestObject("Object Repository/Register/RegisterValid/android.widget.EditText - new email address"), 0): Tapped on element 'Object Repository/Register/RegisterValid/android.widget.EditText - new email address'

2022-12-21 12:25:36 - [MESSAGE][WARNING] - Timeout '0' is invalid. Using default page load timeout: '30'

2022-12-21 12:25:37 - [MESSAGE][PASSED] - Tapped on element 'Object Repository/Register/RegisterValid/android.widget.EditText - new email address'

2022-12-21 12:25:37 - [TEST_STEP][PASSED] - setText(findTestObject("Object Repository/Register/RegisterValid/android.widget.EditText (3)"), "domar123@gmail.com", 0): Text 'domar123@gmail.com' has been set to element 'Object Repository/Register/RegisterValid/android.widget.EditText (3)'

2022-12-21 12:25:37 - [MESSAGE][WARNING] - Timeout '0' is invalid. Using default page load timeout: '30'

2022-12-21 12:25:38 - [MESSAGE][PASSED] - Text 'domar123@gmail.com' has been set to element 'Object Repository/Register/RegisterValid/android.widget.EditText (3)'

2022-12-21 12:25:38 - [TEST_STEP][PASSED] - tap(findTestObject("Object Repository/Register/RegisterValid/android.widget.EditText - new password"), 0): Tapped on element 'Object Repository/Register/RegisterValid/android.widget.EditText - new password'

2022-12-21 12:25:38 - [MESSAGE][WARNING] - Timeout '0' is invalid. Using default page load timeout: '30'

2022-12-21 12:25:39 - [MESSAGE][PASSED] - Tapped on element 'Object Repository/Register/RegisterValid/android.widget.EditText - new password'

2022-12-21 12:25:39 - [TEST_STEP][PASSED] - setText(findTestObject("Object Repository/Register/RegisterValid/android.widget.EditText (4)"), "testing123", 0): Text 'testing123' has been set to element 'Object Repository/Register/RegisterValid/android.widget.EditText (4)'

2022-12-21 12:25:39 - [MESSAGE][WARNING] - Timeout '0' is invalid. Using default page load timeout: '30'

2022-12-21 12:25:40 - [MESSAGE][PASSED] - Text 'testing123' has been set to element 'Object Repository/Register/RegisterValid/android.widget.EditText (4)'

2022-12-21 12:25:40 - [TEST_STEP][PASSED] - tap(findTestObject("Object Repository/Register/RegisterValid/android.widget.EditText - confirmation password"), 0): Tapped on element 'Object Repository/Register/RegisterValid/android.widget.EditText - confirmation password'

2022-12-21 12:25:40 - [MESSAGE][WARNING] - Timeout '0' is invalid. Using default page load timeout: '30'

2022-12-21 12:25:41 - [MESSAGE][PASSED] - Tapped on element 'Object Repository/Register/RegisterValid/android.widget.EditText - confirmation password'

2022-12-21 12:25:41 - [TEST_STEP][PASSED] - setText(findTestObject("Object Repository/Register/RegisterValid/android.widget.EditText (5)"), "testing123", 0): Text 'testing123' has been set to element 'Object Repository/Register/RegisterValid/android.widget.EditText (5)'

2022-12-21 12:25:41 - [MESSAGE][WARNING] - Timeout '0' is invalid. Using default page load timeout: '30'

2022-12-21 12:25:42 - [MESSAGE][PASSED] - Text 'testing123' has been set to element 'Object Repository/Register/RegisterValid/android.widget.EditText (5)'

2022-12-21 12:25:42 - [TEST_STEP][PASSED] - hideKeyboard(): Keyboard is hidden

2022-12-21 12:25:45 - [MESSAGE][PASSED] - Keyboard is hidden

2022-12-21 12:25:45 - [TEST_STEP][PASSED] - tap(findTestObject("Object Repository/Register/RegisterValid/android.widget.CheckBox"), 0): Tapped on element 'Object Repository/Register/RegisterValid/android.widget.CheckBox'

2022-12-21 12:25:45 - [MESSAGE][WARNING] - Timeout '0' is invalid. Using default page load timeout: '30'

2022-12-21 12:25:47 - [MESSAGE][PASSED] - Tapped on element 'Object Repository/Register/RegisterValid/android.widget.CheckBox'

2022-12-21 12:25:47 - [TEST_STEP][PASSED] - tap(findTestObject("Object Repository/Register/RegisterValid/android.widget.Button (1)"), 0): Tapped on element 'Object Repository/Register/RegisterValid/android.widget.Button (1)'

2022-12-21 12:25:47 - [MESSAGE][WARNING] - Timeout '0' is invalid. Using default page load timeout: '30'

2022-12-21 12:25:49 - [MESSAGE][PASSED] - Tapped on element 'Object Repository/Register/RegisterValid/android.widget.Button (1)'

2022-12-21 12:25:49 - [TEST_STEP][PASSED] - verifyElementText(findTestObject("Object Repository/Register/RegisterValid/android.view.View (1)"), ""): Actual text and expected text of test object 'Object Repository/Register/RegisterValid/android.view.View (1)' are matched.

2022-12-21 12:25:49 - [MESSAGE][PASSED] - Actual text and expected text of test object 'Object Repository/Register/RegisterValid/android.view.View (1)' are matched.

2022-12-21 12:25:49 - [TEST_STEP][PASSED] - closeApplication(): Close app successfully

2022-12-21 12:25:51 - [MESSAGE][PASSED] - Close app successfully]]></system-out>
         <system-err><![CDATA[]]></system-err>
      </testcase>
      <testcase name="Test Cases/Register/TC_Register_09" time="43.776" classname="Test Cases/Register/TC_Register_09" status="PASSED">
         <system-out><![CDATA[2022-12-21 12:25:51 - [TEST_CASE][PASSED] - Test Cases/Register/TC_Register_09: Test Cases/Register/TC_Register_09

2022-12-21 12:25:51 - [TEST_STEP][PASSED] - startApplication("E:\SEMESTER 7\MBKM\Capstone Project\CICD\Aplikasi\Terbaru\app-release.apk", true): Started app at: 'E:\SEMESTER 7\MBKM\Capstone Project\CICD\Aplikasi\Terbaru\app-release.apk'

2022-12-21 12:25:51 - [MESSAGE][INFO] - Detected NodeJS location: "C:\Program Files\nodejs\node.exe"

2022-12-21 12:25:52 - [MESSAGE][INFO] - Appium server started on port 56,779

2022-12-21 12:26:12 - [MESSAGE][PASSED] - Started app at: 'E:\SEMESTER 7\MBKM\Capstone Project\CICD\Aplikasi\Terbaru\app-release.apk'

2022-12-21 12:26:12 - [TEST_STEP][PASSED] - tap(findTestObject("Object Repository/Register/RegisterValid/android.widget.Button"), 0): Tapped on element 'Object Repository/Register/RegisterValid/android.widget.Button'

2022-12-21 12:26:12 - [MESSAGE][WARNING] - Timeout '0' is invalid. Using default page load timeout: '30'

2022-12-21 12:26:15 - [MESSAGE][PASSED] - Tapped on element 'Object Repository/Register/RegisterValid/android.widget.Button'

2022-12-21 12:26:15 - [TEST_STEP][PASSED] - tap(findTestObject("Object Repository/Register/RegisterValid/android.widget.EditText - first name"), 0): Tapped on element 'Object Repository/Register/RegisterValid/android.widget.EditText - first name'

2022-12-21 12:26:15 - [MESSAGE][WARNING] - Timeout '0' is invalid. Using default page load timeout: '30'

2022-12-21 12:26:15 - [MESSAGE][PASSED] - Tapped on element 'Object Repository/Register/RegisterValid/android.widget.EditText - first name'

2022-12-21 12:26:15 - [TEST_STEP][PASSED] - setText(findTestObject("Object Repository/Register/RegisterValid/android.widget.EditText"), "Romas", 0): Text 'Romas' has been set to element 'Object Repository/Register/RegisterValid/android.widget.EditText'

2022-12-21 12:26:16 - [MESSAGE][WARNING] - Timeout '0' is invalid. Using default page load timeout: '30'

2022-12-21 12:26:17 - [MESSAGE][PASSED] - Text 'Romas' has been set to element 'Object Repository/Register/RegisterValid/android.widget.EditText'

2022-12-21 12:26:17 - [TEST_STEP][PASSED] - tap(findTestObject("Object Repository/Register/RegisterValid/android.widget.EditText - last name"), 0): Tapped on element 'Object Repository/Register/RegisterValid/android.widget.EditText - last name'

2022-12-21 12:26:17 - [MESSAGE][WARNING] - Timeout '0' is invalid. Using default page load timeout: '30'

2022-12-21 12:26:18 - [MESSAGE][PASSED] - Tapped on element 'Object Repository/Register/RegisterValid/android.widget.EditText - last name'

2022-12-21 12:26:18 - [TEST_STEP][PASSED] - setText(findTestObject("Object Repository/Register/RegisterValid/android.widget.EditText (1)"), "Donas", 0): Text 'Donas' has been set to element 'Object Repository/Register/RegisterValid/android.widget.EditText (1)'

2022-12-21 12:26:18 - [MESSAGE][WARNING] - Timeout '0' is invalid. Using default page load timeout: '30'

2022-12-21 12:26:19 - [MESSAGE][PASSED] - Text 'Donas' has been set to element 'Object Repository/Register/RegisterValid/android.widget.EditText (1)'

2022-12-21 12:26:19 - [TEST_STEP][PASSED] - tap(findTestObject("Object Repository/Register/RegisterValid/android.widget.EditText - phone number"), 0): Tapped on element 'Object Repository/Register/RegisterValid/android.widget.EditText - phone number'

2022-12-21 12:26:19 - [MESSAGE][WARNING] - Timeout '0' is invalid. Using default page load timeout: '30'

2022-12-21 12:26:21 - [MESSAGE][PASSED] - Tapped on element 'Object Repository/Register/RegisterValid/android.widget.EditText - phone number'

2022-12-21 12:26:21 - [TEST_STEP][PASSED] - setText(findTestObject("Object Repository/Register/RegisterValid/android.widget.EditText (2)"), "081234567678", 0): Text '081234567678' has been set to element 'Object Repository/Register/RegisterValid/android.widget.EditText (2)'

2022-12-21 12:26:21 - [MESSAGE][WARNING] - Timeout '0' is invalid. Using default page load timeout: '30'

2022-12-21 12:26:21 - [MESSAGE][PASSED] - Text '081234567678' has been set to element 'Object Repository/Register/RegisterValid/android.widget.EditText (2)'

2022-12-21 12:26:21 - [TEST_STEP][PASSED] - tap(findTestObject("Object Repository/Register/RegisterValid/android.widget.EditText - new email address"), 0): Tapped on element 'Object Repository/Register/RegisterValid/android.widget.EditText - new email address'

2022-12-21 12:26:21 - [MESSAGE][WARNING] - Timeout '0' is invalid. Using default page load timeout: '30'

2022-12-21 12:26:23 - [MESSAGE][PASSED] - Tapped on element 'Object Repository/Register/RegisterValid/android.widget.EditText - new email address'

2022-12-21 12:26:23 - [TEST_STEP][PASSED] - setText(findTestObject("Object Repository/Register/RegisterValid/android.widget.EditText (3)"), "roma123", 0): Text 'roma123' has been set to element 'Object Repository/Register/RegisterValid/android.widget.EditText (3)'

2022-12-21 12:26:23 - [MESSAGE][WARNING] - Timeout '0' is invalid. Using default page load timeout: '30'

2022-12-21 12:26:23 - [MESSAGE][PASSED] - Text 'roma123' has been set to element 'Object Repository/Register/RegisterValid/android.widget.EditText (3)'

2022-12-21 12:26:23 - [TEST_STEP][PASSED] - tap(findTestObject("Object Repository/Register/RegisterValid/android.widget.EditText - new password"), 0): Tapped on element 'Object Repository/Register/RegisterValid/android.widget.EditText - new password'

2022-12-21 12:26:23 - [MESSAGE][WARNING] - Timeout '0' is invalid. Using default page load timeout: '30'

2022-12-21 12:26:24 - [MESSAGE][PASSED] - Tapped on element 'Object Repository/Register/RegisterValid/android.widget.EditText - new password'

2022-12-21 12:26:24 - [TEST_STEP][PASSED] - setText(findTestObject("Object Repository/Register/RegisterValid/android.widget.EditText (4)"), "testing123", 0): Text 'testing123' has been set to element 'Object Repository/Register/RegisterValid/android.widget.EditText (4)'

2022-12-21 12:26:24 - [MESSAGE][WARNING] - Timeout '0' is invalid. Using default page load timeout: '30'

2022-12-21 12:26:25 - [MESSAGE][PASSED] - Text 'testing123' has been set to element 'Object Repository/Register/RegisterValid/android.widget.EditText (4)'

2022-12-21 12:26:25 - [TEST_STEP][PASSED] - tap(findTestObject("Object Repository/Register/RegisterValid/android.widget.EditText - confirmation password"), 0): Tapped on element 'Object Repository/Register/RegisterValid/android.widget.EditText - confirmation password'

2022-12-21 12:26:25 - [MESSAGE][WARNING] - Timeout '0' is invalid. Using default page load timeout: '30'

2022-12-21 12:26:26 - [MESSAGE][PASSED] - Tapped on element 'Object Repository/Register/RegisterValid/android.widget.EditText - confirmation password'

2022-12-21 12:26:26 - [TEST_STEP][PASSED] - setText(findTestObject("Object Repository/Register/RegisterValid/android.widget.EditText (5)"), "testing123", 0): Text 'testing123' has been set to element 'Object Repository/Register/RegisterValid/android.widget.EditText (5)'

2022-12-21 12:26:26 - [MESSAGE][WARNING] - Timeout '0' is invalid. Using default page load timeout: '30'

2022-12-21 12:26:27 - [MESSAGE][PASSED] - Text 'testing123' has been set to element 'Object Repository/Register/RegisterValid/android.widget.EditText (5)'

2022-12-21 12:26:27 - [TEST_STEP][PASSED] - hideKeyboard(): Keyboard is hidden

2022-12-21 12:26:30 - [MESSAGE][PASSED] - Keyboard is hidden

2022-12-21 12:26:30 - [TEST_STEP][PASSED] - tap(findTestObject("Object Repository/Register/RegisterValid/android.widget.CheckBox"), 0): Tapped on element 'Object Repository/Register/RegisterValid/android.widget.CheckBox'

2022-12-21 12:26:30 - [MESSAGE][WARNING] - Timeout '0' is invalid. Using default page load timeout: '30'

2022-12-21 12:26:31 - [MESSAGE][PASSED] - Tapped on element 'Object Repository/Register/RegisterValid/android.widget.CheckBox'

2022-12-21 12:26:31 - [TEST_STEP][PASSED] - tap(findTestObject("Object Repository/Register/RegisterValid/android.widget.Button (1)"), 0): Tapped on element 'Object Repository/Register/RegisterValid/android.widget.Button (1)'

2022-12-21 12:26:31 - [MESSAGE][WARNING] - Timeout '0' is invalid. Using default page load timeout: '30'

2022-12-21 12:26:32 - [MESSAGE][PASSED] - Tapped on element 'Object Repository/Register/RegisterValid/android.widget.Button (1)'

2022-12-21 12:26:32 - [TEST_STEP][PASSED] - verifyElementText(findTestObject("Register/RegisterInvalid/android.view.View (5)"), ""): Actual text and expected text of test object 'Object Repository/Register/RegisterInvalid/android.view.View (5)' are matched.

2022-12-21 12:26:33 - [MESSAGE][PASSED] - Actual text and expected text of test object 'Object Repository/Register/RegisterInvalid/android.view.View (5)' are matched.

2022-12-21 12:26:33 - [TEST_STEP][PASSED] - closeApplication(): Close app successfully

2022-12-21 12:26:35 - [MESSAGE][PASSED] - Close app successfully]]></system-out>
         <system-err><![CDATA[]]></system-err>
      </testcase>
      <testcase name="Test Cases/Register/TC_Register_10" time="44.174" classname="Test Cases/Register/TC_Register_10" status="PASSED">
         <system-out><![CDATA[2022-12-21 12:26:35 - [TEST_CASE][PASSED] - Test Cases/Register/TC_Register_10: Test Cases/Register/TC_Register_10

2022-12-21 12:26:35 - [TEST_STEP][PASSED] - startApplication("E:\SEMESTER 7\MBKM\Capstone Project\CICD\Aplikasi\Terbaru\app-release.apk", true): Started app at: 'E:\SEMESTER 7\MBKM\Capstone Project\CICD\Aplikasi\Terbaru\app-release.apk'

2022-12-21 12:26:35 - [MESSAGE][INFO] - Detected NodeJS location: "C:\Program Files\nodejs\node.exe"

2022-12-21 12:26:36 - [MESSAGE][INFO] - Appium server started on port 56,927

2022-12-21 12:26:56 - [MESSAGE][PASSED] - Started app at: 'E:\SEMESTER 7\MBKM\Capstone Project\CICD\Aplikasi\Terbaru\app-release.apk'

2022-12-21 12:26:56 - [TEST_STEP][PASSED] - tap(findTestObject("Object Repository/Register/RegisterValid/android.widget.Button"), 0): Tapped on element 'Object Repository/Register/RegisterValid/android.widget.Button'

2022-12-21 12:26:56 - [MESSAGE][WARNING] - Timeout '0' is invalid. Using default page load timeout: '30'

2022-12-21 12:26:59 - [MESSAGE][PASSED] - Tapped on element 'Object Repository/Register/RegisterValid/android.widget.Button'

2022-12-21 12:26:59 - [TEST_STEP][PASSED] - tap(findTestObject("Object Repository/Register/RegisterValid/android.widget.EditText - first name"), 0): Tapped on element 'Object Repository/Register/RegisterValid/android.widget.EditText - first name'

2022-12-21 12:26:59 - [MESSAGE][WARNING] - Timeout '0' is invalid. Using default page load timeout: '30'

2022-12-21 12:27:00 - [MESSAGE][PASSED] - Tapped on element 'Object Repository/Register/RegisterValid/android.widget.EditText - first name'

2022-12-21 12:27:00 - [TEST_STEP][PASSED] - setText(findTestObject("Object Repository/Register/RegisterValid/android.widget.EditText"), "Romas", 0): Text 'Romas' has been set to element 'Object Repository/Register/RegisterValid/android.widget.EditText'

2022-12-21 12:27:00 - [MESSAGE][WARNING] - Timeout '0' is invalid. Using default page load timeout: '30'

2022-12-21 12:27:01 - [MESSAGE][PASSED] - Text 'Romas' has been set to element 'Object Repository/Register/RegisterValid/android.widget.EditText'

2022-12-21 12:27:01 - [TEST_STEP][PASSED] - tap(findTestObject("Object Repository/Register/RegisterValid/android.widget.EditText - last name"), 0): Tapped on element 'Object Repository/Register/RegisterValid/android.widget.EditText - last name'

2022-12-21 12:27:02 - [MESSAGE][WARNING] - Timeout '0' is invalid. Using default page load timeout: '30'

2022-12-21 12:27:02 - [MESSAGE][PASSED] - Tapped on element 'Object Repository/Register/RegisterValid/android.widget.EditText - last name'

2022-12-21 12:27:02 - [TEST_STEP][PASSED] - setText(findTestObject("Object Repository/Register/RegisterValid/android.widget.EditText (1)"), "Donas", 0): Text 'Donas' has been set to element 'Object Repository/Register/RegisterValid/android.widget.EditText (1)'

2022-12-21 12:27:03 - [MESSAGE][WARNING] - Timeout '0' is invalid. Using default page load timeout: '30'

2022-12-21 12:27:03 - [MESSAGE][PASSED] - Text 'Donas' has been set to element 'Object Repository/Register/RegisterValid/android.widget.EditText (1)'

2022-12-21 12:27:03 - [TEST_STEP][PASSED] - tap(findTestObject("Object Repository/Register/RegisterValid/android.widget.EditText - phone number"), 0): Tapped on element 'Object Repository/Register/RegisterValid/android.widget.EditText - phone number'

2022-12-21 12:27:04 - [MESSAGE][WARNING] - Timeout '0' is invalid. Using default page load timeout: '30'

2022-12-21 12:27:04 - [MESSAGE][PASSED] - Tapped on element 'Object Repository/Register/RegisterValid/android.widget.EditText - phone number'

2022-12-21 12:27:04 - [TEST_STEP][PASSED] - setText(findTestObject("Object Repository/Register/RegisterValid/android.widget.EditText (2)"), "081234567678", 0): Text '081234567678' has been set to element 'Object Repository/Register/RegisterValid/android.widget.EditText (2)'

2022-12-21 12:27:05 - [MESSAGE][WARNING] - Timeout '0' is invalid. Using default page load timeout: '30'

2022-12-21 12:27:05 - [MESSAGE][PASSED] - Text '081234567678' has been set to element 'Object Repository/Register/RegisterValid/android.widget.EditText (2)'

2022-12-21 12:27:05 - [TEST_STEP][PASSED] - tap(findTestObject("Object Repository/Register/RegisterValid/android.widget.EditText - new email address"), 0): Tapped on element 'Object Repository/Register/RegisterValid/android.widget.EditText - new email address'

2022-12-21 12:27:06 - [MESSAGE][WARNING] - Timeout '0' is invalid. Using default page load timeout: '30'

2022-12-21 12:27:06 - [MESSAGE][PASSED] - Tapped on element 'Object Repository/Register/RegisterValid/android.widget.EditText - new email address'

2022-12-21 12:27:06 - [TEST_STEP][PASSED] - setText(findTestObject("Object Repository/Register/RegisterValid/android.widget.EditText (3)"), "roma1234@gmail.com", 0): Text 'roma1234@gmail.com' has been set to element 'Object Repository/Register/RegisterValid/android.widget.EditText (3)'

2022-12-21 12:27:06 - [MESSAGE][WARNING] - Timeout '0' is invalid. Using default page load timeout: '30'

2022-12-21 12:27:07 - [MESSAGE][PASSED] - Text 'roma1234@gmail.com' has been set to element 'Object Repository/Register/RegisterValid/android.widget.EditText (3)'

2022-12-21 12:27:07 - [TEST_STEP][PASSED] - tap(findTestObject("Object Repository/Register/RegisterValid/android.widget.EditText - new password"), 0): Tapped on element 'Object Repository/Register/RegisterValid/android.widget.EditText - new password'

2022-12-21 12:27:07 - [MESSAGE][WARNING] - Timeout '0' is invalid. Using default page load timeout: '30'

2022-12-21 12:27:09 - [MESSAGE][PASSED] - Tapped on element 'Object Repository/Register/RegisterValid/android.widget.EditText - new password'

2022-12-21 12:27:09 - [TEST_STEP][PASSED] - setText(findTestObject("Object Repository/Register/RegisterValid/android.widget.EditText (4)"), "testing", 0): Text 'testing' has been set to element 'Object Repository/Register/RegisterValid/android.widget.EditText (4)'

2022-12-21 12:27:09 - [MESSAGE][WARNING] - Timeout '0' is invalid. Using default page load timeout: '30'

2022-12-21 12:27:10 - [MESSAGE][PASSED] - Text 'testing' has been set to element 'Object Repository/Register/RegisterValid/android.widget.EditText (4)'

2022-12-21 12:27:10 - [TEST_STEP][PASSED] - tap(findTestObject("Object Repository/Register/RegisterValid/android.widget.EditText - confirmation password"), 0): Tapped on element 'Object Repository/Register/RegisterValid/android.widget.EditText - confirmation password'

2022-12-21 12:27:10 - [MESSAGE][WARNING] - Timeout '0' is invalid. Using default page load timeout: '30'

2022-12-21 12:27:10 - [MESSAGE][PASSED] - Tapped on element 'Object Repository/Register/RegisterValid/android.widget.EditText - confirmation password'

2022-12-21 12:27:10 - [TEST_STEP][PASSED] - setText(findTestObject("Object Repository/Register/RegisterValid/android.widget.EditText (5)"), "testing123", 0): Text 'testing123' has been set to element 'Object Repository/Register/RegisterValid/android.widget.EditText (5)'

2022-12-21 12:27:11 - [MESSAGE][WARNING] - Timeout '0' is invalid. Using default page load timeout: '30'

2022-12-21 12:27:12 - [MESSAGE][PASSED] - Text 'testing123' has been set to element 'Object Repository/Register/RegisterValid/android.widget.EditText (5)'

2022-12-21 12:27:12 - [TEST_STEP][PASSED] - hideKeyboard(): Keyboard is hidden

2022-12-21 12:27:15 - [MESSAGE][PASSED] - Keyboard is hidden

2022-12-21 12:27:15 - [TEST_STEP][PASSED] - tap(findTestObject("Object Repository/Register/RegisterValid/android.widget.CheckBox"), 0): Tapped on element 'Object Repository/Register/RegisterValid/android.widget.CheckBox'

2022-12-21 12:27:15 - [MESSAGE][WARNING] - Timeout '0' is invalid. Using default page load timeout: '30'

2022-12-21 12:27:16 - [MESSAGE][PASSED] - Tapped on element 'Object Repository/Register/RegisterValid/android.widget.CheckBox'

2022-12-21 12:27:16 - [TEST_STEP][PASSED] - tap(findTestObject("Object Repository/Register/RegisterValid/android.widget.Button (1)"), 0): Tapped on element 'Object Repository/Register/RegisterValid/android.widget.Button (1)'

2022-12-21 12:27:16 - [MESSAGE][WARNING] - Timeout '0' is invalid. Using default page load timeout: '30'

2022-12-21 12:27:17 - [MESSAGE][PASSED] - Tapped on element 'Object Repository/Register/RegisterValid/android.widget.Button (1)'

2022-12-21 12:27:17 - [TEST_STEP][PASSED] - verifyElementText(findTestObject("Register/RegisterInvalid/android.view.View (4)"), ""): Actual text and expected text of test object 'Object Repository/Register/RegisterInvalid/android.view.View (4)' are matched.

2022-12-21 12:27:17 - [MESSAGE][PASSED] - Actual text and expected text of test object 'Object Repository/Register/RegisterInvalid/android.view.View (4)' are matched.

2022-12-21 12:27:17 - [TEST_STEP][PASSED] - closeApplication(): Close app successfully

2022-12-21 12:27:19 - [MESSAGE][PASSED] - Close app successfully]]></system-out>
         <system-err><![CDATA[]]></system-err>
      </testcase>
      <testcase name="Test Cases/Register/TC_Register_11" time="45.218" classname="Test Cases/Register/TC_Register_11" status="PASSED">
         <system-out><![CDATA[2022-12-21 12:27:19 - [TEST_CASE][PASSED] - Test Cases/Register/TC_Register_11: Test Cases/Register/TC_Register_11

2022-12-21 12:27:19 - [TEST_STEP][PASSED] - startApplication("E:\SEMESTER 7\MBKM\Capstone Project\CICD\Aplikasi\Terbaru\app-release.apk", true): Started app at: 'E:\SEMESTER 7\MBKM\Capstone Project\CICD\Aplikasi\Terbaru\app-release.apk'

2022-12-21 12:27:19 - [MESSAGE][INFO] - Detected NodeJS location: "C:\Program Files\nodejs\node.exe"

2022-12-21 12:27:20 - [MESSAGE][INFO] - Appium server started on port 57,076

2022-12-21 12:27:40 - [MESSAGE][PASSED] - Started app at: 'E:\SEMESTER 7\MBKM\Capstone Project\CICD\Aplikasi\Terbaru\app-release.apk'

2022-12-21 12:27:40 - [TEST_STEP][PASSED] - tap(findTestObject("Object Repository/Register/RegisterValid/android.widget.Button"), 0): Tapped on element 'Object Repository/Register/RegisterValid/android.widget.Button'

2022-12-21 12:27:40 - [MESSAGE][WARNING] - Timeout '0' is invalid. Using default page load timeout: '30'

2022-12-21 12:27:43 - [MESSAGE][PASSED] - Tapped on element 'Object Repository/Register/RegisterValid/android.widget.Button'

2022-12-21 12:27:43 - [TEST_STEP][PASSED] - tap(findTestObject("Object Repository/Register/RegisterValid/android.widget.EditText - first name"), 0): Tapped on element 'Object Repository/Register/RegisterValid/android.widget.EditText - first name'

2022-12-21 12:27:43 - [MESSAGE][WARNING] - Timeout '0' is invalid. Using default page load timeout: '30'

2022-12-21 12:27:44 - [MESSAGE][PASSED] - Tapped on element 'Object Repository/Register/RegisterValid/android.widget.EditText - first name'

2022-12-21 12:27:44 - [TEST_STEP][PASSED] - setText(findTestObject("Object Repository/Register/RegisterValid/android.widget.EditText"), "Romas", 0): Text 'Romas' has been set to element 'Object Repository/Register/RegisterValid/android.widget.EditText'

2022-12-21 12:27:44 - [MESSAGE][WARNING] - Timeout '0' is invalid. Using default page load timeout: '30'

2022-12-21 12:27:45 - [MESSAGE][PASSED] - Text 'Romas' has been set to element 'Object Repository/Register/RegisterValid/android.widget.EditText'

2022-12-21 12:27:45 - [TEST_STEP][PASSED] - tap(findTestObject("Object Repository/Register/RegisterValid/android.widget.EditText - last name"), 0): Tapped on element 'Object Repository/Register/RegisterValid/android.widget.EditText - last name'

2022-12-21 12:27:46 - [MESSAGE][WARNING] - Timeout '0' is invalid. Using default page load timeout: '30'

2022-12-21 12:27:47 - [MESSAGE][PASSED] - Tapped on element 'Object Repository/Register/RegisterValid/android.widget.EditText - last name'

2022-12-21 12:27:47 - [TEST_STEP][PASSED] - setText(findTestObject("Object Repository/Register/RegisterValid/android.widget.EditText (1)"), "Donas", 0): Text 'Donas' has been set to element 'Object Repository/Register/RegisterValid/android.widget.EditText (1)'

2022-12-21 12:27:47 - [MESSAGE][WARNING] - Timeout '0' is invalid. Using default page load timeout: '30'

2022-12-21 12:27:48 - [MESSAGE][PASSED] - Text 'Donas' has been set to element 'Object Repository/Register/RegisterValid/android.widget.EditText (1)'

2022-12-21 12:27:48 - [TEST_STEP][PASSED] - tap(findTestObject("Object Repository/Register/RegisterValid/android.widget.EditText - phone number"), 0): Tapped on element 'Object Repository/Register/RegisterValid/android.widget.EditText - phone number'

2022-12-21 12:27:48 - [MESSAGE][WARNING] - Timeout '0' is invalid. Using default page load timeout: '30'

2022-12-21 12:27:49 - [MESSAGE][PASSED] - Tapped on element 'Object Repository/Register/RegisterValid/android.widget.EditText - phone number'

2022-12-21 12:27:49 - [TEST_STEP][PASSED] - setText(findTestObject("Object Repository/Register/RegisterValid/android.widget.EditText (2)"), "081234567678", 0): Text '081234567678' has been set to element 'Object Repository/Register/RegisterValid/android.widget.EditText (2)'

2022-12-21 12:27:49 - [MESSAGE][WARNING] - Timeout '0' is invalid. Using default page load timeout: '30'

2022-12-21 12:27:50 - [MESSAGE][PASSED] - Text '081234567678' has been set to element 'Object Repository/Register/RegisterValid/android.widget.EditText (2)'

2022-12-21 12:27:50 - [TEST_STEP][PASSED] - tap(findTestObject("Object Repository/Register/RegisterValid/android.widget.EditText - new email address"), 0): Tapped on element 'Object Repository/Register/RegisterValid/android.widget.EditText - new email address'

2022-12-21 12:27:50 - [MESSAGE][WARNING] - Timeout '0' is invalid. Using default page load timeout: '30'

2022-12-21 12:27:51 - [MESSAGE][PASSED] - Tapped on element 'Object Repository/Register/RegisterValid/android.widget.EditText - new email address'

2022-12-21 12:27:51 - [TEST_STEP][PASSED] - setText(findTestObject("Object Repository/Register/RegisterValid/android.widget.EditText (3)"), "roma1234@gmail.com", 0): Text 'roma1234@gmail.com' has been set to element 'Object Repository/Register/RegisterValid/android.widget.EditText (3)'

2022-12-21 12:27:51 - [MESSAGE][WARNING] - Timeout '0' is invalid. Using default page load timeout: '30'

2022-12-21 12:27:52 - [MESSAGE][PASSED] - Text 'roma1234@gmail.com' has been set to element 'Object Repository/Register/RegisterValid/android.widget.EditText (3)'

2022-12-21 12:27:52 - [TEST_STEP][PASSED] - tap(findTestObject("Object Repository/Register/RegisterValid/android.widget.EditText - new password"), 0): Tapped on element 'Object Repository/Register/RegisterValid/android.widget.EditText - new password'

2022-12-21 12:27:52 - [MESSAGE][WARNING] - Timeout '0' is invalid. Using default page load timeout: '30'

2022-12-21 12:27:53 - [MESSAGE][PASSED] - Tapped on element 'Object Repository/Register/RegisterValid/android.widget.EditText - new password'

2022-12-21 12:27:53 - [TEST_STEP][PASSED] - setText(findTestObject("Object Repository/Register/RegisterValid/android.widget.EditText (4)"), "testing  123", 0): Text 'testing  123' has been set to element 'Object Repository/Register/RegisterValid/android.widget.EditText (4)'

2022-12-21 12:27:53 - [MESSAGE][WARNING] - Timeout '0' is invalid. Using default page load timeout: '30'

2022-12-21 12:27:54 - [MESSAGE][PASSED] - Text 'testing  123' has been set to element 'Object Repository/Register/RegisterValid/android.widget.EditText (4)'

2022-12-21 12:27:54 - [TEST_STEP][PASSED] - tap(findTestObject("Object Repository/Register/RegisterValid/android.widget.EditText - confirmation password"), 0): Tapped on element 'Object Repository/Register/RegisterValid/android.widget.EditText - confirmation password'

2022-12-21 12:27:54 - [MESSAGE][WARNING] - Timeout '0' is invalid. Using default page load timeout: '30'

2022-12-21 12:27:55 - [MESSAGE][PASSED] - Tapped on element 'Object Repository/Register/RegisterValid/android.widget.EditText - confirmation password'

2022-12-21 12:27:55 - [TEST_STEP][PASSED] - setText(findTestObject("Object Repository/Register/RegisterValid/android.widget.EditText (5)"), "testing  123", 0): Text 'testing  123' has been set to element 'Object Repository/Register/RegisterValid/android.widget.EditText (5)'

2022-12-21 12:27:55 - [MESSAGE][WARNING] - Timeout '0' is invalid. Using default page load timeout: '30'

2022-12-21 12:27:56 - [MESSAGE][PASSED] - Text 'testing  123' has been set to element 'Object Repository/Register/RegisterValid/android.widget.EditText (5)'

2022-12-21 12:27:56 - [TEST_STEP][PASSED] - hideKeyboard(): Keyboard is hidden

2022-12-21 12:27:59 - [MESSAGE][PASSED] - Keyboard is hidden

2022-12-21 12:27:59 - [TEST_STEP][PASSED] - tap(findTestObject("Object Repository/Register/RegisterValid/android.widget.CheckBox"), 0): Tapped on element 'Object Repository/Register/RegisterValid/android.widget.CheckBox'

2022-12-21 12:27:59 - [MESSAGE][WARNING] - Timeout '0' is invalid. Using default page load timeout: '30'

2022-12-21 12:28:00 - [MESSAGE][PASSED] - Tapped on element 'Object Repository/Register/RegisterValid/android.widget.CheckBox'

2022-12-21 12:28:00 - [TEST_STEP][PASSED] - tap(findTestObject("Object Repository/Register/RegisterValid/android.widget.Button (1)"), 0): Tapped on element 'Object Repository/Register/RegisterValid/android.widget.Button (1)'

2022-12-21 12:28:00 - [MESSAGE][WARNING] - Timeout '0' is invalid. Using default page load timeout: '30'

2022-12-21 12:28:02 - [MESSAGE][PASSED] - Tapped on element 'Object Repository/Register/RegisterValid/android.widget.Button (1)'

2022-12-21 12:28:02 - [TEST_STEP][PASSED] - verifyElementText(findTestObject("Register/RegisterInvalid/android.view.View (3)"), ""): Actual text and expected text of test object 'Object Repository/Register/RegisterInvalid/android.view.View (3)' are matched.

2022-12-21 12:28:03 - [MESSAGE][PASSED] - Actual text and expected text of test object 'Object Repository/Register/RegisterInvalid/android.view.View (3)' are matched.

2022-12-21 12:28:03 - [TEST_STEP][PASSED] - closeApplication(): Close app successfully

2022-12-21 12:28:04 - [MESSAGE][PASSED] - Close app successfully]]></system-out>
         <system-err><![CDATA[]]></system-err>
      </testcase>
      <testcase name="Test Cases/Register/TC_Register_12" time="73.38" classname="Test Cases/Register/TC_Register_12" status="FAILED">
         <failure type="FAILED" message="Test Cases/Register/TC_Register_12 FAILED.
Reason:
com.kms.katalon.core.exception.StepFailedException: Element 'Object Repository/LoginInvalid/android.view.View (2)' not found
	at com.kms.katalon.core.keyword.internal.KeywordMain.stepFailed(KeywordMain.groovy:50)
	at com.kms.katalon.core.mobile.keyword.internal.MobileKeywordMain.stepFailed(MobileKeywordMain.groovy:40)
	at com.kms.katalon.core.mobile.keyword.builtin.VerifyElementTextKeyword$_verifyElementText_closure1.doCall(VerifyElementTextKeyword.groovy:49)
	at com.kms.katalon.core.mobile.keyword.builtin.VerifyElementTextKeyword$_verifyElementText_closure1.call(VerifyElementTextKeyword.groovy)
	at com.kms.katalon.core.mobile.keyword.internal.MobileKeywordMain.runKeyword(MobileKeywordMain.groovy:21)
	at com.kms.katalon.core.mobile.keyword.builtin.VerifyElementTextKeyword.verifyElementText(VerifyElementTextKeyword.groovy:62)
	at com.kms.katalon.core.mobile.keyword.builtin.VerifyElementTextKeyword.execute(VerifyElementTextKeyword.groovy:39)
	at com.kms.katalon.core.keyword.internal.KeywordExecutor.executeKeywordForPlatform(KeywordExecutor.groovy:74)
	at com.kms.katalon.core.mobile.keyword.MobileBuiltInKeywords.verifyElementText(MobileBuiltInKeywords.groovy:2901)
	at com.kms.katalon.core.mobile.keyword.MobileBuiltInKeywords$verifyElementText$3.call(Unknown Source)
	at TC_Register_12.run(TC_Register_12:55)
	at com.kms.katalon.core.main.ScriptEngine.run(ScriptEngine.java:194)
	at com.kms.katalon.core.main.ScriptEngine.runScriptAsRawText(ScriptEngine.java:119)
	at com.kms.katalon.core.main.TestCaseExecutor.runScript(TestCaseExecutor.java:445)
	at com.kms.katalon.core.main.TestCaseExecutor.doExecute(TestCaseExecutor.java:436)
	at com.kms.katalon.core.main.TestCaseExecutor.processExecutionPhase(TestCaseExecutor.java:415)
	at com.kms.katalon.core.main.TestCaseExecutor.accessMainPhase(TestCaseExecutor.java:407)
	at com.kms.katalon.core.main.TestCaseExecutor.execute(TestCaseExecutor.java:284)
	at com.kms.katalon.core.common.CommonExecutor.accessTestCaseMainPhase(CommonExecutor.java:65)
	at com.kms.katalon.core.main.TestSuiteExecutor.accessTestSuiteMainPhase(TestSuiteExecutor.java:144)
	at com.kms.katalon.core.main.TestSuiteExecutor.execute(TestSuiteExecutor.java:106)
	at com.kms.katalon.core.main.TestCaseMain.startTestSuite(TestCaseMain.java:185)
	at com.kms.katalon.core.main.TestCaseMain$startTestSuite$0.call(Unknown Source)
	at TempTestSuite1671600116004.run(TempTestSuite1671600116004.groovy:36)
"/>
         <system-out><![CDATA[2022-12-21 12:28:04 - [TEST_CASE][FAILED] - Test Cases/Register/TC_Register_12: Test Cases/Register/TC_Register_12 FAILED.
Reason:
com.kms.katalon.core.exception.StepFailedException: Element 'Object Repository/LoginInvalid/android.view.View (2)' not found
	at com.kms.katalon.core.keyword.internal.KeywordMain.stepFailed(KeywordMain.groovy:50)
	at com.kms.katalon.core.mobile.keyword.internal.MobileKeywordMain.stepFailed(MobileKeywordMain.groovy:40)
	at com.kms.katalon.core.mobile.keyword.builtin.VerifyElementTextKeyword$_verifyElementText_closure1.doCall(VerifyElementTextKeyword.groovy:49)
	at com.kms.katalon.core.mobile.keyword.builtin.VerifyElementTextKeyword$_verifyElementText_closure1.call(VerifyElementTextKeyword.groovy)
	at com.kms.katalon.core.mobile.keyword.internal.MobileKeywordMain.runKeyword(MobileKeywordMain.groovy:21)
	at com.kms.katalon.core.mobile.keyword.builtin.VerifyElementTextKeyword.verifyElementText(VerifyElementTextKeyword.groovy:62)
	at com.kms.katalon.core.mobile.keyword.builtin.VerifyElementTextKeyword.execute(VerifyElementTextKeyword.groovy:39)
	at com.kms.katalon.core.keyword.internal.KeywordExecutor.executeKeywordForPlatform(KeywordExecutor.groovy:74)
	at com.kms.katalon.core.mobile.keyword.MobileBuiltInKeywords.verifyElementText(MobileBuiltInKeywords.groovy:2901)
	at com.kms.katalon.core.mobile.keyword.MobileBuiltInKeywords$verifyElementText$3.call(Unknown Source)
	at TC_Register_12.run(TC_Register_12:55)
	at com.kms.katalon.core.main.ScriptEngine.run(ScriptEngine.java:194)
	at com.kms.katalon.core.main.ScriptEngine.runScriptAsRawText(ScriptEngine.java:119)
	at com.kms.katalon.core.main.TestCaseExecutor.runScript(TestCaseExecutor.java:445)
	at com.kms.katalon.core.main.TestCaseExecutor.doExecute(TestCaseExecutor.java:436)
	at com.kms.katalon.core.main.TestCaseExecutor.processExecutionPhase(TestCaseExecutor.java:415)
	at com.kms.katalon.core.main.TestCaseExecutor.accessMainPhase(TestCaseExecutor.java:407)
	at com.kms.katalon.core.main.TestCaseExecutor.execute(TestCaseExecutor.java:284)
	at com.kms.katalon.core.common.CommonExecutor.accessTestCaseMainPhase(CommonExecutor.java:65)
	at com.kms.katalon.core.main.TestSuiteExecutor.accessTestSuiteMainPhase(TestSuiteExecutor.java:144)
	at com.kms.katalon.core.main.TestSuiteExecutor.execute(TestSuiteExecutor.java:106)
	at com.kms.katalon.core.main.TestCaseMain.startTestSuite(TestCaseMain.java:185)
	at com.kms.katalon.core.main.TestCaseMain$startTestSuite$0.call(Unknown Source)
	at TempTestSuite1671600116004.run(TempTestSuite1671600116004.groovy:36)


2022-12-21 12:28:04 - [TEST_STEP][PASSED] - startApplication("E:\SEMESTER 7\MBKM\Capstone Project\CICD\Aplikasi\Terbaru\app-release.apk", true): Started app at: 'E:\SEMESTER 7\MBKM\Capstone Project\CICD\Aplikasi\Terbaru\app-release.apk'

2022-12-21 12:28:04 - [MESSAGE][INFO] - Detected NodeJS location: "C:\Program Files\nodejs\node.exe"

2022-12-21 12:28:05 - [MESSAGE][INFO] - Appium server started on port 57,225

2022-12-21 12:28:25 - [MESSAGE][PASSED] - Started app at: 'E:\SEMESTER 7\MBKM\Capstone Project\CICD\Aplikasi\Terbaru\app-release.apk'

2022-12-21 12:28:25 - [TEST_STEP][PASSED] - tap(findTestObject("Object Repository/Register/RegisterValid/android.widget.Button"), 0): Tapped on element 'Object Repository/Register/RegisterValid/android.widget.Button'

2022-12-21 12:28:25 - [MESSAGE][WARNING] - Timeout '0' is invalid. Using default page load timeout: '30'

2022-12-21 12:28:29 - [MESSAGE][PASSED] - Tapped on element 'Object Repository/Register/RegisterValid/android.widget.Button'

2022-12-21 12:28:29 - [TEST_STEP][PASSED] - tap(findTestObject("Object Repository/Register/RegisterValid/android.widget.EditText - first name"), 0): Tapped on element 'Object Repository/Register/RegisterValid/android.widget.EditText - first name'

2022-12-21 12:28:29 - [MESSAGE][WARNING] - Timeout '0' is invalid. Using default page load timeout: '30'

2022-12-21 12:28:31 - [MESSAGE][PASSED] - Tapped on element 'Object Repository/Register/RegisterValid/android.widget.EditText - first name'

2022-12-21 12:28:31 - [TEST_STEP][PASSED] - setText(findTestObject("Object Repository/Register/RegisterValid/android.widget.EditText"), "Romas", 0): Text 'Romas' has been set to element 'Object Repository/Register/RegisterValid/android.widget.EditText'

2022-12-21 12:28:31 - [MESSAGE][WARNING] - Timeout '0' is invalid. Using default page load timeout: '30'

2022-12-21 12:28:31 - [MESSAGE][PASSED] - Text 'Romas' has been set to element 'Object Repository/Register/RegisterValid/android.widget.EditText'

2022-12-21 12:28:31 - [TEST_STEP][PASSED] - tap(findTestObject("Object Repository/Register/RegisterValid/android.widget.EditText - last name"), 0): Tapped on element 'Object Repository/Register/RegisterValid/android.widget.EditText - last name'

2022-12-21 12:28:31 - [MESSAGE][WARNING] - Timeout '0' is invalid. Using default page load timeout: '30'

2022-12-21 12:28:32 - [MESSAGE][PASSED] - Tapped on element 'Object Repository/Register/RegisterValid/android.widget.EditText - last name'

2022-12-21 12:28:32 - [TEST_STEP][PASSED] - setText(findTestObject("Object Repository/Register/RegisterValid/android.widget.EditText (1)"), "Donas", 0): Text 'Donas' has been set to element 'Object Repository/Register/RegisterValid/android.widget.EditText (1)'

2022-12-21 12:28:32 - [MESSAGE][WARNING] - Timeout '0' is invalid. Using default page load timeout: '30'

2022-12-21 12:28:33 - [MESSAGE][PASSED] - Text 'Donas' has been set to element 'Object Repository/Register/RegisterValid/android.widget.EditText (1)'

2022-12-21 12:28:33 - [TEST_STEP][PASSED] - tap(findTestObject("Object Repository/Register/RegisterValid/android.widget.EditText - phone number"), 0): Tapped on element 'Object Repository/Register/RegisterValid/android.widget.EditText - phone number'

2022-12-21 12:28:33 - [MESSAGE][WARNING] - Timeout '0' is invalid. Using default page load timeout: '30'

2022-12-21 12:28:35 - [MESSAGE][PASSED] - Tapped on element 'Object Repository/Register/RegisterValid/android.widget.EditText - phone number'

2022-12-21 12:28:35 - [TEST_STEP][PASSED] - setText(findTestObject("Object Repository/Register/RegisterValid/android.widget.EditText (2)"), "081234567678", 0): Text '081234567678' has been set to element 'Object Repository/Register/RegisterValid/android.widget.EditText (2)'

2022-12-21 12:28:35 - [MESSAGE][WARNING] - Timeout '0' is invalid. Using default page load timeout: '30'

2022-12-21 12:28:35 - [MESSAGE][PASSED] - Text '081234567678' has been set to element 'Object Repository/Register/RegisterValid/android.widget.EditText (2)'

2022-12-21 12:28:35 - [TEST_STEP][PASSED] - tap(findTestObject("Object Repository/Register/RegisterValid/android.widget.EditText - new email address"), 0): Tapped on element 'Object Repository/Register/RegisterValid/android.widget.EditText - new email address'

2022-12-21 12:28:35 - [MESSAGE][WARNING] - Timeout '0' is invalid. Using default page load timeout: '30'

2022-12-21 12:28:37 - [MESSAGE][PASSED] - Tapped on element 'Object Repository/Register/RegisterValid/android.widget.EditText - new email address'

2022-12-21 12:28:37 - [TEST_STEP][PASSED] - setText(findTestObject("Object Repository/Register/RegisterValid/android.widget.EditText (3)"), "roma1234@gmail.com", 0): Text 'roma1234@gmail.com' has been set to element 'Object Repository/Register/RegisterValid/android.widget.EditText (3)'

2022-12-21 12:28:37 - [MESSAGE][WARNING] - Timeout '0' is invalid. Using default page load timeout: '30'

2022-12-21 12:28:37 - [MESSAGE][PASSED] - Text 'roma1234@gmail.com' has been set to element 'Object Repository/Register/RegisterValid/android.widget.EditText (3)'

2022-12-21 12:28:37 - [TEST_STEP][PASSED] - tap(findTestObject("Object Repository/Register/RegisterValid/android.widget.EditText - new password"), 0): Tapped on element 'Object Repository/Register/RegisterValid/android.widget.EditText - new password'

2022-12-21 12:28:37 - [MESSAGE][WARNING] - Timeout '0' is invalid. Using default page load timeout: '30'

2022-12-21 12:28:38 - [MESSAGE][PASSED] - Tapped on element 'Object Repository/Register/RegisterValid/android.widget.EditText - new password'

2022-12-21 12:28:38 - [TEST_STEP][PASSED] - setText(findTestObject("Object Repository/Register/RegisterValid/android.widget.EditText (4)"), "manusia123", 0): Text 'manusia123' has been set to element 'Object Repository/Register/RegisterValid/android.widget.EditText (4)'

2022-12-21 12:28:38 - [MESSAGE][WARNING] - Timeout '0' is invalid. Using default page load timeout: '30'

2022-12-21 12:28:39 - [MESSAGE][PASSED] - Text 'manusia123' has been set to element 'Object Repository/Register/RegisterValid/android.widget.EditText (4)'

2022-12-21 12:28:39 - [TEST_STEP][PASSED] - tap(findTestObject("Object Repository/Register/RegisterValid/android.widget.EditText - confirmation password"), 0): Tapped on element 'Object Repository/Register/RegisterValid/android.widget.EditText - confirmation password'

2022-12-21 12:28:39 - [MESSAGE][WARNING] - Timeout '0' is invalid. Using default page load timeout: '30'

2022-12-21 12:28:40 - [MESSAGE][PASSED] - Tapped on element 'Object Repository/Register/RegisterValid/android.widget.EditText - confirmation password'

2022-12-21 12:28:40 - [TEST_STEP][PASSED] - setText(findTestObject("Object Repository/Register/RegisterValid/android.widget.EditText (5)"), "testing123", 0): Text 'testing123' has been set to element 'Object Repository/Register/RegisterValid/android.widget.EditText (5)'

2022-12-21 12:28:40 - [MESSAGE][WARNING] - Timeout '0' is invalid. Using default page load timeout: '30'

2022-12-21 12:28:41 - [MESSAGE][PASSED] - Text 'testing123' has been set to element 'Object Repository/Register/RegisterValid/android.widget.EditText (5)'

2022-12-21 12:28:41 - [TEST_STEP][PASSED] - hideKeyboard(): Keyboard is hidden

2022-12-21 12:28:44 - [MESSAGE][PASSED] - Keyboard is hidden

2022-12-21 12:28:44 - [TEST_STEP][PASSED] - tap(findTestObject("Object Repository/Register/RegisterValid/android.widget.CheckBox"), 0): Tapped on element 'Object Repository/Register/RegisterValid/android.widget.CheckBox'

2022-12-21 12:28:44 - [MESSAGE][WARNING] - Timeout '0' is invalid. Using default page load timeout: '30'

2022-12-21 12:28:46 - [MESSAGE][PASSED] - Tapped on element 'Object Repository/Register/RegisterValid/android.widget.CheckBox'

2022-12-21 12:28:46 - [TEST_STEP][PASSED] - tap(findTestObject("Object Repository/Register/RegisterValid/android.widget.Button (1)"), 0): Tapped on element 'Object Repository/Register/RegisterValid/android.widget.Button (1)'

2022-12-21 12:28:46 - [MESSAGE][WARNING] - Timeout '0' is invalid. Using default page load timeout: '30'

2022-12-21 12:28:47 - [MESSAGE][PASSED] - Tapped on element 'Object Repository/Register/RegisterValid/android.widget.Button (1)'

2022-12-21 12:28:47 - [TEST_STEP][FAILED] - verifyElementText(findTestObject("LoginInvalid/android.view.View (2)"), ""): Verify element text of test object 'Object Repository/LoginInvalid/android.view.View (2)' FAILED. (Root cause: com.kms.katalon.core.exception.StepFailedException: Element 'Object Repository/LoginInvalid/android.view.View (2)' not found
	at com.kms.katalon.core.keyword.internal.KeywordMain.stepFailed(KeywordMain.groovy:50)
	at com.kms.katalon.core.mobile.keyword.internal.MobileKeywordMain.stepFailed(MobileKeywordMain.groovy:40)
	at com.kms.katalon.core.mobile.keyword.builtin.VerifyElementTextKeyword$_verifyElementText_closure1.doCall(VerifyElementTextKeyword.groovy:49)
	at com.kms.katalon.core.mobile.keyword.builtin.VerifyElementTextKeyword$_verifyElementText_closure1.call(VerifyElementTextKeyword.groovy)
	at com.kms.katalon.core.mobile.keyword.internal.MobileKeywordMain.runKeyword(MobileKeywordMain.groovy:21)
	at com.kms.katalon.core.mobile.keyword.builtin.VerifyElementTextKeyword.verifyElementText(VerifyElementTextKeyword.groovy:62)
	at com.kms.katalon.core.mobile.keyword.builtin.VerifyElementTextKeyword.execute(VerifyElementTextKeyword.groovy:39)
	at com.kms.katalon.core.keyword.internal.KeywordExecutor.executeKeywordForPlatform(KeywordExecutor.groovy:74)
	at com.kms.katalon.core.mobile.keyword.MobileBuiltInKeywords.verifyElementText(MobileBuiltInKeywords.groovy:2901)
	at com.kms.katalon.core.mobile.keyword.MobileBuiltInKeywords$verifyElementText$3.call(Unknown Source)
	at TC_Register_12.run(TC_Register_12:55)
	at com.kms.katalon.core.main.ScriptEngine.run(ScriptEngine.java:194)
	at com.kms.katalon.core.main.ScriptEngine.runScriptAsRawText(ScriptEngine.java:119)
	at com.kms.katalon.core.main.TestCaseExecutor.runScript(TestCaseExecutor.java:445)
	at com.kms.katalon.core.main.TestCaseExecutor.doExecute(TestCaseExecutor.java:436)
	at com.kms.katalon.core.main.TestCaseExecutor.processExecutionPhase(TestCaseExecutor.java:415)
	at com.kms.katalon.core.main.TestCaseExecutor.accessMainPhase(TestCaseExecutor.java:407)
	at com.kms.katalon.core.main.TestCaseExecutor.execute(TestCaseExecutor.java:284)
	at com.kms.katalon.core.common.CommonExecutor.accessTestCaseMainPhase(CommonExecutor.java:65)
	at com.kms.katalon.core.main.TestSuiteExecutor.accessTestSuiteMainPhase(TestSuiteExecutor.java:144)
	at com.kms.katalon.core.main.TestSuiteExecutor.execute(TestSuiteExecutor.java:106)
	at com.kms.katalon.core.main.TestCaseMain.startTestSuite(TestCaseMain.java:185)
	at com.kms.katalon.core.main.TestCaseMain$startTestSuite$0.call(Unknown Source)
	at TempTestSuite1671600116004.run(TempTestSuite1671600116004.groovy:36)
)

2022-12-21 12:29:17 - [MESSAGE][FAILED] - Element 'Object Repository/LoginInvalid/android.view.View (2)' not found

2022-12-21 12:29:17 - [MESSAGE][FAILED] - Verify element text of test object 'Object Repository/LoginInvalid/android.view.View (2)' FAILED. (Root cause: com.kms.katalon.core.exception.StepFailedException: Element 'Object Repository/LoginInvalid/android.view.View (2)' not found
	at com.kms.katalon.core.keyword.internal.KeywordMain.stepFailed(KeywordMain.groovy:50)
	at com.kms.katalon.core.mobile.keyword.internal.MobileKeywordMain.stepFailed(MobileKeywordMain.groovy:40)
	at com.kms.katalon.core.mobile.keyword.builtin.VerifyElementTextKeyword$_verifyElementText_closure1.doCall(VerifyElementTextKeyword.groovy:49)
	at com.kms.katalon.core.mobile.keyword.builtin.VerifyElementTextKeyword$_verifyElementText_closure1.call(VerifyElementTextKeyword.groovy)
	at com.kms.katalon.core.mobile.keyword.internal.MobileKeywordMain.runKeyword(MobileKeywordMain.groovy:21)
	at com.kms.katalon.core.mobile.keyword.builtin.VerifyElementTextKeyword.verifyElementText(VerifyElementTextKeyword.groovy:62)
	at com.kms.katalon.core.mobile.keyword.builtin.VerifyElementTextKeyword.execute(VerifyElementTextKeyword.groovy:39)
	at com.kms.katalon.core.keyword.internal.KeywordExecutor.executeKeywordForPlatform(KeywordExecutor.groovy:74)
	at com.kms.katalon.core.mobile.keyword.MobileBuiltInKeywords.verifyElementText(MobileBuiltInKeywords.groovy:2901)
	at com.kms.katalon.core.mobile.keyword.MobileBuiltInKeywords$verifyElementText$3.call(Unknown Source)
	at TC_Register_12.run(TC_Register_12:55)
	at com.kms.katalon.core.main.ScriptEngine.run(ScriptEngine.java:194)
	at com.kms.katalon.core.main.ScriptEngine.runScriptAsRawText(ScriptEngine.java:119)
	at com.kms.katalon.core.main.TestCaseExecutor.runScript(TestCaseExecutor.java:445)
	at com.kms.katalon.core.main.TestCaseExecutor.doExecute(TestCaseExecutor.java:436)
	at com.kms.katalon.core.main.TestCaseExecutor.processExecutionPhase(TestCaseExecutor.java:415)
	at com.kms.katalon.core.main.TestCaseExecutor.accessMainPhase(TestCaseExecutor.java:407)
	at com.kms.katalon.core.main.TestCaseExecutor.execute(TestCaseExecutor.java:284)
	at com.kms.katalon.core.common.CommonExecutor.accessTestCaseMainPhase(CommonExecutor.java:65)
	at com.kms.katalon.core.main.TestSuiteExecutor.accessTestSuiteMainPhase(TestSuiteExecutor.java:144)
	at com.kms.katalon.core.main.TestSuiteExecutor.execute(TestSuiteExecutor.java:106)
	at com.kms.katalon.core.main.TestCaseMain.startTestSuite(TestCaseMain.java:185)
	at com.kms.katalon.core.main.TestCaseMain$startTestSuite$0.call(Unknown Source)
	at TempTestSuite1671600116004.run(TempTestSuite1671600116004.groovy:36)
)
[[ATTACHMENT|E:\\SEMESTER 7\\MBKM\\Capstone Project\\CICD\\Mobile\\CapstoneWorkfitMobile\\Reports\\20221221_122156\\Regression\\20221221_122156\\1671600557172.png]]]]></system-out>
         <system-err><![CDATA[2022-12-21 12:28:04 - [TEST_CASE][FAILED] - Test Cases/Register/TC_Register_12: Test Cases/Register/TC_Register_12 FAILED.
Reason:
com.kms.katalon.core.exception.StepFailedException: Element 'Object Repository/LoginInvalid/android.view.View (2)' not found
	at com.kms.katalon.core.keyword.internal.KeywordMain.stepFailed(KeywordMain.groovy:50)
	at com.kms.katalon.core.mobile.keyword.internal.MobileKeywordMain.stepFailed(MobileKeywordMain.groovy:40)
	at com.kms.katalon.core.mobile.keyword.builtin.VerifyElementTextKeyword$_verifyElementText_closure1.doCall(VerifyElementTextKeyword.groovy:49)
	at com.kms.katalon.core.mobile.keyword.builtin.VerifyElementTextKeyword$_verifyElementText_closure1.call(VerifyElementTextKeyword.groovy)
	at com.kms.katalon.core.mobile.keyword.internal.MobileKeywordMain.runKeyword(MobileKeywordMain.groovy:21)
	at com.kms.katalon.core.mobile.keyword.builtin.VerifyElementTextKeyword.verifyElementText(VerifyElementTextKeyword.groovy:62)
	at com.kms.katalon.core.mobile.keyword.builtin.VerifyElementTextKeyword.execute(VerifyElementTextKeyword.groovy:39)
	at com.kms.katalon.core.keyword.internal.KeywordExecutor.executeKeywordForPlatform(KeywordExecutor.groovy:74)
	at com.kms.katalon.core.mobile.keyword.MobileBuiltInKeywords.verifyElementText(MobileBuiltInKeywords.groovy:2901)
	at com.kms.katalon.core.mobile.keyword.MobileBuiltInKeywords$verifyElementText$3.call(Unknown Source)
	at TC_Register_12.run(TC_Register_12:55)
	at com.kms.katalon.core.main.ScriptEngine.run(ScriptEngine.java:194)
	at com.kms.katalon.core.main.ScriptEngine.runScriptAsRawText(ScriptEngine.java:119)
	at com.kms.katalon.core.main.TestCaseExecutor.runScript(TestCaseExecutor.java:445)
	at com.kms.katalon.core.main.TestCaseExecutor.doExecute(TestCaseExecutor.java:436)
	at com.kms.katalon.core.main.TestCaseExecutor.processExecutionPhase(TestCaseExecutor.java:415)
	at com.kms.katalon.core.main.TestCaseExecutor.accessMainPhase(TestCaseExecutor.java:407)
	at com.kms.katalon.core.main.TestCaseExecutor.execute(TestCaseExecutor.java:284)
	at com.kms.katalon.core.common.CommonExecutor.accessTestCaseMainPhase(CommonExecutor.java:65)
	at com.kms.katalon.core.main.TestSuiteExecutor.accessTestSuiteMainPhase(TestSuiteExecutor.java:144)
	at com.kms.katalon.core.main.TestSuiteExecutor.execute(TestSuiteExecutor.java:106)
	at com.kms.katalon.core.main.TestCaseMain.startTestSuite(TestCaseMain.java:185)
	at com.kms.katalon.core.main.TestCaseMain$startTestSuite$0.call(Unknown Source)
	at TempTestSuite1671600116004.run(TempTestSuite1671600116004.groovy:36)]]></system-err>
      </testcase>
      <testcase name="Test Cases/Logout/TC_Logout" time="36.943" classname="Test Cases/Logout/TC_Logout" status="PASSED">
         <system-out><![CDATA[2022-12-21 12:29:17 - [TEST_CASE][PASSED] - Test Cases/Logout/TC_Logout: Test Cases/Logout/TC_Logout

2022-12-21 12:29:18 - [TEST_STEP][PASSED] - startApplication("E:\SEMESTER 7\MBKM\Capstone Project\CICD\Aplikasi\Terbaru\app-release.apk", true): Started app at: 'E:\SEMESTER 7\MBKM\Capstone Project\CICD\Aplikasi\Terbaru\app-release.apk'

2022-12-21 12:29:38 - [MESSAGE][PASSED] - Started app at: 'E:\SEMESTER 7\MBKM\Capstone Project\CICD\Aplikasi\Terbaru\app-release.apk'

2022-12-21 12:29:38 - [TEST_STEP][PASSED] - tap(findTestObject("Object Repository/LogoutValid/android.view.View"), 0): Tapped on element 'Object Repository/LogoutValid/android.view.View'

2022-12-21 12:29:38 - [MESSAGE][WARNING] - Timeout '0' is invalid. Using default page load timeout: '30'

2022-12-21 12:29:40 - [MESSAGE][PASSED] - Tapped on element 'Object Repository/LogoutValid/android.view.View'

2022-12-21 12:29:40 - [TEST_STEP][PASSED] - tap(findTestObject("Object Repository/LogoutValid/android.widget.EditText - email address"), 0): Tapped on element 'Object Repository/LogoutValid/android.widget.EditText - email address'

2022-12-21 12:29:40 - [MESSAGE][WARNING] - Timeout '0' is invalid. Using default page load timeout: '30'

2022-12-21 12:29:41 - [MESSAGE][PASSED] - Tapped on element 'Object Repository/LogoutValid/android.widget.EditText - email address'

2022-12-21 12:29:41 - [TEST_STEP][PASSED] - setText(findTestObject("Object Repository/LogoutValid/android.widget.EditText"), "qe1@gmail.com", 0): Text 'qe1@gmail.com' has been set to element 'Object Repository/LogoutValid/android.widget.EditText'

2022-12-21 12:29:41 - [MESSAGE][WARNING] - Timeout '0' is invalid. Using default page load timeout: '30'

2022-12-21 12:29:43 - [MESSAGE][PASSED] - Text 'qe1@gmail.com' has been set to element 'Object Repository/LogoutValid/android.widget.EditText'

2022-12-21 12:29:43 - [TEST_STEP][PASSED] - tap(findTestObject("Object Repository/LogoutValid/android.widget.EditText - password"), 0): Tapped on element 'Object Repository/LogoutValid/android.widget.EditText - password'

2022-12-21 12:29:43 - [MESSAGE][WARNING] - Timeout '0' is invalid. Using default page load timeout: '30'

2022-12-21 12:29:44 - [MESSAGE][PASSED] - Tapped on element 'Object Repository/LogoutValid/android.widget.EditText - password'

2022-12-21 12:29:44 - [TEST_STEP][PASSED] - setText(findTestObject("Object Repository/LogoutValid/android.widget.EditText (1)"), "12344321", 0): Text '12344321' has been set to element 'Object Repository/LogoutValid/android.widget.EditText (1)'

2022-12-21 12:29:44 - [MESSAGE][WARNING] - Timeout '0' is invalid. Using default page load timeout: '30'

2022-12-21 12:29:45 - [MESSAGE][PASSED] - Text '12344321' has been set to element 'Object Repository/LogoutValid/android.widget.EditText (1)'

2022-12-21 12:29:45 - [TEST_STEP][PASSED] - hideKeyboard(): Keyboard is hidden

2022-12-21 12:29:48 - [MESSAGE][PASSED] - Keyboard is hidden

2022-12-21 12:29:48 - [TEST_STEP][PASSED] - tap(findTestObject("Object Repository/LogoutValid/android.widget.Button"), 0): Tapped on element 'Object Repository/LogoutValid/android.widget.Button'

2022-12-21 12:29:48 - [MESSAGE][WARNING] - Timeout '0' is invalid. Using default page load timeout: '30'

2022-12-21 12:29:50 - [MESSAGE][PASSED] - Tapped on element 'Object Repository/LogoutValid/android.widget.Button'

2022-12-21 12:29:50 - [TEST_STEP][PASSED] - tap(findTestObject("Object Repository/LogoutValid/android.widget.ImageView"), 0): Tapped on element 'Object Repository/LogoutValid/android.widget.ImageView'

2022-12-21 12:29:50 - [MESSAGE][WARNING] - Timeout '0' is invalid. Using default page load timeout: '30'

2022-12-21 12:29:51 - [MESSAGE][PASSED] - Tapped on element 'Object Repository/LogoutValid/android.widget.ImageView'

2022-12-21 12:29:51 - [TEST_STEP][PASSED] - tap(findTestObject("Object Repository/LogoutValid/android.widget.ImageView (1)"), 0): Tapped on element 'Object Repository/LogoutValid/android.widget.ImageView (1)'

2022-12-21 12:29:51 - [MESSAGE][WARNING] - Timeout '0' is invalid. Using default page load timeout: '30'

2022-12-21 12:29:53 - [MESSAGE][PASSED] - Tapped on element 'Object Repository/LogoutValid/android.widget.ImageView (1)'

2022-12-21 12:29:53 - [TEST_STEP][PASSED] - verifyElementText(findTestObject("Object Repository/LogoutValid/android.view.View (1)"), ""): Actual text and expected text of test object 'Object Repository/LogoutValid/android.view.View (1)' are matched.

2022-12-21 12:29:53 - [MESSAGE][PASSED] - Actual text and expected text of test object 'Object Repository/LogoutValid/android.view.View (1)' are matched.

2022-12-21 12:29:53 - [TEST_STEP][PASSED] - closeApplication(): Close app successfully

2022-12-21 12:29:54 - [MESSAGE][PASSED] - Close app successfully]]></system-out>
         <system-err><![CDATA[]]></system-err>
      </testcase>
      <testcase name="Test Cases/Login/TC_Login" time="65.491" classname="Test Cases/Login/TC_Login" status="FAILED">
         <failure type="FAILED" message="Test Cases/Login/TC_Login FAILED.
Reason:
com.kms.katalon.core.exception.StepFailedException: Element 'Object Repository/LoginFinal/android.view.View (1)' not found
	at com.kms.katalon.core.keyword.internal.KeywordMain.stepFailed(KeywordMain.groovy:50)
	at com.kms.katalon.core.mobile.keyword.internal.MobileKeywordMain.stepFailed(MobileKeywordMain.groovy:40)
	at com.kms.katalon.core.mobile.keyword.builtin.VerifyElementTextKeyword$_verifyElementText_closure1.doCall(VerifyElementTextKeyword.groovy:49)
	at com.kms.katalon.core.mobile.keyword.builtin.VerifyElementTextKeyword$_verifyElementText_closure1.call(VerifyElementTextKeyword.groovy)
	at com.kms.katalon.core.mobile.keyword.internal.MobileKeywordMain.runKeyword(MobileKeywordMain.groovy:21)
	at com.kms.katalon.core.mobile.keyword.builtin.VerifyElementTextKeyword.verifyElementText(VerifyElementTextKeyword.groovy:62)
	at com.kms.katalon.core.mobile.keyword.builtin.VerifyElementTextKeyword.execute(VerifyElementTextKeyword.groovy:39)
	at com.kms.katalon.core.keyword.internal.KeywordExecutor.executeKeywordForPlatform(KeywordExecutor.groovy:74)
	at com.kms.katalon.core.mobile.keyword.MobileBuiltInKeywords.verifyElementText(MobileBuiltInKeywords.groovy:2901)
	at com.kms.katalon.core.mobile.keyword.MobileBuiltInKeywords$verifyElementText$3.call(Unknown Source)
	at TC_Login.run(TC_Login:37)
	at com.kms.katalon.core.main.ScriptEngine.run(ScriptEngine.java:194)
	at com.kms.katalon.core.main.ScriptEngine.runScriptAsRawText(ScriptEngine.java:119)
	at com.kms.katalon.core.main.TestCaseExecutor.runScript(TestCaseExecutor.java:445)
	at com.kms.katalon.core.main.TestCaseExecutor.doExecute(TestCaseExecutor.java:436)
	at com.kms.katalon.core.main.TestCaseExecutor.processExecutionPhase(TestCaseExecutor.java:415)
	at com.kms.katalon.core.main.TestCaseExecutor.accessMainPhase(TestCaseExecutor.java:407)
	at com.kms.katalon.core.main.TestCaseExecutor.execute(TestCaseExecutor.java:284)
	at com.kms.katalon.core.common.CommonExecutor.accessTestCaseMainPhase(CommonExecutor.java:65)
	at com.kms.katalon.core.main.TestSuiteExecutor.accessTestSuiteMainPhase(TestSuiteExecutor.java:144)
	at com.kms.katalon.core.main.TestSuiteExecutor.execute(TestSuiteExecutor.java:106)
	at com.kms.katalon.core.main.TestCaseMain.startTestSuite(TestCaseMain.java:185)
	at com.kms.katalon.core.main.TestCaseMain$startTestSuite$0.call(Unknown Source)
	at TempTestSuite1671600116004.run(TempTestSuite1671600116004.groovy:36)
"/>
         <system-out><![CDATA[2022-12-21 12:29:54 - [TEST_CASE][FAILED] - Test Cases/Login/TC_Login: Test Cases/Login/TC_Login FAILED.
Reason:
com.kms.katalon.core.exception.StepFailedException: Element 'Object Repository/LoginFinal/android.view.View (1)' not found
	at com.kms.katalon.core.keyword.internal.KeywordMain.stepFailed(KeywordMain.groovy:50)
	at com.kms.katalon.core.mobile.keyword.internal.MobileKeywordMain.stepFailed(MobileKeywordMain.groovy:40)
	at com.kms.katalon.core.mobile.keyword.builtin.VerifyElementTextKeyword$_verifyElementText_closure1.doCall(VerifyElementTextKeyword.groovy:49)
	at com.kms.katalon.core.mobile.keyword.builtin.VerifyElementTextKeyword$_verifyElementText_closure1.call(VerifyElementTextKeyword.groovy)
	at com.kms.katalon.core.mobile.keyword.internal.MobileKeywordMain.runKeyword(MobileKeywordMain.groovy:21)
	at com.kms.katalon.core.mobile.keyword.builtin.VerifyElementTextKeyword.verifyElementText(VerifyElementTextKeyword.groovy:62)
	at com.kms.katalon.core.mobile.keyword.builtin.VerifyElementTextKeyword.execute(VerifyElementTextKeyword.groovy:39)
	at com.kms.katalon.core.keyword.internal.KeywordExecutor.executeKeywordForPlatform(KeywordExecutor.groovy:74)
	at com.kms.katalon.core.mobile.keyword.MobileBuiltInKeywords.verifyElementText(MobileBuiltInKeywords.groovy:2901)
	at com.kms.katalon.core.mobile.keyword.MobileBuiltInKeywords$verifyElementText$3.call(Unknown Source)
	at TC_Login.run(TC_Login:37)
	at com.kms.katalon.core.main.ScriptEngine.run(ScriptEngine.java:194)
	at com.kms.katalon.core.main.ScriptEngine.runScriptAsRawText(ScriptEngine.java:119)
	at com.kms.katalon.core.main.TestCaseExecutor.runScript(TestCaseExecutor.java:445)
	at com.kms.katalon.core.main.TestCaseExecutor.doExecute(TestCaseExecutor.java:436)
	at com.kms.katalon.core.main.TestCaseExecutor.processExecutionPhase(TestCaseExecutor.java:415)
	at com.kms.katalon.core.main.TestCaseExecutor.accessMainPhase(TestCaseExecutor.java:407)
	at com.kms.katalon.core.main.TestCaseExecutor.execute(TestCaseExecutor.java:284)
	at com.kms.katalon.core.common.CommonExecutor.accessTestCaseMainPhase(CommonExecutor.java:65)
	at com.kms.katalon.core.main.TestSuiteExecutor.accessTestSuiteMainPhase(TestSuiteExecutor.java:144)
	at com.kms.katalon.core.main.TestSuiteExecutor.execute(TestSuiteExecutor.java:106)
	at com.kms.katalon.core.main.TestCaseMain.startTestSuite(TestCaseMain.java:185)
	at com.kms.katalon.core.main.TestCaseMain$startTestSuite$0.call(Unknown Source)
	at TempTestSuite1671600116004.run(TempTestSuite1671600116004.groovy:36)


2022-12-21 12:29:55 - [TEST_STEP][PASSED] - startApplication("E:\SEMESTER 7\MBKM\Capstone Project\CICD\Aplikasi\Terbaru\app-release.apk", true): Started app at: 'E:\SEMESTER 7\MBKM\Capstone Project\CICD\Aplikasi\Terbaru\app-release.apk'

2022-12-21 12:29:55 - [MESSAGE][INFO] - Detected NodeJS location: "C:\Program Files\nodejs\node.exe"

2022-12-21 12:29:56 - [MESSAGE][INFO] - Appium server started on port 57,505

2022-12-21 12:30:16 - [MESSAGE][PASSED] - Started app at: 'E:\SEMESTER 7\MBKM\Capstone Project\CICD\Aplikasi\Terbaru\app-release.apk'

2022-12-21 12:30:16 - [TEST_STEP][PASSED] - tap(findTestObject("Object Repository/Login/android.view.View"), 0): Tapped on element 'Object Repository/Login/android.view.View'

2022-12-21 12:30:16 - [MESSAGE][WARNING] - Timeout '0' is invalid. Using default page load timeout: '30'

2022-12-21 12:30:18 - [MESSAGE][PASSED] - Tapped on element 'Object Repository/Login/android.view.View'

2022-12-21 12:30:18 - [TEST_STEP][PASSED] - tap(findTestObject("Object Repository/Login/android.widget.EditText - email address"), 0): Tapped on element 'Object Repository/Login/android.widget.EditText - email address'

2022-12-21 12:30:18 - [MESSAGE][WARNING] - Timeout '0' is invalid. Using default page load timeout: '30'

2022-12-21 12:30:19 - [MESSAGE][PASSED] - Tapped on element 'Object Repository/Login/android.widget.EditText - email address'

2022-12-21 12:30:19 - [TEST_STEP][PASSED] - setText(findTestObject("Object Repository/Login/android.widget.EditText"), "qe1@gmail.com
", 0): Text 'qe1@gmail.com
' has been set to element 'Object Repository/Login/android.widget.EditText'

2022-12-21 12:30:19 - [MESSAGE][WARNING] - Timeout '0' is invalid. Using default page load timeout: '30'

2022-12-21 12:30:21 - [MESSAGE][PASSED] - Text 'qe1@gmail.com
' has been set to element 'Object Repository/Login/android.widget.EditText'

2022-12-21 12:30:21 - [TEST_STEP][PASSED] - tap(findTestObject("Object Repository/Login/android.widget.EditText - password"), 0): Tapped on element 'Object Repository/Login/android.widget.EditText - password'

2022-12-21 12:30:21 - [MESSAGE][WARNING] - Timeout '0' is invalid. Using default page load timeout: '30'

2022-12-21 12:30:23 - [MESSAGE][PASSED] - Tapped on element 'Object Repository/Login/android.widget.EditText - password'

2022-12-21 12:30:23 - [TEST_STEP][PASSED] - setText(findTestObject("Object Repository/Login/android.widget.EditText (1)"), "12344321", 0): Text '12344321' has been set to element 'Object Repository/Login/android.widget.EditText (1)'

2022-12-21 12:30:23 - [MESSAGE][WARNING] - Timeout '0' is invalid. Using default page load timeout: '30'

2022-12-21 12:30:23 - [MESSAGE][PASSED] - Text '12344321' has been set to element 'Object Repository/Login/android.widget.EditText (1)'

2022-12-21 12:30:23 - [TEST_STEP][PASSED] - hideKeyboard(): Keyboard is hidden

2022-12-21 12:30:26 - [MESSAGE][PASSED] - Keyboard is hidden

2022-12-21 12:30:26 - [TEST_STEP][PASSED] - tap(findTestObject("Object Repository/Login/android.widget.Button"), 0): Tapped on element 'Object Repository/Login/android.widget.Button'

2022-12-21 12:30:26 - [MESSAGE][WARNING] - Timeout '0' is invalid. Using default page load timeout: '30'

2022-12-21 12:30:29 - [MESSAGE][PASSED] - Tapped on element 'Object Repository/Login/android.widget.Button'

2022-12-21 12:30:29 - [TEST_STEP][FAILED] - verifyElementText(findTestObject("LoginFinal/android.view.View (1)"), ""): Verify element text of test object 'Object Repository/LoginFinal/android.view.View (1)' FAILED. (Root cause: com.kms.katalon.core.exception.StepFailedException: Element 'Object Repository/LoginFinal/android.view.View (1)' not found
	at com.kms.katalon.core.keyword.internal.KeywordMain.stepFailed(KeywordMain.groovy:50)
	at com.kms.katalon.core.mobile.keyword.internal.MobileKeywordMain.stepFailed(MobileKeywordMain.groovy:40)
	at com.kms.katalon.core.mobile.keyword.builtin.VerifyElementTextKeyword$_verifyElementText_closure1.doCall(VerifyElementTextKeyword.groovy:49)
	at com.kms.katalon.core.mobile.keyword.builtin.VerifyElementTextKeyword$_verifyElementText_closure1.call(VerifyElementTextKeyword.groovy)
	at com.kms.katalon.core.mobile.keyword.internal.MobileKeywordMain.runKeyword(MobileKeywordMain.groovy:21)
	at com.kms.katalon.core.mobile.keyword.builtin.VerifyElementTextKeyword.verifyElementText(VerifyElementTextKeyword.groovy:62)
	at com.kms.katalon.core.mobile.keyword.builtin.VerifyElementTextKeyword.execute(VerifyElementTextKeyword.groovy:39)
	at com.kms.katalon.core.keyword.internal.KeywordExecutor.executeKeywordForPlatform(KeywordExecutor.groovy:74)
	at com.kms.katalon.core.mobile.keyword.MobileBuiltInKeywords.verifyElementText(MobileBuiltInKeywords.groovy:2901)
	at com.kms.katalon.core.mobile.keyword.MobileBuiltInKeywords$verifyElementText$3.call(Unknown Source)
	at TC_Login.run(TC_Login:37)
	at com.kms.katalon.core.main.ScriptEngine.run(ScriptEngine.java:194)
	at com.kms.katalon.core.main.ScriptEngine.runScriptAsRawText(ScriptEngine.java:119)
	at com.kms.katalon.core.main.TestCaseExecutor.runScript(TestCaseExecutor.java:445)
	at com.kms.katalon.core.main.TestCaseExecutor.doExecute(TestCaseExecutor.java:436)
	at com.kms.katalon.core.main.TestCaseExecutor.processExecutionPhase(TestCaseExecutor.java:415)
	at com.kms.katalon.core.main.TestCaseExecutor.accessMainPhase(TestCaseExecutor.java:407)
	at com.kms.katalon.core.main.TestCaseExecutor.execute(TestCaseExecutor.java:284)
	at com.kms.katalon.core.common.CommonExecutor.accessTestCaseMainPhase(CommonExecutor.java:65)
	at com.kms.katalon.core.main.TestSuiteExecutor.accessTestSuiteMainPhase(TestSuiteExecutor.java:144)
	at com.kms.katalon.core.main.TestSuiteExecutor.execute(TestSuiteExecutor.java:106)
	at com.kms.katalon.core.main.TestCaseMain.startTestSuite(TestCaseMain.java:185)
	at com.kms.katalon.core.main.TestCaseMain$startTestSuite$0.call(Unknown Source)
	at TempTestSuite1671600116004.run(TempTestSuite1671600116004.groovy:36)
)

2022-12-21 12:30:59 - [MESSAGE][FAILED] - Element 'Object Repository/LoginFinal/android.view.View (1)' not found

2022-12-21 12:31:00 - [MESSAGE][FAILED] - Verify element text of test object 'Object Repository/LoginFinal/android.view.View (1)' FAILED. (Root cause: com.kms.katalon.core.exception.StepFailedException: Element 'Object Repository/LoginFinal/android.view.View (1)' not found
	at com.kms.katalon.core.keyword.internal.KeywordMain.stepFailed(KeywordMain.groovy:50)
	at com.kms.katalon.core.mobile.keyword.internal.MobileKeywordMain.stepFailed(MobileKeywordMain.groovy:40)
	at com.kms.katalon.core.mobile.keyword.builtin.VerifyElementTextKeyword$_verifyElementText_closure1.doCall(VerifyElementTextKeyword.groovy:49)
	at com.kms.katalon.core.mobile.keyword.builtin.VerifyElementTextKeyword$_verifyElementText_closure1.call(VerifyElementTextKeyword.groovy)
	at com.kms.katalon.core.mobile.keyword.internal.MobileKeywordMain.runKeyword(MobileKeywordMain.groovy:21)
	at com.kms.katalon.core.mobile.keyword.builtin.VerifyElementTextKeyword.verifyElementText(VerifyElementTextKeyword.groovy:62)
	at com.kms.katalon.core.mobile.keyword.builtin.VerifyElementTextKeyword.execute(VerifyElementTextKeyword.groovy:39)
	at com.kms.katalon.core.keyword.internal.KeywordExecutor.executeKeywordForPlatform(KeywordExecutor.groovy:74)
	at com.kms.katalon.core.mobile.keyword.MobileBuiltInKeywords.verifyElementText(MobileBuiltInKeywords.groovy:2901)
	at com.kms.katalon.core.mobile.keyword.MobileBuiltInKeywords$verifyElementText$3.call(Unknown Source)
	at TC_Login.run(TC_Login:37)
	at com.kms.katalon.core.main.ScriptEngine.run(ScriptEngine.java:194)
	at com.kms.katalon.core.main.ScriptEngine.runScriptAsRawText(ScriptEngine.java:119)
	at com.kms.katalon.core.main.TestCaseExecutor.runScript(TestCaseExecutor.java:445)
	at com.kms.katalon.core.main.TestCaseExecutor.doExecute(TestCaseExecutor.java:436)
	at com.kms.katalon.core.main.TestCaseExecutor.processExecutionPhase(TestCaseExecutor.java:415)
	at com.kms.katalon.core.main.TestCaseExecutor.accessMainPhase(TestCaseExecutor.java:407)
	at com.kms.katalon.core.main.TestCaseExecutor.execute(TestCaseExecutor.java:284)
	at com.kms.katalon.core.common.CommonExecutor.accessTestCaseMainPhase(CommonExecutor.java:65)
	at com.kms.katalon.core.main.TestSuiteExecutor.accessTestSuiteMainPhase(TestSuiteExecutor.java:144)
	at com.kms.katalon.core.main.TestSuiteExecutor.execute(TestSuiteExecutor.java:106)
	at com.kms.katalon.core.main.TestCaseMain.startTestSuite(TestCaseMain.java:185)
	at com.kms.katalon.core.main.TestCaseMain$startTestSuite$0.call(Unknown Source)
	at TempTestSuite1671600116004.run(TempTestSuite1671600116004.groovy:36)
)
[[ATTACHMENT|E:\\SEMESTER 7\\MBKM\\Capstone Project\\CICD\\Mobile\\CapstoneWorkfitMobile\\Reports\\20221221_122156\\Regression\\20221221_122156\\1671600659555.png]]]]></system-out>
         <system-err><![CDATA[2022-12-21 12:29:54 - [TEST_CASE][FAILED] - Test Cases/Login/TC_Login: Test Cases/Login/TC_Login FAILED.
Reason:
com.kms.katalon.core.exception.StepFailedException: Element 'Object Repository/LoginFinal/android.view.View (1)' not found
	at com.kms.katalon.core.keyword.internal.KeywordMain.stepFailed(KeywordMain.groovy:50)
	at com.kms.katalon.core.mobile.keyword.internal.MobileKeywordMain.stepFailed(MobileKeywordMain.groovy:40)
	at com.kms.katalon.core.mobile.keyword.builtin.VerifyElementTextKeyword$_verifyElementText_closure1.doCall(VerifyElementTextKeyword.groovy:49)
	at com.kms.katalon.core.mobile.keyword.builtin.VerifyElementTextKeyword$_verifyElementText_closure1.call(VerifyElementTextKeyword.groovy)
	at com.kms.katalon.core.mobile.keyword.internal.MobileKeywordMain.runKeyword(MobileKeywordMain.groovy:21)
	at com.kms.katalon.core.mobile.keyword.builtin.VerifyElementTextKeyword.verifyElementText(VerifyElementTextKeyword.groovy:62)
	at com.kms.katalon.core.mobile.keyword.builtin.VerifyElementTextKeyword.execute(VerifyElementTextKeyword.groovy:39)
	at com.kms.katalon.core.keyword.internal.KeywordExecutor.executeKeywordForPlatform(KeywordExecutor.groovy:74)
	at com.kms.katalon.core.mobile.keyword.MobileBuiltInKeywords.verifyElementText(MobileBuiltInKeywords.groovy:2901)
	at com.kms.katalon.core.mobile.keyword.MobileBuiltInKeywords$verifyElementText$3.call(Unknown Source)
	at TC_Login.run(TC_Login:37)
	at com.kms.katalon.core.main.ScriptEngine.run(ScriptEngine.java:194)
	at com.kms.katalon.core.main.ScriptEngine.runScriptAsRawText(ScriptEngine.java:119)
	at com.kms.katalon.core.main.TestCaseExecutor.runScript(TestCaseExecutor.java:445)
	at com.kms.katalon.core.main.TestCaseExecutor.doExecute(TestCaseExecutor.java:436)
	at com.kms.katalon.core.main.TestCaseExecutor.processExecutionPhase(TestCaseExecutor.java:415)
	at com.kms.katalon.core.main.TestCaseExecutor.accessMainPhase(TestCaseExecutor.java:407)
	at com.kms.katalon.core.main.TestCaseExecutor.execute(TestCaseExecutor.java:284)
	at com.kms.katalon.core.common.CommonExecutor.accessTestCaseMainPhase(CommonExecutor.java:65)
	at com.kms.katalon.core.main.TestSuiteExecutor.accessTestSuiteMainPhase(TestSuiteExecutor.java:144)
	at com.kms.katalon.core.main.TestSuiteExecutor.execute(TestSuiteExecutor.java:106)
	at com.kms.katalon.core.main.TestCaseMain.startTestSuite(TestCaseMain.java:185)
	at com.kms.katalon.core.main.TestCaseMain$startTestSuite$0.call(Unknown Source)
	at TempTestSuite1671600116004.run(TempTestSuite1671600116004.groovy:36)]]></system-err>
      </testcase>
      <testcase name="Test Cases/ForgetPassword/TC_Forget_01" time="0.21" classname="Test Cases/ForgetPassword/TC_Forget_01" status="FAILED">
         <failure type="FAILED" message="Test Cases/ForgetPassword/TC_Forget_01 FAILED.
Reason:
com.kms.katalon.core.exception.StepFailedException: Unable to start app at: 'E:\SEMESTER 7\MBKM\Capstone Project\CICD\Aplikasi\Terbaru\app-release.apk' (Root cause: java.io.IOException: GetExitCodeProcess error=6, The handle is invalid
	at com.kms.katalon.core.appium.driver.AppiumDriverManager.isAppiumServerStarted(AppiumDriverManager.java:194)
	at com.kms.katalon.core.appium.driver.AppiumDriverManager.startAppiumServerJS(AppiumDriverManager.java:258)
	at com.kms.katalon.core.appium.driver.AppiumDriverManager.startAppiumServerJS(AppiumDriverManager.java:412)
	at com.kms.katalon.core.appium.driver.AppiumDriverManager.ensureServicesStarted(AppiumDriverManager.java:244)
	at com.kms.katalon.core.appium.driver.AppiumDriverManager.createMobileDriver(AppiumDriverManager.java:478)
	at com.kms.katalon.core.mobile.keyword.internal.MobileDriverFactory.startLocalMobileDriver(MobileDriverFactory.java:539)
	at com.kms.katalon.core.mobile.keyword.internal.MobileDriverFactory.startMobileDriver(MobileDriverFactory.java:452)
	at com.kms.katalon.core.mobile.keyword.builtin.StartApplicationKeyword$_startApplication_closure1.doCall(StartApplicationKeyword.groovy:49)
	at com.kms.katalon.core.mobile.keyword.builtin.StartApplicationKeyword$_startApplication_closure1.call(StartApplicationKeyword.groovy)
	at com.kms.katalon.core.mobile.keyword.internal.MobileKeywordMain.runKeyword(MobileKeywordMain.groovy:21)
	at com.kms.katalon.core.mobile.keyword.builtin.StartApplicationKeyword.startApplication(StartApplicationKeyword.groovy:51)
	at com.kms.katalon.core.mobile.keyword.builtin.StartApplicationKeyword.execute(StartApplicationKeyword.groovy:40)
	at com.kms.katalon.core.keyword.internal.KeywordExecutor.executeKeywordForPlatform(KeywordExecutor.groovy:74)
	at com.kms.katalon.core.mobile.keyword.MobileBuiltInKeywords.startApplication(MobileBuiltInKeywords.groovy:78)
	at com.kms.katalon.core.mobile.keyword.MobileBuiltInKeywords$startApplication.call(Unknown Source)
	at TC_Forget_01.run(TC_Forget_01:20)
	at com.kms.katalon.core.main.ScriptEngine.run(ScriptEngine.java:194)
	at com.kms.katalon.core.main.ScriptEngine.runScriptAsRawText(ScriptEngine.java:119)
	at com.kms.katalon.core.main.TestCaseExecutor.runScript(TestCaseExecutor.java:445)
	at com.kms.katalon.core.main.TestCaseExecutor.doExecute(TestCaseExecutor.java:436)
	at com.kms.katalon.core.main.TestCaseExecutor.processExecutionPhase(TestCaseExecutor.java:415)
	at com.kms.katalon.core.main.TestCaseExecutor.accessMainPhase(TestCaseExecutor.java:407)
	at com.kms.katalon.core.main.TestCaseExecutor.execute(TestCaseExecutor.java:284)
	at com.kms.katalon.core.common.CommonExecutor.accessTestCaseMainPhase(CommonExecutor.java:65)
	at com.kms.katalon.core.main.TestSuiteExecutor.accessTestSuiteMainPhase(TestSuiteExecutor.java:144)
	at com.kms.katalon.core.main.TestSuiteExecutor.execute(TestSuiteExecutor.java:106)
	at com.kms.katalon.core.main.TestCaseMain.startTestSuite(TestCaseMain.java:185)
	at com.kms.katalon.core.main.TestCaseMain$startTestSuite$0.call(Unknown Source)
	at TempTestSuite1671600116004.run(TempTestSuite1671600116004.groovy:36)
)
	at com.kms.katalon.core.keyword.internal.KeywordMain.stepFailed(KeywordMain.groovy:50)
	at com.kms.katalon.core.mobile.keyword.internal.MobileKeywordMain.stepFailed(MobileKeywordMain.groovy:40)
	at com.kms.katalon.core.mobile.keyword.internal.MobileKeywordMain.runKeyword(MobileKeywordMain.groovy:23)
	at com.kms.katalon.core.mobile.keyword.builtin.StartApplicationKeyword.startApplication(StartApplicationKeyword.groovy:51)
	at com.kms.katalon.core.mobile.keyword.builtin.StartApplicationKeyword.execute(StartApplicationKeyword.groovy:40)
	at com.kms.katalon.core.keyword.internal.KeywordExecutor.executeKeywordForPlatform(KeywordExecutor.groovy:74)
	at com.kms.katalon.core.mobile.keyword.MobileBuiltInKeywords.startApplication(MobileBuiltInKeywords.groovy:78)
	at com.kms.katalon.core.mobile.keyword.MobileBuiltInKeywords$startApplication.call(Unknown Source)
	at TC_Forget_01.run(TC_Forget_01:20)
	at com.kms.katalon.core.main.ScriptEngine.run(ScriptEngine.java:194)
	at com.kms.katalon.core.main.ScriptEngine.runScriptAsRawText(ScriptEngine.java:119)
	at com.kms.katalon.core.main.TestCaseExecutor.runScript(TestCaseExecutor.java:445)
	at com.kms.katalon.core.main.TestCaseExecutor.doExecute(TestCaseExecutor.java:436)
	at com.kms.katalon.core.main.TestCaseExecutor.processExecutionPhase(TestCaseExecutor.java:415)
	at com.kms.katalon.core.main.TestCaseExecutor.accessMainPhase(TestCaseExecutor.java:407)
	at com.kms.katalon.core.main.TestCaseExecutor.execute(TestCaseExecutor.java:284)
	at com.kms.katalon.core.common.CommonExecutor.accessTestCaseMainPhase(CommonExecutor.java:65)
	at com.kms.katalon.core.main.TestSuiteExecutor.accessTestSuiteMainPhase(TestSuiteExecutor.java:144)
	at com.kms.katalon.core.main.TestSuiteExecutor.execute(TestSuiteExecutor.java:106)
	at com.kms.katalon.core.main.TestCaseMain.startTestSuite(TestCaseMain.java:185)
	at com.kms.katalon.core.main.TestCaseMain$startTestSuite$0.call(Unknown Source)
	at TempTestSuite1671600116004.run(TempTestSuite1671600116004.groovy:36)
Caused by: java.io.IOException: GetExitCodeProcess error=6, The handle is invalid
	at com.kms.katalon.core.appium.driver.AppiumDriverManager.isAppiumServerStarted(AppiumDriverManager.java:194)
	at com.kms.katalon.core.appium.driver.AppiumDriverManager.startAppiumServerJS(AppiumDriverManager.java:258)
	at com.kms.katalon.core.appium.driver.AppiumDriverManager.startAppiumServerJS(AppiumDriverManager.java:412)
	at com.kms.katalon.core.appium.driver.AppiumDriverManager.ensureServicesStarted(AppiumDriverManager.java:244)
	at com.kms.katalon.core.appium.driver.AppiumDriverManager.createMobileDriver(AppiumDriverManager.java:478)
	at com.kms.katalon.core.mobile.keyword.internal.MobileDriverFactory.startLocalMobileDriver(MobileDriverFactory.java:539)
	at com.kms.katalon.core.mobile.keyword.internal.MobileDriverFactory.startMobileDriver(MobileDriverFactory.java:452)
	at com.kms.katalon.core.mobile.keyword.builtin.StartApplicationKeyword$_startApplication_closure1.doCall(StartApplicationKeyword.groovy:49)
	at com.kms.katalon.core.mobile.keyword.builtin.StartApplicationKeyword$_startApplication_closure1.call(StartApplicationKeyword.groovy)
	at com.kms.katalon.core.mobile.keyword.internal.MobileKeywordMain.runKeyword(MobileKeywordMain.groovy:21)
	... 19 more
"/>
         <system-out><![CDATA[2022-12-21 12:31:00 - [TEST_CASE][FAILED] - Test Cases/ForgetPassword/TC_Forget_01: Test Cases/ForgetPassword/TC_Forget_01 FAILED.
Reason:
com.kms.katalon.core.exception.StepFailedException: Unable to start app at: 'E:\SEMESTER 7\MBKM\Capstone Project\CICD\Aplikasi\Terbaru\app-release.apk' (Root cause: java.io.IOException: GetExitCodeProcess error=6, The handle is invalid
	at com.kms.katalon.core.appium.driver.AppiumDriverManager.isAppiumServerStarted(AppiumDriverManager.java:194)
	at com.kms.katalon.core.appium.driver.AppiumDriverManager.startAppiumServerJS(AppiumDriverManager.java:258)
	at com.kms.katalon.core.appium.driver.AppiumDriverManager.startAppiumServerJS(AppiumDriverManager.java:412)
	at com.kms.katalon.core.appium.driver.AppiumDriverManager.ensureServicesStarted(AppiumDriverManager.java:244)
	at com.kms.katalon.core.appium.driver.AppiumDriverManager.createMobileDriver(AppiumDriverManager.java:478)
	at com.kms.katalon.core.mobile.keyword.internal.MobileDriverFactory.startLocalMobileDriver(MobileDriverFactory.java:539)
	at com.kms.katalon.core.mobile.keyword.internal.MobileDriverFactory.startMobileDriver(MobileDriverFactory.java:452)
	at com.kms.katalon.core.mobile.keyword.builtin.StartApplicationKeyword$_startApplication_closure1.doCall(StartApplicationKeyword.groovy:49)
	at com.kms.katalon.core.mobile.keyword.builtin.StartApplicationKeyword$_startApplication_closure1.call(StartApplicationKeyword.groovy)
	at com.kms.katalon.core.mobile.keyword.internal.MobileKeywordMain.runKeyword(MobileKeywordMain.groovy:21)
	at com.kms.katalon.core.mobile.keyword.builtin.StartApplicationKeyword.startApplication(StartApplicationKeyword.groovy:51)
	at com.kms.katalon.core.mobile.keyword.builtin.StartApplicationKeyword.execute(StartApplicationKeyword.groovy:40)
	at com.kms.katalon.core.keyword.internal.KeywordExecutor.executeKeywordForPlatform(KeywordExecutor.groovy:74)
	at com.kms.katalon.core.mobile.keyword.MobileBuiltInKeywords.startApplication(MobileBuiltInKeywords.groovy:78)
	at com.kms.katalon.core.mobile.keyword.MobileBuiltInKeywords$startApplication.call(Unknown Source)
	at TC_Forget_01.run(TC_Forget_01:20)
	at com.kms.katalon.core.main.ScriptEngine.run(ScriptEngine.java:194)
	at com.kms.katalon.core.main.ScriptEngine.runScriptAsRawText(ScriptEngine.java:119)
	at com.kms.katalon.core.main.TestCaseExecutor.runScript(TestCaseExecutor.java:445)
	at com.kms.katalon.core.main.TestCaseExecutor.doExecute(TestCaseExecutor.java:436)
	at com.kms.katalon.core.main.TestCaseExecutor.processExecutionPhase(TestCaseExecutor.java:415)
	at com.kms.katalon.core.main.TestCaseExecutor.accessMainPhase(TestCaseExecutor.java:407)
	at com.kms.katalon.core.main.TestCaseExecutor.execute(TestCaseExecutor.java:284)
	at com.kms.katalon.core.common.CommonExecutor.accessTestCaseMainPhase(CommonExecutor.java:65)
	at com.kms.katalon.core.main.TestSuiteExecutor.accessTestSuiteMainPhase(TestSuiteExecutor.java:144)
	at com.kms.katalon.core.main.TestSuiteExecutor.execute(TestSuiteExecutor.java:106)
	at com.kms.katalon.core.main.TestCaseMain.startTestSuite(TestCaseMain.java:185)
	at com.kms.katalon.core.main.TestCaseMain$startTestSuite$0.call(Unknown Source)
	at TempTestSuite1671600116004.run(TempTestSuite1671600116004.groovy:36)
)
	at com.kms.katalon.core.keyword.internal.KeywordMain.stepFailed(KeywordMain.groovy:50)
	at com.kms.katalon.core.mobile.keyword.internal.MobileKeywordMain.stepFailed(MobileKeywordMain.groovy:40)
	at com.kms.katalon.core.mobile.keyword.internal.MobileKeywordMain.runKeyword(MobileKeywordMain.groovy:23)
	at com.kms.katalon.core.mobile.keyword.builtin.StartApplicationKeyword.startApplication(StartApplicationKeyword.groovy:51)
	at com.kms.katalon.core.mobile.keyword.builtin.StartApplicationKeyword.execute(StartApplicationKeyword.groovy:40)
	at com.kms.katalon.core.keyword.internal.KeywordExecutor.executeKeywordForPlatform(KeywordExecutor.groovy:74)
	at com.kms.katalon.core.mobile.keyword.MobileBuiltInKeywords.startApplication(MobileBuiltInKeywords.groovy:78)
	at com.kms.katalon.core.mobile.keyword.MobileBuiltInKeywords$startApplication.call(Unknown Source)
	at TC_Forget_01.run(TC_Forget_01:20)
	at com.kms.katalon.core.main.ScriptEngine.run(ScriptEngine.java:194)
	at com.kms.katalon.core.main.ScriptEngine.runScriptAsRawText(ScriptEngine.java:119)
	at com.kms.katalon.core.main.TestCaseExecutor.runScript(TestCaseExecutor.java:445)
	at com.kms.katalon.core.main.TestCaseExecutor.doExecute(TestCaseExecutor.java:436)
	at com.kms.katalon.core.main.TestCaseExecutor.processExecutionPhase(TestCaseExecutor.java:415)
	at com.kms.katalon.core.main.TestCaseExecutor.accessMainPhase(TestCaseExecutor.java:407)
	at com.kms.katalon.core.main.TestCaseExecutor.execute(TestCaseExecutor.java:284)
	at com.kms.katalon.core.common.CommonExecutor.accessTestCaseMainPhase(CommonExecutor.java:65)
	at com.kms.katalon.core.main.TestSuiteExecutor.accessTestSuiteMainPhase(TestSuiteExecutor.java:144)
	at com.kms.katalon.core.main.TestSuiteExecutor.execute(TestSuiteExecutor.java:106)
	at com.kms.katalon.core.main.TestCaseMain.startTestSuite(TestCaseMain.java:185)
	at com.kms.katalon.core.main.TestCaseMain$startTestSuite$0.call(Unknown Source)
	at TempTestSuite1671600116004.run(TempTestSuite1671600116004.groovy:36)
Caused by: java.io.IOException: GetExitCodeProcess error=6, The handle is invalid
	at com.kms.katalon.core.appium.driver.AppiumDriverManager.isAppiumServerStarted(AppiumDriverManager.java:194)
	at com.kms.katalon.core.appium.driver.AppiumDriverManager.startAppiumServerJS(AppiumDriverManager.java:258)
	at com.kms.katalon.core.appium.driver.AppiumDriverManager.startAppiumServerJS(AppiumDriverManager.java:412)
	at com.kms.katalon.core.appium.driver.AppiumDriverManager.ensureServicesStarted(AppiumDriverManager.java:244)
	at com.kms.katalon.core.appium.driver.AppiumDriverManager.createMobileDriver(AppiumDriverManager.java:478)
	at com.kms.katalon.core.mobile.keyword.internal.MobileDriverFactory.startLocalMobileDriver(MobileDriverFactory.java:539)
	at com.kms.katalon.core.mobile.keyword.internal.MobileDriverFactory.startMobileDriver(MobileDriverFactory.java:452)
	at com.kms.katalon.core.mobile.keyword.builtin.StartApplicationKeyword$_startApplication_closure1.doCall(StartApplicationKeyword.groovy:49)
	at com.kms.katalon.core.mobile.keyword.builtin.StartApplicationKeyword$_startApplication_closure1.call(StartApplicationKeyword.groovy)
	at com.kms.katalon.core.mobile.keyword.internal.MobileKeywordMain.runKeyword(MobileKeywordMain.groovy:21)
	... 19 more


2022-12-21 12:31:00 - [TEST_STEP][FAILED] - startApplication("E:\SEMESTER 7\MBKM\Capstone Project\CICD\Aplikasi\Terbaru\app-release.apk", true): Unable to start app at: 'E:\SEMESTER 7\MBKM\Capstone Project\CICD\Aplikasi\Terbaru\app-release.apk' (Root cause: java.io.IOException: GetExitCodeProcess error=6, The handle is invalid
	at com.kms.katalon.core.appium.driver.AppiumDriverManager.isAppiumServerStarted(AppiumDriverManager.java:194)
	at com.kms.katalon.core.appium.driver.AppiumDriverManager.startAppiumServerJS(AppiumDriverManager.java:258)
	at com.kms.katalon.core.appium.driver.AppiumDriverManager.startAppiumServerJS(AppiumDriverManager.java:412)
	at com.kms.katalon.core.appium.driver.AppiumDriverManager.ensureServicesStarted(AppiumDriverManager.java:244)
	at com.kms.katalon.core.appium.driver.AppiumDriverManager.createMobileDriver(AppiumDriverManager.java:478)
	at com.kms.katalon.core.mobile.keyword.internal.MobileDriverFactory.startLocalMobileDriver(MobileDriverFactory.java:539)
	at com.kms.katalon.core.mobile.keyword.internal.MobileDriverFactory.startMobileDriver(MobileDriverFactory.java:452)
	at com.kms.katalon.core.mobile.keyword.builtin.StartApplicationKeyword$_startApplication_closure1.doCall(StartApplicationKeyword.groovy:49)
	at com.kms.katalon.core.mobile.keyword.builtin.StartApplicationKeyword$_startApplication_closure1.call(StartApplicationKeyword.groovy)
	at com.kms.katalon.core.mobile.keyword.internal.MobileKeywordMain.runKeyword(MobileKeywordMain.groovy:21)
	at com.kms.katalon.core.mobile.keyword.builtin.StartApplicationKeyword.startApplication(StartApplicationKeyword.groovy:51)
	at com.kms.katalon.core.mobile.keyword.builtin.StartApplicationKeyword.execute(StartApplicationKeyword.groovy:40)
	at com.kms.katalon.core.keyword.internal.KeywordExecutor.executeKeywordForPlatform(KeywordExecutor.groovy:74)
	at com.kms.katalon.core.mobile.keyword.MobileBuiltInKeywords.startApplication(MobileBuiltInKeywords.groovy:78)
	at com.kms.katalon.core.mobile.keyword.MobileBuiltInKeywords$startApplication.call(Unknown Source)
	at TC_Forget_01.run(TC_Forget_01:20)
	at com.kms.katalon.core.main.ScriptEngine.run(ScriptEngine.java:194)
	at com.kms.katalon.core.main.ScriptEngine.runScriptAsRawText(ScriptEngine.java:119)
	at com.kms.katalon.core.main.TestCaseExecutor.runScript(TestCaseExecutor.java:445)
	at com.kms.katalon.core.main.TestCaseExecutor.doExecute(TestCaseExecutor.java:436)
	at com.kms.katalon.core.main.TestCaseExecutor.processExecutionPhase(TestCaseExecutor.java:415)
	at com.kms.katalon.core.main.TestCaseExecutor.accessMainPhase(TestCaseExecutor.java:407)
	at com.kms.katalon.core.main.TestCaseExecutor.execute(TestCaseExecutor.java:284)
	at com.kms.katalon.core.common.CommonExecutor.accessTestCaseMainPhase(CommonExecutor.java:65)
	at com.kms.katalon.core.main.TestSuiteExecutor.accessTestSuiteMainPhase(TestSuiteExecutor.java:144)
	at com.kms.katalon.core.main.TestSuiteExecutor.execute(TestSuiteExecutor.java:106)
	at com.kms.katalon.core.main.TestCaseMain.startTestSuite(TestCaseMain.java:185)
	at com.kms.katalon.core.main.TestCaseMain$startTestSuite$0.call(Unknown Source)
	at TempTestSuite1671600116004.run(TempTestSuite1671600116004.groovy:36)
)

2022-12-21 12:31:00 - [MESSAGE][FAILED] - Unable to start app at: 'E:\SEMESTER 7\MBKM\Capstone Project\CICD\Aplikasi\Terbaru\app-release.apk' (Root cause: java.io.IOException: GetExitCodeProcess error=6, The handle is invalid
	at com.kms.katalon.core.appium.driver.AppiumDriverManager.isAppiumServerStarted(AppiumDriverManager.java:194)
	at com.kms.katalon.core.appium.driver.AppiumDriverManager.startAppiumServerJS(AppiumDriverManager.java:258)
	at com.kms.katalon.core.appium.driver.AppiumDriverManager.startAppiumServerJS(AppiumDriverManager.java:412)
	at com.kms.katalon.core.appium.driver.AppiumDriverManager.ensureServicesStarted(AppiumDriverManager.java:244)
	at com.kms.katalon.core.appium.driver.AppiumDriverManager.createMobileDriver(AppiumDriverManager.java:478)
	at com.kms.katalon.core.mobile.keyword.internal.MobileDriverFactory.startLocalMobileDriver(MobileDriverFactory.java:539)
	at com.kms.katalon.core.mobile.keyword.internal.MobileDriverFactory.startMobileDriver(MobileDriverFactory.java:452)
	at com.kms.katalon.core.mobile.keyword.builtin.StartApplicationKeyword$_startApplication_closure1.doCall(StartApplicationKeyword.groovy:49)
	at com.kms.katalon.core.mobile.keyword.builtin.StartApplicationKeyword$_startApplication_closure1.call(StartApplicationKeyword.groovy)
	at com.kms.katalon.core.mobile.keyword.internal.MobileKeywordMain.runKeyword(MobileKeywordMain.groovy:21)
	at com.kms.katalon.core.mobile.keyword.builtin.StartApplicationKeyword.startApplication(StartApplicationKeyword.groovy:51)
	at com.kms.katalon.core.mobile.keyword.builtin.StartApplicationKeyword.execute(StartApplicationKeyword.groovy:40)
	at com.kms.katalon.core.keyword.internal.KeywordExecutor.executeKeywordForPlatform(KeywordExecutor.groovy:74)
	at com.kms.katalon.core.mobile.keyword.MobileBuiltInKeywords.startApplication(MobileBuiltInKeywords.groovy:78)
	at com.kms.katalon.core.mobile.keyword.MobileBuiltInKeywords$startApplication.call(Unknown Source)
	at TC_Forget_01.run(TC_Forget_01:20)
	at com.kms.katalon.core.main.ScriptEngine.run(ScriptEngine.java:194)
	at com.kms.katalon.core.main.ScriptEngine.runScriptAsRawText(ScriptEngine.java:119)
	at com.kms.katalon.core.main.TestCaseExecutor.runScript(TestCaseExecutor.java:445)
	at com.kms.katalon.core.main.TestCaseExecutor.doExecute(TestCaseExecutor.java:436)
	at com.kms.katalon.core.main.TestCaseExecutor.processExecutionPhase(TestCaseExecutor.java:415)
	at com.kms.katalon.core.main.TestCaseExecutor.accessMainPhase(TestCaseExecutor.java:407)
	at com.kms.katalon.core.main.TestCaseExecutor.execute(TestCaseExecutor.java:284)
	at com.kms.katalon.core.common.CommonExecutor.accessTestCaseMainPhase(CommonExecutor.java:65)
	at com.kms.katalon.core.main.TestSuiteExecutor.accessTestSuiteMainPhase(TestSuiteExecutor.java:144)
	at com.kms.katalon.core.main.TestSuiteExecutor.execute(TestSuiteExecutor.java:106)
	at com.kms.katalon.core.main.TestCaseMain.startTestSuite(TestCaseMain.java:185)
	at com.kms.katalon.core.main.TestCaseMain$startTestSuite$0.call(Unknown Source)
	at TempTestSuite1671600116004.run(TempTestSuite1671600116004.groovy:36)
)]]></system-out>
         <system-err><![CDATA[2022-12-21 12:31:00 - [TEST_CASE][FAILED] - Test Cases/ForgetPassword/TC_Forget_01: Test Cases/ForgetPassword/TC_Forget_01 FAILED.
Reason:
com.kms.katalon.core.exception.StepFailedException: Unable to start app at: 'E:\SEMESTER 7\MBKM\Capstone Project\CICD\Aplikasi\Terbaru\app-release.apk' (Root cause: java.io.IOException: GetExitCodeProcess error=6, The handle is invalid
	at com.kms.katalon.core.appium.driver.AppiumDriverManager.isAppiumServerStarted(AppiumDriverManager.java:194)
	at com.kms.katalon.core.appium.driver.AppiumDriverManager.startAppiumServerJS(AppiumDriverManager.java:258)
	at com.kms.katalon.core.appium.driver.AppiumDriverManager.startAppiumServerJS(AppiumDriverManager.java:412)
	at com.kms.katalon.core.appium.driver.AppiumDriverManager.ensureServicesStarted(AppiumDriverManager.java:244)
	at com.kms.katalon.core.appium.driver.AppiumDriverManager.createMobileDriver(AppiumDriverManager.java:478)
	at com.kms.katalon.core.mobile.keyword.internal.MobileDriverFactory.startLocalMobileDriver(MobileDriverFactory.java:539)
	at com.kms.katalon.core.mobile.keyword.internal.MobileDriverFactory.startMobileDriver(MobileDriverFactory.java:452)
	at com.kms.katalon.core.mobile.keyword.builtin.StartApplicationKeyword$_startApplication_closure1.doCall(StartApplicationKeyword.groovy:49)
	at com.kms.katalon.core.mobile.keyword.builtin.StartApplicationKeyword$_startApplication_closure1.call(StartApplicationKeyword.groovy)
	at com.kms.katalon.core.mobile.keyword.internal.MobileKeywordMain.runKeyword(MobileKeywordMain.groovy:21)
	at com.kms.katalon.core.mobile.keyword.builtin.StartApplicationKeyword.startApplication(StartApplicationKeyword.groovy:51)
	at com.kms.katalon.core.mobile.keyword.builtin.StartApplicationKeyword.execute(StartApplicationKeyword.groovy:40)
	at com.kms.katalon.core.keyword.internal.KeywordExecutor.executeKeywordForPlatform(KeywordExecutor.groovy:74)
	at com.kms.katalon.core.mobile.keyword.MobileBuiltInKeywords.startApplication(MobileBuiltInKeywords.groovy:78)
	at com.kms.katalon.core.mobile.keyword.MobileBuiltInKeywords$startApplication.call(Unknown Source)
	at TC_Forget_01.run(TC_Forget_01:20)
	at com.kms.katalon.core.main.ScriptEngine.run(ScriptEngine.java:194)
	at com.kms.katalon.core.main.ScriptEngine.runScriptAsRawText(ScriptEngine.java:119)
	at com.kms.katalon.core.main.TestCaseExecutor.runScript(TestCaseExecutor.java:445)
	at com.kms.katalon.core.main.TestCaseExecutor.doExecute(TestCaseExecutor.java:436)
	at com.kms.katalon.core.main.TestCaseExecutor.processExecutionPhase(TestCaseExecutor.java:415)
	at com.kms.katalon.core.main.TestCaseExecutor.accessMainPhase(TestCaseExecutor.java:407)
	at com.kms.katalon.core.main.TestCaseExecutor.execute(TestCaseExecutor.java:284)
	at com.kms.katalon.core.common.CommonExecutor.accessTestCaseMainPhase(CommonExecutor.java:65)
	at com.kms.katalon.core.main.TestSuiteExecutor.accessTestSuiteMainPhase(TestSuiteExecutor.java:144)
	at com.kms.katalon.core.main.TestSuiteExecutor.execute(TestSuiteExecutor.java:106)
	at com.kms.katalon.core.main.TestCaseMain.startTestSuite(TestCaseMain.java:185)
	at com.kms.katalon.core.main.TestCaseMain$startTestSuite$0.call(Unknown Source)
	at TempTestSuite1671600116004.run(TempTestSuite1671600116004.groovy:36)
)
	at com.kms.katalon.core.keyword.internal.KeywordMain.stepFailed(KeywordMain.groovy:50)
	at com.kms.katalon.core.mobile.keyword.internal.MobileKeywordMain.stepFailed(MobileKeywordMain.groovy:40)
	at com.kms.katalon.core.mobile.keyword.internal.MobileKeywordMain.runKeyword(MobileKeywordMain.groovy:23)
	at com.kms.katalon.core.mobile.keyword.builtin.StartApplicationKeyword.startApplication(StartApplicationKeyword.groovy:51)
	at com.kms.katalon.core.mobile.keyword.builtin.StartApplicationKeyword.execute(StartApplicationKeyword.groovy:40)
	at com.kms.katalon.core.keyword.internal.KeywordExecutor.executeKeywordForPlatform(KeywordExecutor.groovy:74)
	at com.kms.katalon.core.mobile.keyword.MobileBuiltInKeywords.startApplication(MobileBuiltInKeywords.groovy:78)
	at com.kms.katalon.core.mobile.keyword.MobileBuiltInKeywords$startApplication.call(Unknown Source)
	at TC_Forget_01.run(TC_Forget_01:20)
	at com.kms.katalon.core.main.ScriptEngine.run(ScriptEngine.java:194)
	at com.kms.katalon.core.main.ScriptEngine.runScriptAsRawText(ScriptEngine.java:119)
	at com.kms.katalon.core.main.TestCaseExecutor.runScript(TestCaseExecutor.java:445)
	at com.kms.katalon.core.main.TestCaseExecutor.doExecute(TestCaseExecutor.java:436)
	at com.kms.katalon.core.main.TestCaseExecutor.processExecutionPhase(TestCaseExecutor.java:415)
	at com.kms.katalon.core.main.TestCaseExecutor.accessMainPhase(TestCaseExecutor.java:407)
	at com.kms.katalon.core.main.TestCaseExecutor.execute(TestCaseExecutor.java:284)
	at com.kms.katalon.core.common.CommonExecutor.accessTestCaseMainPhase(CommonExecutor.java:65)
	at com.kms.katalon.core.main.TestSuiteExecutor.accessTestSuiteMainPhase(TestSuiteExecutor.java:144)
	at com.kms.katalon.core.main.TestSuiteExecutor.execute(TestSuiteExecutor.java:106)
	at com.kms.katalon.core.main.TestCaseMain.startTestSuite(TestCaseMain.java:185)
	at com.kms.katalon.core.main.TestCaseMain$startTestSuite$0.call(Unknown Source)
	at TempTestSuite1671600116004.run(TempTestSuite1671600116004.groovy:36)
Caused by: java.io.IOException: GetExitCodeProcess error=6, The handle is invalid
	at com.kms.katalon.core.appium.driver.AppiumDriverManager.isAppiumServerStarted(AppiumDriverManager.java:194)
	at com.kms.katalon.core.appium.driver.AppiumDriverManager.startAppiumServerJS(AppiumDriverManager.java:258)
	at com.kms.katalon.core.appium.driver.AppiumDriverManager.startAppiumServerJS(AppiumDriverManager.java:412)
	at com.kms.katalon.core.appium.driver.AppiumDriverManager.ensureServicesStarted(AppiumDriverManager.java:244)
	at com.kms.katalon.core.appium.driver.AppiumDriverManager.createMobileDriver(AppiumDriverManager.java:478)
	at com.kms.katalon.core.mobile.keyword.internal.MobileDriverFactory.startLocalMobileDriver(MobileDriverFactory.java:539)
	at com.kms.katalon.core.mobile.keyword.internal.MobileDriverFactory.startMobileDriver(MobileDriverFactory.java:452)
	at com.kms.katalon.core.mobile.keyword.builtin.StartApplicationKeyword$_startApplication_closure1.doCall(StartApplicationKeyword.groovy:49)
	at com.kms.katalon.core.mobile.keyword.builtin.StartApplicationKeyword$_startApplication_closure1.call(StartApplicationKeyword.groovy)
	at com.kms.katalon.core.mobile.keyword.internal.MobileKeywordMain.runKeyword(MobileKeywordMain.groovy:21)
	... 19 more]]></system-err>
      </testcase>
      <testcase name="Test Cases/Explore/TC_Explore_01" time="0.197" classname="Test Cases/Explore/TC_Explore_01" status="PASSED">
         <system-out><![CDATA[2022-12-21 12:31:00 - [TEST_CASE][PASSED] - Test Cases/Explore/TC_Explore_01: Test Cases/Explore/TC_Explore_01

2022-12-21 12:31:00 - [TEST_STEP][PASSED] - return null: null]]></system-out>
         <system-err><![CDATA[]]></system-err>
      </testcase>
      <testcase name="Test Cases/Booking/Booking" time="0.214" classname="Test Cases/Booking/Booking" status="FAILED">
         <failure type="FAILED" message="Test Cases/Booking/Booking FAILED.
Reason:
com.kms.katalon.core.exception.StepFailedException: Unable to start app at: 'E:\SEMESTER 7\MBKM\Capstone Project\CICD\Aplikasi\Terbaru\app-release.apk' (Root cause: java.io.IOException: GetExitCodeProcess error=6, The handle is invalid
	at com.kms.katalon.core.appium.driver.AppiumDriverManager.isAppiumServerStarted(AppiumDriverManager.java:194)
	at com.kms.katalon.core.appium.driver.AppiumDriverManager.startAppiumServerJS(AppiumDriverManager.java:258)
	at com.kms.katalon.core.appium.driver.AppiumDriverManager.startAppiumServerJS(AppiumDriverManager.java:412)
	at com.kms.katalon.core.appium.driver.AppiumDriverManager.ensureServicesStarted(AppiumDriverManager.java:244)
	at com.kms.katalon.core.appium.driver.AppiumDriverManager.createMobileDriver(AppiumDriverManager.java:478)
	at com.kms.katalon.core.mobile.keyword.internal.MobileDriverFactory.startLocalMobileDriver(MobileDriverFactory.java:539)
	at com.kms.katalon.core.mobile.keyword.internal.MobileDriverFactory.startMobileDriver(MobileDriverFactory.java:452)
	at com.kms.katalon.core.mobile.keyword.builtin.StartApplicationKeyword$_startApplication_closure1.doCall(StartApplicationKeyword.groovy:49)
	at com.kms.katalon.core.mobile.keyword.builtin.StartApplicationKeyword$_startApplication_closure1.call(StartApplicationKeyword.groovy)
	at com.kms.katalon.core.mobile.keyword.internal.MobileKeywordMain.runKeyword(MobileKeywordMain.groovy:21)
	at com.kms.katalon.core.mobile.keyword.builtin.StartApplicationKeyword.startApplication(StartApplicationKeyword.groovy:51)
	at com.kms.katalon.core.mobile.keyword.builtin.StartApplicationKeyword.execute(StartApplicationKeyword.groovy:40)
	at com.kms.katalon.core.keyword.internal.KeywordExecutor.executeKeywordForPlatform(KeywordExecutor.groovy:74)
	at com.kms.katalon.core.mobile.keyword.MobileBuiltInKeywords.startApplication(MobileBuiltInKeywords.groovy:78)
	at com.kms.katalon.core.mobile.keyword.MobileBuiltInKeywords$startApplication.call(Unknown Source)
	at Booking.run(Booking:20)
	at com.kms.katalon.core.main.ScriptEngine.run(ScriptEngine.java:194)
	at com.kms.katalon.core.main.ScriptEngine.runScriptAsRawText(ScriptEngine.java:119)
	at com.kms.katalon.core.main.TestCaseExecutor.runScript(TestCaseExecutor.java:445)
	at com.kms.katalon.core.main.TestCaseExecutor.doExecute(TestCaseExecutor.java:436)
	at com.kms.katalon.core.main.TestCaseExecutor.processExecutionPhase(TestCaseExecutor.java:415)
	at com.kms.katalon.core.main.TestCaseExecutor.accessMainPhase(TestCaseExecutor.java:407)
	at com.kms.katalon.core.main.TestCaseExecutor.execute(TestCaseExecutor.java:284)
	at com.kms.katalon.core.common.CommonExecutor.accessTestCaseMainPhase(CommonExecutor.java:65)
	at com.kms.katalon.core.main.TestSuiteExecutor.accessTestSuiteMainPhase(TestSuiteExecutor.java:144)
	at com.kms.katalon.core.main.TestSuiteExecutor.execute(TestSuiteExecutor.java:106)
	at com.kms.katalon.core.main.TestCaseMain.startTestSuite(TestCaseMain.java:185)
	at com.kms.katalon.core.main.TestCaseMain$startTestSuite$0.call(Unknown Source)
	at TempTestSuite1671600116004.run(TempTestSuite1671600116004.groovy:36)
)
	at com.kms.katalon.core.keyword.internal.KeywordMain.stepFailed(KeywordMain.groovy:50)
	at com.kms.katalon.core.mobile.keyword.internal.MobileKeywordMain.stepFailed(MobileKeywordMain.groovy:40)
	at com.kms.katalon.core.mobile.keyword.internal.MobileKeywordMain.runKeyword(MobileKeywordMain.groovy:23)
	at com.kms.katalon.core.mobile.keyword.builtin.StartApplicationKeyword.startApplication(StartApplicationKeyword.groovy:51)
	at com.kms.katalon.core.mobile.keyword.builtin.StartApplicationKeyword.execute(StartApplicationKeyword.groovy:40)
	at com.kms.katalon.core.keyword.internal.KeywordExecutor.executeKeywordForPlatform(KeywordExecutor.groovy:74)
	at com.kms.katalon.core.mobile.keyword.MobileBuiltInKeywords.startApplication(MobileBuiltInKeywords.groovy:78)
	at com.kms.katalon.core.mobile.keyword.MobileBuiltInKeywords$startApplication.call(Unknown Source)
	at Booking.run(Booking:20)
	at com.kms.katalon.core.main.ScriptEngine.run(ScriptEngine.java:194)
	at com.kms.katalon.core.main.ScriptEngine.runScriptAsRawText(ScriptEngine.java:119)
	at com.kms.katalon.core.main.TestCaseExecutor.runScript(TestCaseExecutor.java:445)
	at com.kms.katalon.core.main.TestCaseExecutor.doExecute(TestCaseExecutor.java:436)
	at com.kms.katalon.core.main.TestCaseExecutor.processExecutionPhase(TestCaseExecutor.java:415)
	at com.kms.katalon.core.main.TestCaseExecutor.accessMainPhase(TestCaseExecutor.java:407)
	at com.kms.katalon.core.main.TestCaseExecutor.execute(TestCaseExecutor.java:284)
	at com.kms.katalon.core.common.CommonExecutor.accessTestCaseMainPhase(CommonExecutor.java:65)
	at com.kms.katalon.core.main.TestSuiteExecutor.accessTestSuiteMainPhase(TestSuiteExecutor.java:144)
	at com.kms.katalon.core.main.TestSuiteExecutor.execute(TestSuiteExecutor.java:106)
	at com.kms.katalon.core.main.TestCaseMain.startTestSuite(TestCaseMain.java:185)
	at com.kms.katalon.core.main.TestCaseMain$startTestSuite$0.call(Unknown Source)
	at TempTestSuite1671600116004.run(TempTestSuite1671600116004.groovy:36)
Caused by: java.io.IOException: GetExitCodeProcess error=6, The handle is invalid
	at com.kms.katalon.core.appium.driver.AppiumDriverManager.isAppiumServerStarted(AppiumDriverManager.java:194)
	at com.kms.katalon.core.appium.driver.AppiumDriverManager.startAppiumServerJS(AppiumDriverManager.java:258)
	at com.kms.katalon.core.appium.driver.AppiumDriverManager.startAppiumServerJS(AppiumDriverManager.java:412)
	at com.kms.katalon.core.appium.driver.AppiumDriverManager.ensureServicesStarted(AppiumDriverManager.java:244)
	at com.kms.katalon.core.appium.driver.AppiumDriverManager.createMobileDriver(AppiumDriverManager.java:478)
	at com.kms.katalon.core.mobile.keyword.internal.MobileDriverFactory.startLocalMobileDriver(MobileDriverFactory.java:539)
	at com.kms.katalon.core.mobile.keyword.internal.MobileDriverFactory.startMobileDriver(MobileDriverFactory.java:452)
	at com.kms.katalon.core.mobile.keyword.builtin.StartApplicationKeyword$_startApplication_closure1.doCall(StartApplicationKeyword.groovy:49)
	at com.kms.katalon.core.mobile.keyword.builtin.StartApplicationKeyword$_startApplication_closure1.call(StartApplicationKeyword.groovy)
	at com.kms.katalon.core.mobile.keyword.internal.MobileKeywordMain.runKeyword(MobileKeywordMain.groovy:21)
	... 19 more
"/>
         <system-out><![CDATA[2022-12-21 12:31:00 - [TEST_CASE][FAILED] - Test Cases/Booking/Booking: Test Cases/Booking/Booking FAILED.
Reason:
com.kms.katalon.core.exception.StepFailedException: Unable to start app at: 'E:\SEMESTER 7\MBKM\Capstone Project\CICD\Aplikasi\Terbaru\app-release.apk' (Root cause: java.io.IOException: GetExitCodeProcess error=6, The handle is invalid
	at com.kms.katalon.core.appium.driver.AppiumDriverManager.isAppiumServerStarted(AppiumDriverManager.java:194)
	at com.kms.katalon.core.appium.driver.AppiumDriverManager.startAppiumServerJS(AppiumDriverManager.java:258)
	at com.kms.katalon.core.appium.driver.AppiumDriverManager.startAppiumServerJS(AppiumDriverManager.java:412)
	at com.kms.katalon.core.appium.driver.AppiumDriverManager.ensureServicesStarted(AppiumDriverManager.java:244)
	at com.kms.katalon.core.appium.driver.AppiumDriverManager.createMobileDriver(AppiumDriverManager.java:478)
	at com.kms.katalon.core.mobile.keyword.internal.MobileDriverFactory.startLocalMobileDriver(MobileDriverFactory.java:539)
	at com.kms.katalon.core.mobile.keyword.internal.MobileDriverFactory.startMobileDriver(MobileDriverFactory.java:452)
	at com.kms.katalon.core.mobile.keyword.builtin.StartApplicationKeyword$_startApplication_closure1.doCall(StartApplicationKeyword.groovy:49)
	at com.kms.katalon.core.mobile.keyword.builtin.StartApplicationKeyword$_startApplication_closure1.call(StartApplicationKeyword.groovy)
	at com.kms.katalon.core.mobile.keyword.internal.MobileKeywordMain.runKeyword(MobileKeywordMain.groovy:21)
	at com.kms.katalon.core.mobile.keyword.builtin.StartApplicationKeyword.startApplication(StartApplicationKeyword.groovy:51)
	at com.kms.katalon.core.mobile.keyword.builtin.StartApplicationKeyword.execute(StartApplicationKeyword.groovy:40)
	at com.kms.katalon.core.keyword.internal.KeywordExecutor.executeKeywordForPlatform(KeywordExecutor.groovy:74)
	at com.kms.katalon.core.mobile.keyword.MobileBuiltInKeywords.startApplication(MobileBuiltInKeywords.groovy:78)
	at com.kms.katalon.core.mobile.keyword.MobileBuiltInKeywords$startApplication.call(Unknown Source)
	at Booking.run(Booking:20)
	at com.kms.katalon.core.main.ScriptEngine.run(ScriptEngine.java:194)
	at com.kms.katalon.core.main.ScriptEngine.runScriptAsRawText(ScriptEngine.java:119)
	at com.kms.katalon.core.main.TestCaseExecutor.runScript(TestCaseExecutor.java:445)
	at com.kms.katalon.core.main.TestCaseExecutor.doExecute(TestCaseExecutor.java:436)
	at com.kms.katalon.core.main.TestCaseExecutor.processExecutionPhase(TestCaseExecutor.java:415)
	at com.kms.katalon.core.main.TestCaseExecutor.accessMainPhase(TestCaseExecutor.java:407)
	at com.kms.katalon.core.main.TestCaseExecutor.execute(TestCaseExecutor.java:284)
	at com.kms.katalon.core.common.CommonExecutor.accessTestCaseMainPhase(CommonExecutor.java:65)
	at com.kms.katalon.core.main.TestSuiteExecutor.accessTestSuiteMainPhase(TestSuiteExecutor.java:144)
	at com.kms.katalon.core.main.TestSuiteExecutor.execute(TestSuiteExecutor.java:106)
	at com.kms.katalon.core.main.TestCaseMain.startTestSuite(TestCaseMain.java:185)
	at com.kms.katalon.core.main.TestCaseMain$startTestSuite$0.call(Unknown Source)
	at TempTestSuite1671600116004.run(TempTestSuite1671600116004.groovy:36)
)
	at com.kms.katalon.core.keyword.internal.KeywordMain.stepFailed(KeywordMain.groovy:50)
	at com.kms.katalon.core.mobile.keyword.internal.MobileKeywordMain.stepFailed(MobileKeywordMain.groovy:40)
	at com.kms.katalon.core.mobile.keyword.internal.MobileKeywordMain.runKeyword(MobileKeywordMain.groovy:23)
	at com.kms.katalon.core.mobile.keyword.builtin.StartApplicationKeyword.startApplication(StartApplicationKeyword.groovy:51)
	at com.kms.katalon.core.mobile.keyword.builtin.StartApplicationKeyword.execute(StartApplicationKeyword.groovy:40)
	at com.kms.katalon.core.keyword.internal.KeywordExecutor.executeKeywordForPlatform(KeywordExecutor.groovy:74)
	at com.kms.katalon.core.mobile.keyword.MobileBuiltInKeywords.startApplication(MobileBuiltInKeywords.groovy:78)
	at com.kms.katalon.core.mobile.keyword.MobileBuiltInKeywords$startApplication.call(Unknown Source)
	at Booking.run(Booking:20)
	at com.kms.katalon.core.main.ScriptEngine.run(ScriptEngine.java:194)
	at com.kms.katalon.core.main.ScriptEngine.runScriptAsRawText(ScriptEngine.java:119)
	at com.kms.katalon.core.main.TestCaseExecutor.runScript(TestCaseExecutor.java:445)
	at com.kms.katalon.core.main.TestCaseExecutor.doExecute(TestCaseExecutor.java:436)
	at com.kms.katalon.core.main.TestCaseExecutor.processExecutionPhase(TestCaseExecutor.java:415)
	at com.kms.katalon.core.main.TestCaseExecutor.accessMainPhase(TestCaseExecutor.java:407)
	at com.kms.katalon.core.main.TestCaseExecutor.execute(TestCaseExecutor.java:284)
	at com.kms.katalon.core.common.CommonExecutor.accessTestCaseMainPhase(CommonExecutor.java:65)
	at com.kms.katalon.core.main.TestSuiteExecutor.accessTestSuiteMainPhase(TestSuiteExecutor.java:144)
	at com.kms.katalon.core.main.TestSuiteExecutor.execute(TestSuiteExecutor.java:106)
	at com.kms.katalon.core.main.TestCaseMain.startTestSuite(TestCaseMain.java:185)
	at com.kms.katalon.core.main.TestCaseMain$startTestSuite$0.call(Unknown Source)
	at TempTestSuite1671600116004.run(TempTestSuite1671600116004.groovy:36)
Caused by: java.io.IOException: GetExitCodeProcess error=6, The handle is invalid
	at com.kms.katalon.core.appium.driver.AppiumDriverManager.isAppiumServerStarted(AppiumDriverManager.java:194)
	at com.kms.katalon.core.appium.driver.AppiumDriverManager.startAppiumServerJS(AppiumDriverManager.java:258)
	at com.kms.katalon.core.appium.driver.AppiumDriverManager.startAppiumServerJS(AppiumDriverManager.java:412)
	at com.kms.katalon.core.appium.driver.AppiumDriverManager.ensureServicesStarted(AppiumDriverManager.java:244)
	at com.kms.katalon.core.appium.driver.AppiumDriverManager.createMobileDriver(AppiumDriverManager.java:478)
	at com.kms.katalon.core.mobile.keyword.internal.MobileDriverFactory.startLocalMobileDriver(MobileDriverFactory.java:539)
	at com.kms.katalon.core.mobile.keyword.internal.MobileDriverFactory.startMobileDriver(MobileDriverFactory.java:452)
	at com.kms.katalon.core.mobile.keyword.builtin.StartApplicationKeyword$_startApplication_closure1.doCall(StartApplicationKeyword.groovy:49)
	at com.kms.katalon.core.mobile.keyword.builtin.StartApplicationKeyword$_startApplication_closure1.call(StartApplicationKeyword.groovy)
	at com.kms.katalon.core.mobile.keyword.internal.MobileKeywordMain.runKeyword(MobileKeywordMain.groovy:21)
	... 19 more


2022-12-21 12:31:00 - [TEST_STEP][FAILED] - startApplication("E:\SEMESTER 7\MBKM\Capstone Project\CICD\Aplikasi\Terbaru\app-release.apk", true): Unable to start app at: 'E:\SEMESTER 7\MBKM\Capstone Project\CICD\Aplikasi\Terbaru\app-release.apk' (Root cause: java.io.IOException: GetExitCodeProcess error=6, The handle is invalid
	at com.kms.katalon.core.appium.driver.AppiumDriverManager.isAppiumServerStarted(AppiumDriverManager.java:194)
	at com.kms.katalon.core.appium.driver.AppiumDriverManager.startAppiumServerJS(AppiumDriverManager.java:258)
	at com.kms.katalon.core.appium.driver.AppiumDriverManager.startAppiumServerJS(AppiumDriverManager.java:412)
	at com.kms.katalon.core.appium.driver.AppiumDriverManager.ensureServicesStarted(AppiumDriverManager.java:244)
	at com.kms.katalon.core.appium.driver.AppiumDriverManager.createMobileDriver(AppiumDriverManager.java:478)
	at com.kms.katalon.core.mobile.keyword.internal.MobileDriverFactory.startLocalMobileDriver(MobileDriverFactory.java:539)
	at com.kms.katalon.core.mobile.keyword.internal.MobileDriverFactory.startMobileDriver(MobileDriverFactory.java:452)
	at com.kms.katalon.core.mobile.keyword.builtin.StartApplicationKeyword$_startApplication_closure1.doCall(StartApplicationKeyword.groovy:49)
	at com.kms.katalon.core.mobile.keyword.builtin.StartApplicationKeyword$_startApplication_closure1.call(StartApplicationKeyword.groovy)
	at com.kms.katalon.core.mobile.keyword.internal.MobileKeywordMain.runKeyword(MobileKeywordMain.groovy:21)
	at com.kms.katalon.core.mobile.keyword.builtin.StartApplicationKeyword.startApplication(StartApplicationKeyword.groovy:51)
	at com.kms.katalon.core.mobile.keyword.builtin.StartApplicationKeyword.execute(StartApplicationKeyword.groovy:40)
	at com.kms.katalon.core.keyword.internal.KeywordExecutor.executeKeywordForPlatform(KeywordExecutor.groovy:74)
	at com.kms.katalon.core.mobile.keyword.MobileBuiltInKeywords.startApplication(MobileBuiltInKeywords.groovy:78)
	at com.kms.katalon.core.mobile.keyword.MobileBuiltInKeywords$startApplication.call(Unknown Source)
	at Booking.run(Booking:20)
	at com.kms.katalon.core.main.ScriptEngine.run(ScriptEngine.java:194)
	at com.kms.katalon.core.main.ScriptEngine.runScriptAsRawText(ScriptEngine.java:119)
	at com.kms.katalon.core.main.TestCaseExecutor.runScript(TestCaseExecutor.java:445)
	at com.kms.katalon.core.main.TestCaseExecutor.doExecute(TestCaseExecutor.java:436)
	at com.kms.katalon.core.main.TestCaseExecutor.processExecutionPhase(TestCaseExecutor.java:415)
	at com.kms.katalon.core.main.TestCaseExecutor.accessMainPhase(TestCaseExecutor.java:407)
	at com.kms.katalon.core.main.TestCaseExecutor.execute(TestCaseExecutor.java:284)
	at com.kms.katalon.core.common.CommonExecutor.accessTestCaseMainPhase(CommonExecutor.java:65)
	at com.kms.katalon.core.main.TestSuiteExecutor.accessTestSuiteMainPhase(TestSuiteExecutor.java:144)
	at com.kms.katalon.core.main.TestSuiteExecutor.execute(TestSuiteExecutor.java:106)
	at com.kms.katalon.core.main.TestCaseMain.startTestSuite(TestCaseMain.java:185)
	at com.kms.katalon.core.main.TestCaseMain$startTestSuite$0.call(Unknown Source)
	at TempTestSuite1671600116004.run(TempTestSuite1671600116004.groovy:36)
)

2022-12-21 12:31:00 - [MESSAGE][FAILED] - Unable to start app at: 'E:\SEMESTER 7\MBKM\Capstone Project\CICD\Aplikasi\Terbaru\app-release.apk' (Root cause: java.io.IOException: GetExitCodeProcess error=6, The handle is invalid
	at com.kms.katalon.core.appium.driver.AppiumDriverManager.isAppiumServerStarted(AppiumDriverManager.java:194)
	at com.kms.katalon.core.appium.driver.AppiumDriverManager.startAppiumServerJS(AppiumDriverManager.java:258)
	at com.kms.katalon.core.appium.driver.AppiumDriverManager.startAppiumServerJS(AppiumDriverManager.java:412)
	at com.kms.katalon.core.appium.driver.AppiumDriverManager.ensureServicesStarted(AppiumDriverManager.java:244)
	at com.kms.katalon.core.appium.driver.AppiumDriverManager.createMobileDriver(AppiumDriverManager.java:478)
	at com.kms.katalon.core.mobile.keyword.internal.MobileDriverFactory.startLocalMobileDriver(MobileDriverFactory.java:539)
	at com.kms.katalon.core.mobile.keyword.internal.MobileDriverFactory.startMobileDriver(MobileDriverFactory.java:452)
	at com.kms.katalon.core.mobile.keyword.builtin.StartApplicationKeyword$_startApplication_closure1.doCall(StartApplicationKeyword.groovy:49)
	at com.kms.katalon.core.mobile.keyword.builtin.StartApplicationKeyword$_startApplication_closure1.call(StartApplicationKeyword.groovy)
	at com.kms.katalon.core.mobile.keyword.internal.MobileKeywordMain.runKeyword(MobileKeywordMain.groovy:21)
	at com.kms.katalon.core.mobile.keyword.builtin.StartApplicationKeyword.startApplication(StartApplicationKeyword.groovy:51)
	at com.kms.katalon.core.mobile.keyword.builtin.StartApplicationKeyword.execute(StartApplicationKeyword.groovy:40)
	at com.kms.katalon.core.keyword.internal.KeywordExecutor.executeKeywordForPlatform(KeywordExecutor.groovy:74)
	at com.kms.katalon.core.mobile.keyword.MobileBuiltInKeywords.startApplication(MobileBuiltInKeywords.groovy:78)
	at com.kms.katalon.core.mobile.keyword.MobileBuiltInKeywords$startApplication.call(Unknown Source)
	at Booking.run(Booking:20)
	at com.kms.katalon.core.main.ScriptEngine.run(ScriptEngine.java:194)
	at com.kms.katalon.core.main.ScriptEngine.runScriptAsRawText(ScriptEngine.java:119)
	at com.kms.katalon.core.main.TestCaseExecutor.runScript(TestCaseExecutor.java:445)
	at com.kms.katalon.core.main.TestCaseExecutor.doExecute(TestCaseExecutor.java:436)
	at com.kms.katalon.core.main.TestCaseExecutor.processExecutionPhase(TestCaseExecutor.java:415)
	at com.kms.katalon.core.main.TestCaseExecutor.accessMainPhase(TestCaseExecutor.java:407)
	at com.kms.katalon.core.main.TestCaseExecutor.execute(TestCaseExecutor.java:284)
	at com.kms.katalon.core.common.CommonExecutor.accessTestCaseMainPhase(CommonExecutor.java:65)
	at com.kms.katalon.core.main.TestSuiteExecutor.accessTestSuiteMainPhase(TestSuiteExecutor.java:144)
	at com.kms.katalon.core.main.TestSuiteExecutor.execute(TestSuiteExecutor.java:106)
	at com.kms.katalon.core.main.TestCaseMain.startTestSuite(TestCaseMain.java:185)
	at com.kms.katalon.core.main.TestCaseMain$startTestSuite$0.call(Unknown Source)
	at TempTestSuite1671600116004.run(TempTestSuite1671600116004.groovy:36)
)]]></system-out>
         <system-err><![CDATA[2022-12-21 12:31:00 - [TEST_CASE][FAILED] - Test Cases/Booking/Booking: Test Cases/Booking/Booking FAILED.
Reason:
com.kms.katalon.core.exception.StepFailedException: Unable to start app at: 'E:\SEMESTER 7\MBKM\Capstone Project\CICD\Aplikasi\Terbaru\app-release.apk' (Root cause: java.io.IOException: GetExitCodeProcess error=6, The handle is invalid
	at com.kms.katalon.core.appium.driver.AppiumDriverManager.isAppiumServerStarted(AppiumDriverManager.java:194)
	at com.kms.katalon.core.appium.driver.AppiumDriverManager.startAppiumServerJS(AppiumDriverManager.java:258)
	at com.kms.katalon.core.appium.driver.AppiumDriverManager.startAppiumServerJS(AppiumDriverManager.java:412)
	at com.kms.katalon.core.appium.driver.AppiumDriverManager.ensureServicesStarted(AppiumDriverManager.java:244)
	at com.kms.katalon.core.appium.driver.AppiumDriverManager.createMobileDriver(AppiumDriverManager.java:478)
	at com.kms.katalon.core.mobile.keyword.internal.MobileDriverFactory.startLocalMobileDriver(MobileDriverFactory.java:539)
	at com.kms.katalon.core.mobile.keyword.internal.MobileDriverFactory.startMobileDriver(MobileDriverFactory.java:452)
	at com.kms.katalon.core.mobile.keyword.builtin.StartApplicationKeyword$_startApplication_closure1.doCall(StartApplicationKeyword.groovy:49)
	at com.kms.katalon.core.mobile.keyword.builtin.StartApplicationKeyword$_startApplication_closure1.call(StartApplicationKeyword.groovy)
	at com.kms.katalon.core.mobile.keyword.internal.MobileKeywordMain.runKeyword(MobileKeywordMain.groovy:21)
	at com.kms.katalon.core.mobile.keyword.builtin.StartApplicationKeyword.startApplication(StartApplicationKeyword.groovy:51)
	at com.kms.katalon.core.mobile.keyword.builtin.StartApplicationKeyword.execute(StartApplicationKeyword.groovy:40)
	at com.kms.katalon.core.keyword.internal.KeywordExecutor.executeKeywordForPlatform(KeywordExecutor.groovy:74)
	at com.kms.katalon.core.mobile.keyword.MobileBuiltInKeywords.startApplication(MobileBuiltInKeywords.groovy:78)
	at com.kms.katalon.core.mobile.keyword.MobileBuiltInKeywords$startApplication.call(Unknown Source)
	at Booking.run(Booking:20)
	at com.kms.katalon.core.main.ScriptEngine.run(ScriptEngine.java:194)
	at com.kms.katalon.core.main.ScriptEngine.runScriptAsRawText(ScriptEngine.java:119)
	at com.kms.katalon.core.main.TestCaseExecutor.runScript(TestCaseExecutor.java:445)
	at com.kms.katalon.core.main.TestCaseExecutor.doExecute(TestCaseExecutor.java:436)
	at com.kms.katalon.core.main.TestCaseExecutor.processExecutionPhase(TestCaseExecutor.java:415)
	at com.kms.katalon.core.main.TestCaseExecutor.accessMainPhase(TestCaseExecutor.java:407)
	at com.kms.katalon.core.main.TestCaseExecutor.execute(TestCaseExecutor.java:284)
	at com.kms.katalon.core.common.CommonExecutor.accessTestCaseMainPhase(CommonExecutor.java:65)
	at com.kms.katalon.core.main.TestSuiteExecutor.accessTestSuiteMainPhase(TestSuiteExecutor.java:144)
	at com.kms.katalon.core.main.TestSuiteExecutor.execute(TestSuiteExecutor.java:106)
	at com.kms.katalon.core.main.TestCaseMain.startTestSuite(TestCaseMain.java:185)
	at com.kms.katalon.core.main.TestCaseMain$startTestSuite$0.call(Unknown Source)
	at TempTestSuite1671600116004.run(TempTestSuite1671600116004.groovy:36)
)
	at com.kms.katalon.core.keyword.internal.KeywordMain.stepFailed(KeywordMain.groovy:50)
	at com.kms.katalon.core.mobile.keyword.internal.MobileKeywordMain.stepFailed(MobileKeywordMain.groovy:40)
	at com.kms.katalon.core.mobile.keyword.internal.MobileKeywordMain.runKeyword(MobileKeywordMain.groovy:23)
	at com.kms.katalon.core.mobile.keyword.builtin.StartApplicationKeyword.startApplication(StartApplicationKeyword.groovy:51)
	at com.kms.katalon.core.mobile.keyword.builtin.StartApplicationKeyword.execute(StartApplicationKeyword.groovy:40)
	at com.kms.katalon.core.keyword.internal.KeywordExecutor.executeKeywordForPlatform(KeywordExecutor.groovy:74)
	at com.kms.katalon.core.mobile.keyword.MobileBuiltInKeywords.startApplication(MobileBuiltInKeywords.groovy:78)
	at com.kms.katalon.core.mobile.keyword.MobileBuiltInKeywords$startApplication.call(Unknown Source)
	at Booking.run(Booking:20)
	at com.kms.katalon.core.main.ScriptEngine.run(ScriptEngine.java:194)
	at com.kms.katalon.core.main.ScriptEngine.runScriptAsRawText(ScriptEngine.java:119)
	at com.kms.katalon.core.main.TestCaseExecutor.runScript(TestCaseExecutor.java:445)
	at com.kms.katalon.core.main.TestCaseExecutor.doExecute(TestCaseExecutor.java:436)
	at com.kms.katalon.core.main.TestCaseExecutor.processExecutionPhase(TestCaseExecutor.java:415)
	at com.kms.katalon.core.main.TestCaseExecutor.accessMainPhase(TestCaseExecutor.java:407)
	at com.kms.katalon.core.main.TestCaseExecutor.execute(TestCaseExecutor.java:284)
	at com.kms.katalon.core.common.CommonExecutor.accessTestCaseMainPhase(CommonExecutor.java:65)
	at com.kms.katalon.core.main.TestSuiteExecutor.accessTestSuiteMainPhase(TestSuiteExecutor.java:144)
	at com.kms.katalon.core.main.TestSuiteExecutor.execute(TestSuiteExecutor.java:106)
	at com.kms.katalon.core.main.TestCaseMain.startTestSuite(TestCaseMain.java:185)
	at com.kms.katalon.core.main.TestCaseMain$startTestSuite$0.call(Unknown Source)
	at TempTestSuite1671600116004.run(TempTestSuite1671600116004.groovy:36)
Caused by: java.io.IOException: GetExitCodeProcess error=6, The handle is invalid
	at com.kms.katalon.core.appium.driver.AppiumDriverManager.isAppiumServerStarted(AppiumDriverManager.java:194)
	at com.kms.katalon.core.appium.driver.AppiumDriverManager.startAppiumServerJS(AppiumDriverManager.java:258)
	at com.kms.katalon.core.appium.driver.AppiumDriverManager.startAppiumServerJS(AppiumDriverManager.java:412)
	at com.kms.katalon.core.appium.driver.AppiumDriverManager.ensureServicesStarted(AppiumDriverManager.java:244)
	at com.kms.katalon.core.appium.driver.AppiumDriverManager.createMobileDriver(AppiumDriverManager.java:478)
	at com.kms.katalon.core.mobile.keyword.internal.MobileDriverFactory.startLocalMobileDriver(MobileDriverFactory.java:539)
	at com.kms.katalon.core.mobile.keyword.internal.MobileDriverFactory.startMobileDriver(MobileDriverFactory.java:452)
	at com.kms.katalon.core.mobile.keyword.builtin.StartApplicationKeyword$_startApplication_closure1.doCall(StartApplicationKeyword.groovy:49)
	at com.kms.katalon.core.mobile.keyword.builtin.StartApplicationKeyword$_startApplication_closure1.call(StartApplicationKeyword.groovy)
	at com.kms.katalon.core.mobile.keyword.internal.MobileKeywordMain.runKeyword(MobileKeywordMain.groovy:21)
	... 19 more]]></system-err>
      </testcase>
      <system-out><![CDATA[2022-12-21 12:22:13 - [TEST_SUITE][FAILED] - Regression: Test Cases/Register/TC_Register_12 FAILED.
Reason:
com.kms.katalon.core.exception.StepFailedException: Element 'Object Repository/LoginInvalid/android.view.View (2)' not found
	at com.kms.katalon.core.keyword.internal.KeywordMain.stepFailed(KeywordMain.groovy:50)
	at com.kms.katalon.core.mobile.keyword.internal.MobileKeywordMain.stepFailed(MobileKeywordMain.groovy:40)
	at com.kms.katalon.core.mobile.keyword.builtin.VerifyElementTextKeyword$_verifyElementText_closure1.doCall(VerifyElementTextKeyword.groovy:49)
	at com.kms.katalon.core.mobile.keyword.builtin.VerifyElementTextKeyword$_verifyElementText_closure1.call(VerifyElementTextKeyword.groovy)
	at com.kms.katalon.core.mobile.keyword.internal.MobileKeywordMain.runKeyword(MobileKeywordMain.groovy:21)
	at com.kms.katalon.core.mobile.keyword.builtin.VerifyElementTextKeyword.verifyElementText(VerifyElementTextKeyword.groovy:62)
	at com.kms.katalon.core.mobile.keyword.builtin.VerifyElementTextKeyword.execute(VerifyElementTextKeyword.groovy:39)
	at com.kms.katalon.core.keyword.internal.KeywordExecutor.executeKeywordForPlatform(KeywordExecutor.groovy:74)
	at com.kms.katalon.core.mobile.keyword.MobileBuiltInKeywords.verifyElementText(MobileBuiltInKeywords.groovy:2901)
	at com.kms.katalon.core.mobile.keyword.MobileBuiltInKeywords$verifyElementText$3.call(Unknown Source)
	at TC_Register_12.run(TC_Register_12:55)
	at com.kms.katalon.core.main.ScriptEngine.run(ScriptEngine.java:194)
	at com.kms.katalon.core.main.ScriptEngine.runScriptAsRawText(ScriptEngine.java:119)
	at com.kms.katalon.core.main.TestCaseExecutor.runScript(TestCaseExecutor.java:445)
	at com.kms.katalon.core.main.TestCaseExecutor.doExecute(TestCaseExecutor.java:436)
	at com.kms.katalon.core.main.TestCaseExecutor.processExecutionPhase(TestCaseExecutor.java:415)
	at com.kms.katalon.core.main.TestCaseExecutor.accessMainPhase(TestCaseExecutor.java:407)
	at com.kms.katalon.core.main.TestCaseExecutor.execute(TestCaseExecutor.java:284)
	at com.kms.katalon.core.common.CommonExecutor.accessTestCaseMainPhase(CommonExecutor.java:65)
	at com.kms.katalon.core.main.TestSuiteExecutor.accessTestSuiteMainPhase(TestSuiteExecutor.java:144)
	at com.kms.katalon.core.main.TestSuiteExecutor.execute(TestSuiteExecutor.java:106)
	at com.kms.katalon.core.main.TestCaseMain.startTestSuite(TestCaseMain.java:185)
	at com.kms.katalon.core.main.TestCaseMain$startTestSuite$0.call(Unknown Source)
	at TempTestSuite1671600116004.run(TempTestSuite1671600116004.groovy:36)]]></system-out>
      <system-err><![CDATA[2022-12-21 12:22:13 - [TEST_SUITE][FAILED] - Regression: Test Cases/Register/TC_Register_12 FAILED.
Reason:
com.kms.katalon.core.exception.StepFailedException: Element 'Object Repository/LoginInvalid/android.view.View (2)' not found
	at com.kms.katalon.core.keyword.internal.KeywordMain.stepFailed(KeywordMain.groovy:50)
	at com.kms.katalon.core.mobile.keyword.internal.MobileKeywordMain.stepFailed(MobileKeywordMain.groovy:40)
	at com.kms.katalon.core.mobile.keyword.builtin.VerifyElementTextKeyword$_verifyElementText_closure1.doCall(VerifyElementTextKeyword.groovy:49)
	at com.kms.katalon.core.mobile.keyword.builtin.VerifyElementTextKeyword$_verifyElementText_closure1.call(VerifyElementTextKeyword.groovy)
	at com.kms.katalon.core.mobile.keyword.internal.MobileKeywordMain.runKeyword(MobileKeywordMain.groovy:21)
	at com.kms.katalon.core.mobile.keyword.builtin.VerifyElementTextKeyword.verifyElementText(VerifyElementTextKeyword.groovy:62)
	at com.kms.katalon.core.mobile.keyword.builtin.VerifyElementTextKeyword.execute(VerifyElementTextKeyword.groovy:39)
	at com.kms.katalon.core.keyword.internal.KeywordExecutor.executeKeywordForPlatform(KeywordExecutor.groovy:74)
	at com.kms.katalon.core.mobile.keyword.MobileBuiltInKeywords.verifyElementText(MobileBuiltInKeywords.groovy:2901)
	at com.kms.katalon.core.mobile.keyword.MobileBuiltInKeywords$verifyElementText$3.call(Unknown Source)
	at TC_Register_12.run(TC_Register_12:55)
	at com.kms.katalon.core.main.ScriptEngine.run(ScriptEngine.java:194)
	at com.kms.katalon.core.main.ScriptEngine.runScriptAsRawText(ScriptEngine.java:119)
	at com.kms.katalon.core.main.TestCaseExecutor.runScript(TestCaseExecutor.java:445)
	at com.kms.katalon.core.main.TestCaseExecutor.doExecute(TestCaseExecutor.java:436)
	at com.kms.katalon.core.main.TestCaseExecutor.processExecutionPhase(TestCaseExecutor.java:415)
	at com.kms.katalon.core.main.TestCaseExecutor.accessMainPhase(TestCaseExecutor.java:407)
	at com.kms.katalon.core.main.TestCaseExecutor.execute(TestCaseExecutor.java:284)
	at com.kms.katalon.core.common.CommonExecutor.accessTestCaseMainPhase(CommonExecutor.java:65)
	at com.kms.katalon.core.main.TestSuiteExecutor.accessTestSuiteMainPhase(TestSuiteExecutor.java:144)
	at com.kms.katalon.core.main.TestSuiteExecutor.execute(TestSuiteExecutor.java:106)
	at com.kms.katalon.core.main.TestCaseMain.startTestSuite(TestCaseMain.java:185)
	at com.kms.katalon.core.main.TestCaseMain$startTestSuite$0.call(Unknown Source)
	at TempTestSuite1671600116004.run(TempTestSuite1671600116004.groovy:36)]]></system-err>
   </testsuite>
</testsuites>
